j: 0
i: 0
r: [1, 0, 1, 1, 0, 0, 1, 1, 1, 0]
token: 628
j: 1
i: 0
r: [0, 0, 0, 0, 1, 1, 1, 0, 1, 1]
token: 198
j: 2
i: 0
r: [1, 1, 0, 0, 0, 0, 1, 1, 1, 0]
token: 3791
j: 3
i: 0
r: [0, 0, 0, 1, 1, 0, 1, 0, 1, 0]
token: 9220
j: 4
i: 0
r: [0, 1, 0, 1, 0, 1, 0, 1, 1, 0]
token: 18980
j: 5
i: 0
r: [0, 1, 1, 1, 0, 1, 1, 1, 0, 0]
token: 25
j: 6
i: 0
r: [1, 0, 1, 1, 0, 0, 1, 0, 1, 1]
token: 20444
j: 7
i: 0
r: [1, 1, 0, 0, 1, 1, 1, 1, 0, 0]
token: 1581
j: 8
i: 0
r: [0, 0, 1, 1, 0, 0, 1, 1, 1, 0]
token: 11177
j: 9
i: 0
r: [1, 1, 0, 1, 1, 1, 1, 1, 1, 1]
token: 9947
j: 10
i: 0
r: [0, 0, 0, 1, 0, 0, 1, 1, 1, 0]
token: 17662
j: 11
i: 0
r: [1, 1, 0, 0, 1, 1, 0, 0, 1, 1]
token: 290
j: 12
i: 0
r: [0, 1, 0, 0, 0, 0, 0, 0, 0, 1]
token: 46698
j: 13
i: 0
r: [1, 0, 1, 1, 1, 0, 1, 0, 0, 0]
token: 0
j: 14
i: 0
r: [0, 1, 1, 0, 0, 1, 1, 0, 0, 0]
token: 3791
j: 15
i: 0
r: [1, 1, 1, 0, 1, 0, 0, 0, 0, 0]
token: 9220
j: 16
i: 0
r: [0, 1, 1, 1, 0, 1, 1, 1, 1, 1]
token: 18980
j: 17
i: 0
r: [0, 0, 1, 1, 1, 1, 1, 0, 1, 1]
token: 25
j: 18
i: 0
r: [0, 0, 1, 0, 0, 1, 0, 0, 0, 0]
token: 1002
j: 19
i: 0
r: [1, 0, 0, 0, 0, 0, 0, 1, 1, 0]
token: 428
j: 20
i: 0
r: [1, 1, 1, 0, 1, 1, 0, 1, 0, 0]
token: 2071
j: 21
i: 0
r: [0, 0, 0, 1, 0, 1, 0, 1, 1, 0]
token: 318
j: 22
i: 0
r: [0, 0, 0, 0, 0, 0, 1, 1, 1, 1]
token: 407
j: 23
i: 0
r: [0, 0, 1, 1, 1, 1, 1, 0, 1, 1]
token: 1762
j: 24
i: 0
r: [1, 0, 1, 0, 1, 0, 0, 1, 1, 0]
token: 355
j: 25
i: 0
r: [0, 1, 0, 1, 0, 0, 1, 0, 0, 0]
token: 2938
j: 26
i: 0
r: [1, 0, 1, 1, 0, 1, 1, 1, 0, 0]
token: 3989
j: 27
i: 0
r: [1, 1, 1, 0, 1, 0, 0, 0, 0, 1]
token: 12784
j: 28
i: 0
r: [1, 0, 1, 0, 0, 1, 1, 1, 0, 0]
token: 389
j: 29
i: 0
r: [1, 0, 1, 1, 0, 1, 1, 1, 0, 1]
token: 3402
j: 30
i: 0
r: [1, 1, 1, 0, 1, 1, 0, 1, 1, 1]
token: 287
j: 31
i: 0
r: [0, 1, 1, 0, 1, 0, 1, 1, 0, 1]
token: 262
j: 32
i: 0
r: [0, 1, 1, 1, 0, 1, 1, 1, 0, 0]
token: 14069
j: 33
i: 0
r: [0, 1, 0, 1, 1, 0, 1, 1, 1, 1]
token: 5794
j: 34
i: 0
r: [1, 1, 0, 0, 1, 1, 0, 1, 0, 0]
token: 9220
j: 35
i: 0
r: [1, 0, 0, 0, 1, 0, 1, 1, 0, 1]
token: 5376
j: 36
i: 0
r: [1, 0, 0, 1, 0, 1, 1, 1, 0, 0]
token: 25
j: 37
i: 0
r: [0, 0, 1, 1, 0, 1, 0, 1, 0, 1]
token: 9759
j: 38
i: 0
r: [0, 1, 0, 0, 1, 1, 1, 0, 0, 0]
token: 284
j: 39
i: 0
r: [0, 0, 0, 1, 1, 0, 0, 1, 0, 1]
token: 281
j: 40
i: 0
r: [0, 1, 0, 1, 0, 1, 1, 0, 0, 0]
token: 5072
j: 41
i: 0
r: [1, 0, 0, 0, 0, 0, 1, 0, 1, 0]
token: 2393
j: 42
i: 0
r: [0, 1, 1, 0, 0, 1, 1, 1, 0, 0]
token: 37250
j: 43
i: 0
r: [1, 0, 1, 1, 0, 0, 1, 1, 1, 0]
token: 9630
j: 44
i: 0
r: [1, 1, 1, 1, 0, 0, 1, 1, 1, 1]
token: 13
j: 45
i: 0
r: [0, 1, 1, 0, 0, 0, 1, 0, 0, 1]
token: 14116
j: 46
i: 0
r: [1, 1, 1, 0, 1, 1, 0, 1, 1, 1]
token: 6
j: 47
i: 0
r: [1, 1, 0, 0, 0, 1, 0, 0, 1, 1]
token: 4357
j: 48
i: 0
r: [0, 0, 0, 1, 0, 1, 1, 1, 0, 1]
token: 32793
j: 49
i: 0
r: [1, 0, 0, 0, 0, 0, 1, 1, 1, 1]
token: 12522
j: 50
i: 0
r: [1, 0, 0, 0, 0, 0, 1, 0, 1, 1]
token: 284
j: 51
i: 0
r: [1, 1, 0, 0, 1, 0, 1, 0, 0, 0]
token: 262
j: 52
i: 0
r: [0, 1, 0, 1, 1, 1, 0, 1, 1, 0]
token: 705
j: 53
i: 0
r: [0, 0, 1, 0, 1, 0, 0, 0, 0, 0]
token: 9099
j: 54
i: 0
r: [0, 1, 0, 0, 1, 0, 0, 0, 1, 0]
token: 378
j: 55
i: 0
r: [0, 1, 1, 1, 1, 0, 1, 0, 1, 0]
token: 6
j: 56
i: 0
r: [0, 0, 0, 1, 1, 1, 0, 0, 0, 1]
token: 8062
j: 57
i: 0
r: [1, 1, 1, 1, 0, 0, 1, 1, 0, 1]
token: 24315
j: 58
i: 0
r: [0, 0, 1, 1, 0, 1, 1, 1, 0, 0]
token: 284
j: 59
i: 0
r: [0, 1, 0, 1, 0, 1, 1, 0, 0, 1]
token: 345
j: 60
i: 0
r: [1, 0, 0, 0, 0, 0, 0, 0, 0, 0]
token: 1909
j: 61
i: 0
r: [1, 0, 1, 0, 0, 1, 0, 1, 0, 0]
token: 13
j: 62
i: 0
r: [0, 1, 1, 0, 0, 0, 1, 1, 0, 0]
token: 50256
j: 63
i: 0
r: [1, 0, 1, 1, 0, 1, 1, 1, 1, 1]
token: 8035
j: 64
i: 0
r: [0, 1, 0, 0, 0, 0, 1, 0, 0, 1]
token: 54
j: 65
i: 0
r: [1, 0, 0, 0, 1, 0, 1, 1, 1, 0]
token: 14952
j: 66
i: 0
r: [0, 0, 0, 1, 0, 0, 0, 0, 0, 0]
token: 46767
j: 67
i: 0
r: [0, 1, 1, 1, 0, 1, 1, 1, 1, 0]
token: 287
j: 68
i: 0
r: [0, 0, 0, 0, 1, 0, 1, 0, 0, 0]
token: 10731
j: 69
i: 0
r: [0, 1, 1, 1, 1, 0, 1, 1, 0, 1]
token: 422
j: 70
i: 0
r: [1, 1, 0, 1, 0, 1, 1, 1, 0, 0]
token: 14440
j: 71
i: 0
r: [0, 1, 0, 0, 0, 1, 0, 1, 1, 0]
token: 9513
j: 72
i: 0
r: [1, 0, 1, 1, 1, 1, 0, 0, 0, 1]
token: 17217
j: 73
i: 0
r: [1, 1, 0, 1, 0, 1, 1, 0, 0, 0]
token: 13678
j: 74
i: 0
r: [0, 0, 1, 1, 1, 1, 1, 1, 1, 0]
token: 3739
j: 75
i: 0
r: [0, 1, 0, 1, 1, 1, 0, 0, 1, 0]
token: 743
j: 76
i: 0
r: [1, 1, 1, 0, 1, 0, 0, 1, 1, 1]
token: 783
j: 77
i: 0
r: [1, 1, 0, 0, 0, 1, 0, 1, 0, 0]
token: 651
j: 78
i: 0
r: [1, 1, 0, 0, 1, 0, 1, 0, 0, 0]
token: 281
j: 79
i: 0
r: [1, 0, 1, 1, 0, 0, 1, 0, 1, 1]
token: 12
j: 80
i: 0
r: [0, 1, 1, 1, 1, 1, 1, 1, 1, 0]
token: 847
j: 81
i: 0
r: [1, 0, 0, 1, 0, 1, 1, 1, 0, 0]
token: 1687
j: 82
i: 0
r: [0, 0, 1, 0, 0, 1, 1, 1, 1, 0]
token: 2005
j: 83
i: 0
r: [1, 0, 1, 1, 1, 1, 1, 0, 0, 0]
token: 198
j: 84
i: 0
r: [0, 0, 0, 0, 1, 0, 0, 0, 1, 1]
token: 198
j: 85
i: 0
r: [1, 0, 0, 1, 1, 0, 1, 0, 1, 1]
token: 17354
j: 86
i: 0
r: [1, 1, 1, 1, 0, 0, 1, 1, 0, 1]
token: 198
j: 87
i: 0
r: [0, 0, 1, 1, 0, 1, 1, 0, 1, 0]
token: 198
j: 88
i: 0
r: [1, 0, 0, 0, 0, 1, 0, 1, 0, 1]
token: 32
j: 89
i: 0
r: [0, 0, 1, 1, 0, 0, 1, 1, 1, 0]
token: 1271
j: 90
i: 0
r: [0, 0, 0, 0, 0, 1, 1, 0, 0, 1]
token: 286
j: 91
i: 0
r: [1, 0, 1, 1, 0, 0, 0, 0, 1, 1]
token: 4664
j: 92
i: 0
r: [1, 0, 1, 0, 1, 1, 1, 0, 1, 0]
token: 1866
j: 93
i: 0
r: [1, 0, 0, 1, 1, 0, 1, 0, 0, 0]
token: 286
j: 94
i: 0
r: [1, 0, 1, 1, 1, 0, 1, 1, 1, 1]
token: 262
j: 95
i: 0
r: [1, 0, 0, 1, 0, 0, 1, 1, 1, 0]
token: 2097
j: 96
i: 0
r: [1, 1, 1, 1, 0, 1, 0, 0, 0, 1]
token: 286
j: 97
i: 0
r: [0, 1, 1, 0, 0, 1, 0, 1, 1, 0]
token: 17132
j: 98
i: 0
r: [1, 0, 0, 0, 0, 1, 0, 0, 0, 0]
token: 423
j: 99
i: 0
r: [1, 1, 0, 0, 0, 0, 1, 0, 0, 1]
token: 2722
j: 100
i: 0
r: [0, 0, 0, 1, 1, 1, 0, 0, 0, 0]
token: 3176
j: 101
i: 0
r: [0, 0, 0, 0, 0, 1, 1, 1, 0, 0]
token: 4034
j: 102
i: 0
r: [0, 0, 1, 1, 0, 1, 1, 1, 1, 0]
token: 2884
j: 103
i: 0
r: [0, 0, 0, 1, 0, 0, 0, 1, 1, 0]
token: 262
j: 104
i: 0
r: [1, 1, 1, 1, 1, 0, 0, 0, 1, 0]
token: 2717
j: 105
i: 0
r: [1, 0, 0, 0, 1, 1, 0, 1, 0, 0]
token: 1687
j: 106
i: 0
r: [1, 0, 1, 0, 1, 0, 1, 1, 0, 1]
token: 4086
j: 107
i: 0
r: [1, 1, 0, 0, 0, 0, 0, 0, 1, 0]
token: 11
j: 108
i: 0
r: [0, 0, 0, 1, 1, 1, 0, 0, 1, 0]
token: 11581
j: 109
i: 0
r: [0, 0, 0, 1, 1, 0, 1, 1, 1, 0]
token: 262
j: 110
i: 0
r: [1, 0, 0, 1, 0, 1, 1, 1, 0, 0]
token: 36351
j: 111
i: 0
r: [1, 0, 0, 1, 0, 0, 0, 1, 1, 1]
token: 1687
j: 112
i: 0
r: [0, 0, 0, 1, 0, 0, 1, 1, 0, 1]
token: 284
j: 113
i: 0
r: [1, 0, 0, 0, 1, 0, 0, 1, 1, 0]
token: 2291
j: 114
i: 0
r: [0, 0, 0, 0, 1, 0, 0, 1, 0, 1]
token: 3544
j: 115
i: 0
r: [0, 1, 0, 1, 0, 1, 0, 0, 1, 0]
token: 588
j: 116
i: 0
r: [0, 1, 1, 0, 1, 1, 0, 1, 0, 0]
token: 7067
j: 117
i: 0
r: [1, 0, 1, 1, 1, 0, 1, 0, 1, 0]
token: 34139
j: 118
i: 0
r: [0, 0, 1, 1, 1, 0, 1, 0, 1, 1]
token: 11
j: 119
i: 0
r: [1, 0, 0, 1, 0, 1, 1, 0, 1, 1]
token: 638
j: 120
i: 0
r: [1, 1, 1, 0, 0, 0, 0, 1, 0, 0]
token: 624
j: 121
i: 0
r: [0, 0, 1, 0, 1, 1, 0, 1, 1, 0]
token: 15418
j: 122
i: 0
r: [0, 1, 0, 1, 0, 1, 0, 0, 0, 0]
token: 4595
j: 123
i: 0
r: [1, 1, 1, 0, 0, 0, 0, 0, 1, 0]
token: 11
j: 124
i: 0
r: [0, 1, 1, 0, 1, 1, 1, 1, 1, 0]
token: 16930
j: 125
i: 0
r: [0, 0, 1, 0, 1, 0, 1, 1, 1, 0]
token: 290
j: 126
i: 0
r: [0, 0, 0, 1, 1, 1, 1, 0, 1, 0]
token: 12724
j: 127
i: 0
r: [0, 1, 1, 0, 0, 1, 0, 1, 0, 1]
token: 25
j: 128
i: 0
r: [0, 0, 1, 0, 0, 0, 1, 0, 1, 0]
token: 198
j: 129
i: 0
r: [0, 0, 0, 1, 0, 0, 1, 0, 1, 0]
token: 198
j: 130
i: 0
r: [0, 1, 1, 1, 1, 0, 1, 1, 1, 0]
token: 3791
j: 131
i: 0
r: [0, 1, 1, 0, 1, 0, 0, 1, 1, 0]
token: 306
j: 132
i: 0
r: [1, 0, 0, 1, 1, 0, 1, 0, 1, 0]
token: 9899
j: 133
i: 0
r: [0, 0, 0, 1, 0, 0, 1, 0, 0, 1]
token: 3215
j: 134
i: 0
r: [0, 0, 1, 0, 1, 0, 1, 0, 0, 0]
token: 9674
j: 135
i: 0
r: [1, 1, 1, 1, 1, 0, 0, 1, 0, 0]
token: 290
j: 136
i: 0
r: [1, 1, 0, 1, 0, 1, 0, 1, 0, 0]
token: 3292
j: 137
i: 0
r: [1, 1, 0, 0, 1, 1, 1, 0, 0, 1]
token: 6523
j: 138
i: 0
r: [0, 0, 1, 0, 1, 1, 1, 1, 1, 0]
token: 20002
j: 139
i: 0
r: [0, 0, 0, 1, 1, 1, 0, 0, 1, 0]
token: 10918
j: 140
i: 0
r: [1, 0, 0, 1, 1, 1, 1, 1, 1, 0]
token: 286
j: 141
i: 0
r: [1, 1, 0, 1, 0, 1, 1, 1, 1, 1]
token: 21105
j: 142
i: 0
r: [0, 0, 1, 0, 0, 0, 1, 0, 0, 1]
token: 1392
j: 143
i: 0
r: [0, 1, 1, 1, 0, 0, 1, 0, 1, 1]
token: 720
j: 144
i: 0
r: [1, 0, 0, 0, 1, 1, 1, 0, 0, 1]
token: 9879
j: 145
i: 0
r: [1, 0, 1, 1, 0, 0, 1, 0, 0, 0]
token: 8063
j: 146
i: 0
r: [0, 0, 1, 1, 1, 0, 0, 0, 1, 0]
token: 276
j: 147
i: 0
r: [1, 1, 1, 0, 0, 1, 1, 0, 0, 1]
token: 284
j: 148
i: 0
r: [0, 0, 1, 0, 0, 0, 0, 0, 0, 0]
token: 465
j: 149
i: 0
r: [1, 1, 1, 1, 1, 0, 0, 1, 1, 1]
token: 18632
j: 150
i: 0
r: [0, 1, 0, 0, 1, 1, 1, 1, 0, 1]
token: 33330
j: 151
i: 0
r: [1, 0, 0, 0, 0, 1, 1, 1, 0, 1]
token: 959
j: 152
i: 0
r: [0, 0, 0, 0, 1, 1, 0, 0, 0, 0]
token: 23879
j: 153
i: 0
r: [1, 1, 1, 1, 0, 1, 1, 1, 1, 1]
token: 3240
j: 154
i: 0
r: [1, 0, 1, 0, 1, 0, 0, 1, 1, 1]
token: 4803
j: 155
i: 0
r: [1, 0, 0, 1, 1, 0, 0, 1, 0, 0]
token: 416
j: 156
i: 0
r: [1, 0, 1, 0, 1, 1, 1, 1, 1, 0]
token: 262
j: 157
i: 0
r: [1, 1, 1, 0, 1, 0, 0, 1, 0, 1]
token: 6638
j: 158
i: 0
r: [0, 1, 1, 0, 0, 0, 1, 1, 0, 0]
token: 9241
j: 159
i: 0
r: [1, 1, 1, 0, 1, 0, 1, 1, 1, 0]
token: 341
j: 160
i: 0
r: [0, 1, 1, 0, 1, 0, 0, 0, 0, 1]
token: 4452
j: 161
i: 0
r: [0, 1, 0, 1, 1, 0, 1, 0, 0, 1]
token: 878
j: 162
i: 0
r: [0, 0, 1, 1, 1, 0, 0, 0, 1, 0]
token: 4505
j: 163
i: 0
r: [0, 1, 0, 0, 1, 0, 1, 1, 1, 0]
token: 338
j: 164
i: 0
r: [1, 1, 1, 0, 1, 0, 1, 1, 0, 0]
token: 3845
j: 165
i: 0
r: [0, 0, 1, 0, 1, 1, 1, 1, 1, 1]
token: 373
j: 166
i: 0
r: [0, 1, 0, 1, 0, 0, 0, 0, 1, 1]
token: 26306
j: 167
i: 0
r: [1, 1, 0, 0, 0, 0, 0, 1, 1, 1]
token: 1973
j: 168
i: 0
r: [1, 0, 1, 1, 0, 1, 1, 1, 1, 0]
token: 257
j: 169
i: 0
r: [0, 0, 0, 1, 0, 1, 1, 0, 0, 1]
token: 9068
j: 170
i: 0
r: [1, 0, 0, 1, 0, 1, 0, 0, 1, 1]
token: 6388
j: 171
i: 0
r: [1, 0, 0, 1, 1, 1, 0, 1, 0, 1]
token: 13
j: 172
i: 0
r: [1, 0, 0, 1, 1, 1, 0, 0, 1, 1]
token: 12691
j: 173
i: 0
r: [1, 1, 0, 1, 1, 0, 0, 1, 0, 1]
token: 28237
j: 174
i: 0
r: [1, 1, 0, 1, 0, 0, 1, 0, 1, 1]
token: 423
j: 175
i: 0
r: [0, 1, 1, 0, 0, 0, 1, 0, 1, 1]
token: 3017
j: 176
i: 0
r: [0, 1, 1, 0, 0, 0, 1, 0, 0, 0]
token: 6997
j: 177
i: 0
r: [1, 1, 1, 0, 1, 0, 1, 0, 0, 1]
token: 12981
j: 178
i: 0
r: [1, 0, 1, 0, 1, 0, 0, 0, 1, 1]
token: 446
j: 179
i: 0
r: [0, 1, 0, 1, 0, 1, 0, 0, 0, 1]
token: 338
j: 180
i: 0
r: [1, 0, 1, 1, 1, 1, 1, 0, 1, 0]
token: 6523
j: 181
i: 0
r: [0, 1, 1, 1, 1, 1, 0, 1, 1, 0]
token: 11
j: 182
i: 0
r: [1, 0, 0, 1, 0, 0, 0, 1, 0, 1]
token: 3851
j: 183
i: 0
r: [0, 1, 0, 0, 0, 0, 1, 0, 0, 1]
token: 27663
j: 184
i: 0
r: [1, 1, 0, 1, 1, 1, 0, 1, 1, 1]
token: 286
j: 185
i: 0
r: [0, 0, 1, 0, 1, 0, 0, 0, 1, 0]
token: 2688
j: 186
i: 0
r: [0, 0, 0, 0, 0, 1, 1, 1, 0, 0]
token: 24933
j: 187
i: 0
r: [0, 1, 1, 1, 1, 1, 0, 1, 0, 1]
token: 11
j: 188
i: 0
r: [0, 0, 1, 1, 1, 1, 1, 0, 1, 0]
token: 290
j: 189
i: 0
r: [0, 0, 1, 1, 1, 1, 1, 0, 1, 0]
token: 12155
j: 190
i: 0
r: [1, 1, 1, 1, 1, 0, 1, 0, 1, 1]
token: 48188
j: 191
i: 0
r: [1, 0, 0, 0, 1, 0, 0, 1, 0, 1]
token: 11
j: 192
i: 0
r: [1, 1, 0, 0, 1, 1, 1, 0, 1, 0]
token: 286
j: 193
i: 0
r: [0, 0, 0, 1, 1, 0, 0, 0, 1, 0]
token: 520
j: 194
i: 0
r: [1, 0, 0, 1, 1, 1, 0, 1, 0, 1]
token: 48158
j: 195
i: 0
r: [1, 1, 1, 0, 0, 0, 0, 0, 0, 1]
token: 13
j: 196
i: 0
r: [0, 0, 1, 1, 1, 1, 1, 1, 1, 1]
token: 198
j: 197
i: 0
r: [1, 0, 1, 1, 0, 1, 0, 0, 0, 1]
token: 198
j: 198
i: 0
r: [0, 1, 0, 0, 1, 0, 0, 0, 0, 0]
token: 3629
j: 199
i: 0
r: [0, 0, 1, 1, 1, 0, 1, 1, 1, 1]
token: 947
j: 200
i: 0
r: [1, 1, 0, 1, 1, 0, 1, 1, 1, 0]
token: 4904
j: 201
i: 0
r: [1, 0, 0, 1, 0, 0, 0, 1, 1, 0]
token: 12930
j: 202
i: 0
r: [0, 0, 1, 0, 0, 1, 1, 0, 0, 0]
token: 3873
j: 203
i: 0
r: [1, 1, 0, 1, 0, 0, 1, 1, 0, 0]
token: 1381
j: 204
i: 0
r: [0, 0, 0, 0, 0, 0, 0, 0, 1, 1]
token: 477
j: 205
i: 0
r: [1, 0, 1, 0, 1, 0, 0, 0, 0, 0]
token: 8401
j: 206
i: 0
r: [1, 0, 1, 1, 0, 1, 1, 0, 1, 1]
token: 284
j: 207
i: 0
r: [1, 0, 1, 0, 0, 0, 1, 1, 0, 0]
token: 257
j: 208
i: 0
r: [0, 0, 0, 0, 1, 0, 1, 0, 1, 0]
token: 1628
j: 209
i: 0
r: [0, 0, 0, 0, 0, 0, 0, 1, 0, 1]
token: 326
j: 210
i: 0
r: [1, 0, 0, 0, 0, 1, 1, 1, 0, 0]
token: 5300
j: 211
i: 0
r: [0, 0, 0, 0, 1, 0, 0, 0, 1, 0]
token: 31414
j: 212
i: 0
r: [1, 1, 0, 1, 0, 1, 0, 0, 1, 0]
token: 11811
j: 213
i: 0
r: [1, 1, 0, 0, 1, 0, 1, 0, 0, 0]
token: 13
j: 214
i: 0
r: [1, 0, 1, 1, 0, 0, 0, 0, 0, 1]
token: 383
j: 215
i: 0
r: [0, 0, 0, 0, 0, 0, 0, 0, 1, 1]
token: 42674
j: 216
i: 0
r: [1, 0, 0, 1, 1, 0, 0, 0, 1, 0]
token: 7927
j: 217
i: 0
r: [0, 1, 1, 0, 0, 0, 1, 1, 0, 1]
token: 12
j: 218
i: 0
r: [0, 1, 0, 0, 0, 0, 0, 1, 1, 0]
token: 22540
j: 219
i: 0
r: [0, 0, 0, 0, 0, 1, 0, 1, 0, 0]
token: 290
j: 220
i: 0
r: [1, 0, 0, 1, 1, 1, 1, 1, 1, 1]
token: 9604
j: 221
i: 0
r: [0, 0, 0, 0, 0, 1, 1, 1, 1, 0]
token: 5342
j: 222
i: 0
r: [1, 0, 0, 0, 0, 1, 1, 1, 1, 0]
token: 1392
j: 223
i: 0
r: [0, 1, 0, 0, 1, 0, 0, 1, 1, 0]
token: 5054
j: 224
i: 0
r: [0, 0, 1, 0, 0, 0, 0, 1, 1, 0]
token: 422
j: 225
i: 0
r: [1, 0, 1, 0, 1, 0, 0, 0, 1, 1]
token: 11292
j: 226
i: 0
r: [1, 0, 0, 1, 1, 0, 0, 0, 1, 0]
token: 284
j: 227
i: 0
r: [0, 1, 1, 1, 1, 1, 1, 1, 1, 0]
token: 5602
j: 228
i: 0
r: [1, 0, 1, 0, 1, 1, 1, 0, 0, 1]
token: 257
j: 229
i: 0
r: [1, 1, 0, 1, 1, 0, 0, 1, 1, 0]
token: 2119
j: 230
i: 0
r: [1, 1, 0, 1, 0, 0, 0, 1, 0, 1]
token: 2354
j: 231
i: 0
r: [1, 0, 0, 1, 0, 0, 1, 1, 0, 0]
token: 465
j: 232
i: 0
r: [1, 0, 1, 1, 1, 1, 0, 1, 0, 0]
token: 17521
j: 233
i: 0
r: [0, 0, 1, 0, 1, 1, 0, 0, 1, 1]
token: 2607
j: 234
i: 0
r: [0, 0, 1, 0, 1, 0, 0, 1, 1, 0]
token: 290
j: 235
i: 0
r: [1, 1, 0, 1, 1, 0, 1, 0, 1, 1]
token: 736
j: 236
i: 0
r: [1, 1, 0, 0, 0, 0, 0, 0, 0, 1]
token: 284
j: 237
i: 0
r: [1, 0, 0, 0, 1, 0, 1, 0, 0, 0]
token: 262
j: 238
i: 0
r: [1, 1, 0, 0, 0, 0, 1, 1, 0, 1]
token: 1181
j: 239
i: 0
r: [1, 1, 0, 0, 0, 0, 0, 1, 1, 1]
token: 287
j: 240
i: 0
r: [1, 0, 0, 1, 1, 1, 0, 0, 1, 0]
token: 1502
j: 241
i: 0
r: [0, 0, 0, 0, 1, 1, 0, 1, 1, 1]
token: 284
j: 242
i: 0
r: [0, 0, 1, 1, 0, 0, 1, 0, 0, 1]
token: 3002
j: 243
i: 0
r: [1, 0, 1, 0, 0, 1, 0, 0, 0, 0]
token: 262
j: 244
i: 0
r: [1, 1, 1, 0, 0, 0, 1, 0, 0, 0]
token: 1575
j: 245
i: 0
r: [1, 0, 0, 0, 0, 1, 1, 0, 0, 0]
token: 286
j: 246
i: 0
r: [0, 1, 1, 0, 0, 1, 0, 1, 1, 1]
token: 281
j: 247
i: 0
r: [0, 1, 1, 0, 0, 1, 1, 1, 0, 0]
token: 5726
j: 248
i: 0
r: [1, 1, 0, 0, 0, 1, 1, 0, 0, 0]
token: 10988
j: 249
i: 0
r: [0, 1, 0, 0, 1, 1, 0, 1, 1, 1]
token: 1626
j: 250
i: 0
r: [1, 0, 0, 1, 0, 0, 0, 1, 1, 1]
token: 465
j: 251
i: 0
r: [1, 1, 1, 0, 1, 0, 0, 0, 1, 1]
token: 23879
j: 252
i: 0
r: [1, 1, 1, 0, 1, 0, 1, 0, 1, 0]
token: 13
j: 253
i: 0
r: [1, 1, 0, 0, 1, 0, 1, 1, 0, 0]
token: 29496
j: 254
i: 0
r: [1, 0, 1, 0, 0, 1, 0, 1, 1, 0]
token: 44259
j: 255
i: 0
r: [0, 1, 0, 0, 1, 1, 0, 0, 1, 0]
token: 11
j: 256
i: 0
r: [0, 1, 1, 1, 0, 1, 1, 0, 1, 0]
token: 262
j: 257
i: 0
r: [1, 0, 0, 1, 1, 0, 0, 0, 0, 1]
token: 21181
j: 258
i: 0
r: [0, 0, 0, 0, 1, 1, 1, 0, 1, 1]
token: 2831
j: 259
i: 0
r: [1, 1, 1, 0, 1, 1, 0, 1, 0, 1]
token: 12534
j: 260
i: 0
r: [1, 0, 1, 1, 0, 1, 1, 0, 0, 1]
token: 23407
j: 261
i: 0
r: [1, 1, 0, 0, 1, 0, 0, 1, 1, 0]
token: 284
j: 262
i: 0
r: [1, 0, 1, 1, 0, 0, 0, 0, 1, 1]
token: 1770
j: 263
i: 0
r: [0, 0, 1, 0, 1, 0, 1, 1, 0, 1]
token: 3873
j: 264
i: 0
r: [1, 0, 1, 1, 0, 0, 1, 1, 0, 0]
token: 1381
j: 265
i: 0
r: [0, 0, 1, 1, 0, 1, 1, 0, 1, 0]
token: 6416
j: 266
i: 0
r: [0, 0, 1, 1, 0, 1, 1, 1, 1, 1]
token: 23015
j: 267
i: 0
r: [1, 0, 1, 1, 1, 0, 1, 0, 0, 1]
token: 29899
j: 268
i: 0
r: [1, 0, 0, 0, 1, 1, 0, 0, 1, 0]
token: 11
j: 269
i: 0
r: [1, 0, 0, 0, 1, 0, 1, 1, 0, 1]
token: 1392
j: 270
i: 0
r: [1, 0, 0, 1, 0, 1, 1, 0, 1, 1]
token: 881
j: 271
i: 0
r: [0, 0, 1, 1, 0, 1, 0, 0, 1, 1]
token: 286
j: 272
i: 0
r: [0, 1, 0, 0, 0, 1, 1, 1, 1, 1]
token: 465
j: 273
i: 0
r: [0, 1, 0, 1, 1, 0, 1, 0, 1, 0]
token: 3739
j: 274
i: 0
r: [0, 0, 0, 0, 1, 0, 1, 1, 0, 0]
token: 832
j: 275
i: 0
r: [0, 0, 1, 0, 1, 1, 0, 0, 1, 1]
token: 5584
j: 276
i: 0
r: [1, 1, 0, 0, 1, 1, 0, 1, 0, 1]
token: 2489
j: 277
i: 0
r: [0, 0, 0, 1, 1, 0, 1, 1, 0, 1]
token: 27572
j: 278
i: 0
r: [0, 1, 0, 1, 1, 1, 0, 1, 0, 0]
token: 339
j: 279
i: 0
r: [0, 0, 0, 0, 0, 0, 0, 0, 1, 0]
token: 40394
j: 280
i: 0
r: [1, 1, 1, 0, 1, 0, 1, 0, 0, 1]
token: 11
j: 281
i: 0
r: [0, 0, 1, 0, 0, 1, 0, 0, 0, 1]
token: 4632
j: 282
i: 0
r: [0, 1, 1, 1, 1, 0, 1, 0, 0, 0]
token: 287
j: 283
i: 0
r: [0, 0, 1, 0, 1, 1, 0, 1, 1, 1]
token: 46896
j: 284
i: 0
r: [0, 0, 1, 0, 0, 0, 0, 0, 1, 1]
token: 11
j: 285
i: 0
r: [1, 0, 0, 0, 0, 0, 0, 1, 1, 1]
token: 2520
j: 286
i: 0
r: [0, 1, 1, 1, 0, 1, 0, 1, 1, 0]
token: 4505
j: 287
i: 0
r: [1, 0, 1, 0, 0, 1, 0, 1, 0, 0]
token: 290
j: 288
i: 0
r: [1, 1, 1, 1, 0, 1, 0, 0, 1, 0]
token: 1869
j: 289
i: 0
r: [1, 1, 0, 1, 0, 0, 0, 1, 0, 1]
token: 306
j: 290
i: 0
r: [1, 1, 1, 1, 1, 0, 1, 0, 0, 0]
token: 13
j: 291
i: 0
r: [1, 0, 0, 0, 1, 0, 0, 1, 1, 1]
token: 1770
j: 292
i: 0
r: [1, 0, 1, 0, 0, 1, 1, 1, 0, 0]
token: 3873
j: 293
i: 0
r: [1, 0, 0, 0, 0, 0, 1, 1, 1, 1]
token: 1381
j: 294
i: 0
r: [0, 1, 0, 1, 1, 0, 0, 0, 1, 0]
token: 5952
j: 295
i: 0
r: [0, 0, 1, 0, 0, 1, 1, 0, 1, 0]
token: 29696
j: 296
i: 0
r: [1, 0, 1, 0, 0, 1, 0, 1, 1, 0]
token: 2254
j: 297
i: 0
r: [1, 0, 1, 0, 1, 0, 1, 1, 1, 1]
token: 6119
j: 298
i: 0
r: [0, 1, 0, 1, 0, 1, 1, 1, 1, 0]
token: 351
j: 299
i: 0
r: [0, 1, 0, 0, 0, 1, 0, 0, 0, 1]
token: 1966
