j: 0
i: 0
r: [1, 0, 1, 1, 0, 0, 1, 1, 1, 0]
token: Opp
j: 1
i: 0
r: [0, 1, 1, 1, 1, 1, 0, 1, 1, 0]
token: ortun
j: 2
i: 0
r: [1, 0, 1, 1, 1, 0, 1, 1, 1, 0]
token: ities
j: 3
i: 0
r: [1, 0, 1, 0, 1, 1, 1, 1, 0, 0]
token:  abound
j: 4
i: 0
r: [1, 0, 1, 0, 1, 0, 1, 0, 0, 1]
token: !
j: 5
i: 0
r: [1, 1, 0, 0, 0, 1, 0, 1, 1, 1]
token: Thursday
j: 6
i: 0
r: [1, 0, 1, 1, 1, 0, 0, 0, 0, 1]
token:  will
j: 7
i: 0
r: [0, 0, 1, 1, 0, 1, 0, 1, 0, 1]
token:  be
j: 8
i: 0
r: [0, 1, 1, 0, 1, 0, 0, 1, 1, 0]
token:  lad
j: 9
i: 0
r: [0, 1, 0, 1, 1, 1, 0, 1, 1, 0]
token: en
j: 10
i: 0
r: [0, 0, 0, 0, 0, 0, 0, 1, 1, 0]
token:  with
j: 11
i: 0
r: [1, 1, 1, 0, 1, 0, 0, 1, 1, 1]
token:  learning
j: 12
i: 0
r: [0, 1, 1, 1, 1, 0, 1, 1, 1, 0]
token:  opportunities
j: 13
i: 0
r: [1, 1, 0, 1, 0, 0, 0, 0, 1, 0]
token: !
j: 14
i: 0
r: [0, 1, 0, 0, 0, 0, 1, 1, 1, 1]
token:  As
j: 15
i: 0
r: [0, 1, 0, 1, 1, 0, 1, 1, 0, 0]
token:  a
j: 16
i: 0
r: [0, 1, 0, 1, 0, 0, 1, 0, 0, 1]
token:  teacher
j: 17
i: 0
r: [1, 0, 0, 0, 0, 1, 0, 1, 0, 1]
token:  you
j: 18
i: 0
r: [1, 1, 0, 1, 0, 1, 0, 1, 0, 0]
token: 'll
j: 19
i: 0
r: [0, 1, 1, 1, 0, 1, 1, 0, 0, 0]
token:  have
j: 20
i: 0
r: [0, 1, 1, 0, 0, 1, 1, 0, 1, 0]
token:  the
j: 21
i: 0
r: [0, 0, 1, 0, 0, 1, 1, 1, 0, 1]
token:  privilege
j: 22
i: 0
r: [0, 0, 1, 1, 1, 1, 1, 1, 0, 1]
token:  to
j: 23
i: 0
r: [1, 1, 0, 0, 1, 1, 1, 1, 1, 1]
token:  travel
j: 24
i: 0
r: [1, 0, 0, 0, 0, 0, 0, 0, 0, 1]
token:  with
j: 25
i: 0
r: [0, 1, 1, 1, 1, 0, 1, 0, 1, 0]
token:  educators
j: 26
i: 0
r: [0, 1, 0, 1, 1, 0, 0, 0, 1, 1]
token:  from
j: 27
i: 0
r: [1, 1, 1, 1, 0, 0, 1, 0, 0, 1]
token:  Alberta
j: 28
i: 0
r: [1, 0, 0, 1, 0, 0, 1, 0, 0, 1]
token: ,
j: 29
i: 0
r: [0, 0, 0, 0, 0, 0, 1, 0, 0, 1]
token:  Canada
j: 30
i: 0
r: [1, 0, 1, 0, 0, 1, 1, 0, 1, 1]
token: ,
j: 31
i: 0
r: [1, 1, 0, 0, 1, 1, 0, 0, 0, 1]
token:  where
j: 32
i: 0
r: [0, 0, 0, 0, 1, 0, 0, 0, 1, 1]
token:  Alberta
j: 33
i: 0
r: [0, 0, 0, 0, 0, 1, 0, 0, 1, 1]
token:  Sc
j: 34
i: 0
r: [1, 1, 0, 1, 0, 0, 1, 0, 0, 1]
token: enic
j: 35
i: 0
r: [1, 0, 0, 1, 0, 1, 0, 1, 1, 0]
token:  Bridges
j: 36
i: 0
r: [0, 1, 0, 0, 0, 1, 1, 0, 1, 0]
token:  is
j: 37
i: 0
r: [0, 0, 1, 1, 1, 0, 1, 0, 0, 0]
token:  built
j: 38
i: 0
r: [0, 1, 1, 0, 1, 1, 0, 1, 0, 1]
token:  and
j: 39
i: 0
r: [0, 0, 1, 1, 0, 1, 1, 0, 1, 1]
token:  County
j: 40
i: 0
r: [0, 0, 1, 0, 1, 1, 0, 0, 1, 0]
token:  Road
j: 41
i: 0
r: [1, 0, 0, 1, 1, 1, 0, 0, 1, 1]
token:  40
j: 42
i: 0
r: [0, 0, 0, 0, 1, 1, 1, 0, 0, 1]
token: 25
j: 43
i: 0
r: [1, 0, 0, 1, 1, 0, 0, 0, 0, 0]
token:  that
j: 44
i: 0
r: [0, 0, 0, 1, 0, 0, 0, 0, 1, 0]
token:  allows
j: 45
i: 0
r: [0, 0, 1, 0, 0, 0, 0, 0, 0, 1]
token:  you
j: 46
i: 0
r: [1, 1, 0, 1, 1, 1, 0, 1, 1, 1]
token:  great
j: 47
i: 0
r: [0, 0, 1, 1, 0, 1, 1, 0, 1, 1]
token:  views
j: 48
i: 0
r: [0, 0, 0, 0, 0, 0, 0, 0, 0, 0]
token:  of
j: 49
i: 0
r: [0, 1, 1, 1, 0, 1, 1, 1, 1, 1]
token:  the
j: 50
i: 0
r: [1, 1, 0, 0, 0, 0, 0, 1, 0, 0]
token:  Mac
j: 51
i: 0
r: [0, 1, 0, 1, 0, 1, 0, 1, 1, 0]
token: D
j: 52
i: 0
r: [0, 1, 0, 1, 0, 0, 1, 1, 0, 0]
token: ee
j: 53
i: 0
r: [0, 1, 1, 0, 1, 1, 1, 1, 0, 0]
token:  River
j: 54
i: 0
r: [1, 0, 1, 1, 0, 1, 1, 0, 1, 0]
token: .
j: 55
i: 0
r: [0, 0, 0, 1, 1, 1, 0, 1, 0, 0]
token:  Also
j: 56
i: 0
r: [1, 1, 1, 1, 1, 0, 0, 0, 0, 0]
token: ,
j: 57
i: 0
r: [0, 0, 0, 0, 1, 0, 0, 1, 1, 1]
token:  these
j: 58
i: 0
r: [1, 1, 0, 1, 0, 1, 0, 0, 0, 1]
token:  are
j: 59
i: 0
r: [1, 0, 0, 0, 0, 1, 0, 0, 1, 1]
token:  the
j: 60
i: 0
r: [1, 0, 0, 1, 0, 0, 1, 1, 0, 1]
token:  hottest
j: 61
i: 0
r: [1, 0, 0, 1, 1, 0, 0, 1, 0, 0]
token:  weekends
j: 62
i: 0
r: [0, 1, 0, 0, 0, 1, 1, 0, 1, 1]
token: :
j: 63
i: 0
r: [1, 0, 0, 0, 1, 0, 0, 0, 1, 1]
token: Friday
j: 64
i: 0
r: [0, 0, 1, 0, 0, 0, 1, 0, 1, 0]
token:  at
j: 65
i: 0
r: [1, 0, 1, 0, 0, 1, 0, 1, 0, 0]
token:  2
j: 66
i: 0
r: [1, 0, 1, 0, 1, 0, 1, 1, 1, 0]
token: :
j: 67
i: 0
r: [1, 1, 1, 1, 0, 0, 0, 0, 1, 0]
token: 30
j: 68
i: 0
r: [0, 1, 1, 0, 0, 0, 1, 1, 0, 1]
token: PM
j: 69
i: 0
r: [0, 0, 1, 0, 1, 0, 0, 1, 0, 1]
token: ,
j: 70
i: 0
r: [0, 0, 1, 0, 1, 1, 0, 0, 0, 1]
token: catch
j: 71
i: 0
r: [1, 0, 0, 1, 0, 1, 0, 0, 0, 1]
token:  some
j: 72
i: 0
r: [1, 0, 0, 0, 1, 0, 0, 0, 1, 0]
token:  of
j: 73
i: 0
r: [0, 1, 1, 1, 0, 1, 1, 0, 0, 0]
token:  Edmonton
j: 74
i: 0
r: [1, 0, 1, 1, 0, 1, 1, 0, 0, 0]
token: 's
j: 75
i: 0
r: [0, 1, 1, 1, 1, 1, 1, 1, 0, 0]
token:  premier
j: 76
i: 0
r: [0, 1, 0, 1, 0, 0, 1, 0, 1, 1]
token:  events
j: 77
i: 0
r: [1, 0, 0, 0, 0, 0, 1, 0, 1, 0]
token: including
j: 78
i: 0
r: [1, 0, 0, 0, 0, 1, 1, 0, 1, 0]
token:  Mu
j: 79
i: 0
r: [1, 0, 1, 0, 0, 1, 1, 0, 1, 0]
token: ir
j: 80
i: 0
r: [1, 1, 1, 1, 1, 1, 0, 1, 1, 1]
token:  Park
j: 81
i: 0
r: [0, 1, 0, 1, 0, 0, 0, 1, 1, 1]
token:  scores
j: 82
i: 0
r: [0, 1, 1, 0, 0, 1, 0, 1, 0, 1]
token:  games
j: 83
i: 0
r: [1, 0, 1, 0, 1, 1, 0, 0, 1, 1]
token:  this
j: 84
i: 0
r: [0, 1, 1, 1, 1, 1, 1, 1, 0, 1]
token:  weekend
j: 85
i: 0
r: [0, 1, 1, 1, 0, 0, 0, 1, 1, 0]
token: 's
j: 86
i: 0
r: [1, 1, 0, 1, 0, 1, 1, 0, 1, 0]
token:  walk
j: 87
i: 0
r: [0, 0, 1, 1, 0, 0, 1, 0, 0, 1]
token: away
j: 88
i: 0
r: [0, 1, 0, 1, 0, 0, 1, 1, 1, 1]
token:  night
j: 89
i: 0
r: [0, 0, 0, 0, 1, 0, 0, 1, 1, 1]
token:  at
j: 90
i: 0
r: [1, 0, 0, 1, 0, 1, 1, 1, 1, 1]
token:  EV
j: 91
i: 0
r: [1, 1, 0, 0, 1, 0, 0, 0, 1, 1]
token: AC
j: 92
i: 0
r: [1, 1, 1, 1, 1, 0, 0, 0, 0, 0]
token: R
j: 93
i: 0
r: [0, 1, 0, 1, 0, 0, 0, 0, 0, 1]
token: AV
j: 94
i: 0
r: [1, 1, 1, 0, 0, 0, 1, 0, 1, 0]
token: IDE
j: 95
i: 0
r: [0, 1, 1, 0, 1, 1, 1, 0, 1, 1]
token: .)
j: 96
i: 0
r: [0, 0, 0, 0, 0, 1, 0, 0, 1, 1]
token: <|endoftext|>
j: 97
i: 0
r: [1, 1, 1, 0, 0, 1, 0, 1, 0, 0]
token: Calif
j: 98
i: 0
r: [1, 1, 0, 0, 1, 1, 1, 0, 0, 0]
token: orn
j: 99
i: 0
r: [0, 0, 1, 0, 0, 1, 0, 0, 1, 0]
token: ian
j: 100
i: 0
r: [1, 0, 0, 1, 1, 1, 0, 1, 0, 1]
token:  Bas
j: 101
i: 0
r: [0, 0, 1, 0, 1, 0, 0, 1, 1, 0]
token: com
j: 102
i: 0
r: [1, 1, 1, 1, 0, 1, 1, 0, 0, 0]
token:  Hawkins
j: 103
i: 0
r: [0, 0, 1, 0, 1, 0, 0, 0, 0, 1]
token:  stands
j: 104
i: 0
r: [0, 0, 1, 0, 0, 0, 0, 0, 0, 1]
token:  next
j: 105
i: 0
r: [0, 1, 0, 0, 0, 0, 1, 0, 0, 0]
token:  to
j: 106
i: 0
r: [1, 1, 1, 1, 0, 0, 1, 0, 0, 1]
token:  credit
j: 107
i: 0
r: [0, 1, 1, 1, 0, 0, 1, 0, 1, 0]
token:  card
j: 108
i: 0
r: [0, 0, 1, 0, 1, 1, 0, 0, 0, 1]
token:  advertisements
j: 109
i: 0
r: [1, 0, 0, 0, 1, 0, 1, 1, 1, 1]
token:  on
j: 110
i: 0
r: [0, 1, 0, 1, 1, 1, 1, 1, 0, 1]
token:  his
j: 111
i: 0
r: [1, 1, 1, 0, 0, 0, 0, 0, 0, 0]
token:  phone
j: 112
i: 0
r: [1, 0, 0, 0, 0, 1, 1, 1, 0, 1]
token:  during
j: 113
i: 0
r: [0, 0, 0, 0, 0, 1, 1, 1, 0, 1]
token:  his
j: 114
i: 0
r: [0, 1, 1, 0, 0, 1, 1, 1, 0, 1]
token:  se
j: 115
i: 0
r: [1, 1, 0, 1, 1, 0, 0, 1, 1, 1]
token: asc
j: 116
i: 0
r: [1, 0, 1, 0, 1, 0, 1, 1, 1, 0]
token: ape
j: 117
i: 0
r: [0, 0, 1, 1, 0, 0, 0, 1, 0, 1]
token:  tour
j: 118
i: 0
r: [0, 1, 1, 0, 0, 1, 0, 1, 1, 1]
token:  of
j: 119
i: 0
r: [1, 1, 0, 0, 0, 1, 1, 0, 1, 1]
token:  the
j: 120
i: 0
r: [1, 1, 0, 0, 1, 0, 0, 1, 0, 0]
token:  mall
j: 121
i: 0
r: [1, 1, 1, 0, 1, 0, 0, 0, 0, 0]
token: .
j: 122
i: 0
r: [1, 1, 1, 0, 0, 1, 0, 0, 1, 0]
token:  Hawkins
j: 123
i: 0
r: [1, 1, 1, 1, 1, 0, 0, 0, 1, 0]
token:  represents
j: 124
i: 0
r: [1, 1, 0, 0, 0, 1, 1, 1, 1, 0]
token:  12
j: 125
i: 0
r: [0, 1, 1, 0, 0, 1, 1, 0, 1, 1]
token: ,
j: 126
i: 0
r: [1, 0, 0, 1, 0, 1, 1, 1, 1, 0]
token: 000
j: 127
i: 0
r: [1, 1, 1, 1, 1, 0, 0, 1, 0, 0]
token:  builders
j: 128
i: 0
r: [0, 0, 0, 0, 0, 1, 1, 0, 1, 0]
token:  who
j: 129
i: 0
r: [1, 0, 1, 1, 0, 0, 0, 0, 0, 1]
token:  recovered
j: 130
i: 0
r: [0, 1, 1, 0, 1, 1, 1, 1, 1, 0]
token:  as
j: 131
i: 0
r: [1, 0, 1, 0, 0, 0, 0, 1, 0, 1]
token:  many
j: 132
i: 0
r: [0, 1, 0, 1, 0, 0, 1, 1, 1, 0]
token:  as
j: 133
i: 0
r: [0, 1, 0, 0, 0, 0, 1, 0, 1, 1]
token:  $
j: 134
i: 0
r: [1, 0, 0, 0, 0, 1, 1, 1, 1, 1]
token: 1
j: 135
i: 0
r: [0, 0, 1, 1, 1, 1, 0, 1, 1, 1]
token:  billion
j: 136
i: 0
r: [1, 0, 0, 0, 1, 1, 1, 1, 1, 1]
token:  in
j: 137
i: 0
r: [1, 0, 1, 1, 1, 1, 0, 0, 1, 1]
token:  sub
j: 138
i: 0
r: [1, 1, 0, 0, 0, 0, 1, 1, 1, 0]
token: prime
j: 139
i: 0
r: [1, 1, 1, 1, 1, 1, 1, 1, 0, 1]
token:  mortgage
j: 140
i: 0
r: [0, 0, 0, 1, 0, 1, 0, 0, 0, 1]
token:  debt
j: 141
i: 0
r: [1, 0, 1, 0, 0, 0, 1, 1, 0, 1]
token:  that
j: 142
i: 0
r: [1, 0, 1, 0, 0, 0, 1, 1, 1, 0]
token:  is
j: 143
i: 0
r: [1, 0, 1, 1, 1, 1, 0, 0, 1, 1]
token:  owed
j: 144
i: 0
r: [0, 0, 1, 0, 1, 1, 1, 1, 0, 1]
token:  to
j: 145
i: 0
r: [1, 1, 0, 0, 1, 1, 0, 1, 1, 1]
token:  struggling
j: 146
i: 0
r: [1, 0, 0, 1, 1, 1, 1, 1, 1, 0]
token:  American
j: 147
i: 0
r: [0, 1, 1, 1, 1, 0, 0, 1, 1, 1]
token:  homeowners
j: 148
i: 0
r: [1, 1, 0, 1, 0, 0, 1, 0, 0, 0]
token:  in
j: 149
i: 0
r: [0, 0, 1, 1, 1, 0, 1, 1, 0, 0]
token:  foreclosure
j: 150
i: 0
r: [1, 1, 0, 1, 0, 0, 1, 1, 0, 0]
token:  from
j: 151
i: 0
r: [0, 0, 0, 0, 1, 0, 1, 0, 0, 1]
token:  the
j: 152
i: 0
r: [1, 0, 0, 0, 0, 1, 0, 0, 0, 1]
token:  financial
j: 153
i: 0
r: [0, 1, 1, 0, 1, 1, 1, 0, 1, 0]
token:  crisis
j: 154
i: 0
r: [1, 0, 0, 0, 1, 1, 1, 0, 0, 1]
token: .
j: 155
i: 0
r: [0, 1, 0, 1, 0, 1, 0, 1, 1, 0]
token:  In
j: 156
i: 0
r: [1, 0, 0, 1, 0, 0, 0, 0, 0, 1]
token:  the
j: 157
i: 0
r: [0, 1, 0, 0, 1, 1, 1, 0, 0, 0]
token:  past
j: 158
i: 0
r: [0, 1, 0, 1, 1, 1, 0, 0, 1, 1]
token:  year
j: 159
i: 0
r: [0, 0, 0, 0, 0, 0, 0, 0, 1, 0]
token:  alone
j: 160
i: 0
r: [1, 1, 1, 1, 1, 1, 0, 1, 1, 0]
token: ,
j: 161
i: 0
r: [1, 1, 1, 0, 1, 0, 0, 1, 1, 1]
token:  hundreds
j: 162
i: 0
r: [1, 1, 0, 0, 1, 0, 0, 0, 0, 0]
token:  of
j: 163
i: 0
r: [1, 0, 0, 1, 0, 0, 0, 1, 0, 1]
token:  lenders
j: 164
i: 0
r: [1, 1, 0, 0, 1, 0, 0, 1, 0, 1]
token:  have
j: 165
i: 0
r: [0, 0, 1, 1, 1, 1, 1, 1, 1, 1]
token:  taken
j: 166
i: 0
r: [1, 0, 1, 1, 1, 1, 1, 1, 0, 0]
token:  steps
j: 167
i: 0
r: [0, 0, 1, 1, 0, 0, 0, 1, 1, 0]
token:  to
j: 168
i: 0
r: [1, 0, 0, 1, 1, 0, 0, 1, 0, 0]
token:  borrow
j: 169
i: 0
r: [0, 0, 1, 0, 1, 0, 0, 0, 0, 0]
token:  once
j: 170
i: 0
r: [1, 1, 1, 0, 1, 0, 1, 0, 0, 1]
token:  again
j: 171
i: 0
r: [1, 0, 0, 0, 0, 1, 1, 1, 1, 0]
token:  to
j: 172
i: 0
r: [1, 0, 1, 1, 1, 1, 0, 0, 1, 1]
token:  assist
j: 173
i: 0
r: [0, 1, 0, 1, 1, 0, 1, 1, 0, 0]
token:  people
j: 174
i: 0
r: [1, 0, 1, 0, 1, 1, 0, 0, 0, 0]
token:  who
j: 175
i: 0
r: [1, 0, 1, 0, 1, 0, 1, 0, 0, 1]
token:  went
j: 176
i: 0
r: [1, 1, 1, 1, 0, 1, 0, 0, 1, 0]
token:  underwater
j: 177
i: 0
r: [0, 1, 1, 0, 0, 0, 0, 1, 1, 1]
token:  in
j: 178
i: 0
r: [0, 1, 1, 1, 0, 1, 1, 0, 0, 1]
token:  the
j: 179
i: 0
r: [1, 0, 0, 1, 0, 1, 0, 1, 1, 0]
token:  financial
j: 180
i: 0
r: [0, 0, 1, 0, 1, 0, 0, 1, 1, 1]
token:  crisis
j: 181
i: 0
r: [1, 0, 1, 0, 0, 0, 1, 0, 1, 0]
token: ,
j: 182
i: 0
r: [0, 0, 0, 1, 1, 1, 0, 1, 0, 0]
token:  with
j: 183
i: 0
r: [1, 1, 0, 1, 1, 1, 0, 1, 0, 1]
token:  those
j: 184
i: 0
r: [1, 0, 1, 1, 0, 1, 1, 1, 0, 0]
token:  who
j: 185
i: 0
r: [1, 0, 1, 0, 1, 0, 1, 1, 0, 1]
token:  have
j: 186
i: 0
r: [0, 1, 1, 1, 0, 0, 0, 0, 0, 0]
token:  managed
j: 187
i: 0
r: [1, 1, 1, 1, 1, 1, 0, 1, 0, 1]
token:  to
j: 188
i: 0
r: [1, 0, 0, 0, 1, 1, 0, 1, 0, 0]
token:  come
j: 189
i: 0
r: [0, 1, 0, 0, 0, 0, 0, 0, 1, 0]
token:  out
j: 190
i: 0
r: [0, 1, 0, 1, 1, 1, 0, 1, 0, 1]
token:  ahead
j: 191
i: 0
r: [1, 1, 0, 0, 0, 1, 0, 1, 1, 0]
token:  paying
j: 192
i: 0
r: [1, 0, 1, 1, 0, 0, 0, 1, 0, 1]
token:  a
j: 193
i: 0
r: [0, 0, 0, 1, 1, 0, 0, 1, 0, 0]
token:  significant
j: 194
i: 0
r: [1, 0, 1, 1, 0, 1, 1, 0, 0, 0]
token:  price
j: 195
i: 0
r: [0, 0, 1, 1, 1, 1, 1, 0, 1, 0]
token: .
j: 196
i: 0
r: [1, 0, 0, 1, 0, 0, 0, 0, 0, 0]
token: 

j: 197
i: 0
r: [0, 1, 1, 1, 0, 1, 1, 1, 0, 0]
token: 

j: 198
i: 0
r: [1, 1, 0, 0, 1, 0, 0, 1, 0, 0]
token: 

j: 199
i: 0
r: [1, 0, 0, 1, 0, 0, 0, 1, 0, 1]
token: The
j: 200
i: 0
r: [0, 1, 0, 0, 1, 1, 0, 0, 1, 0]
token:  UPS
j: 201
i: 0
r: [0, 1, 1, 0, 1, 1, 0, 0, 0, 0]
token:  Louisiana
j: 202
i: 0
r: [1, 0, 1, 0, 1, 1, 0, 1, 0, 0]
token:  contractor
j: 203
i: 0
r: [0, 1, 1, 1, 0, 1, 0, 1, 0, 0]
token:  is
j: 204
i: 0
r: [1, 0, 0, 0, 1, 0, 0, 1, 1, 0]
token:  trying
j: 205
i: 0
r: [1, 0, 0, 1, 0, 1, 0, 0, 1, 0]
token:  to
j: 206
i: 0
r: [0, 0, 1, 0, 1, 1, 1, 1, 1, 0]
token:  recover
j: 207
i: 0
r: [0, 1, 0, 0, 1, 0, 0, 0, 0, 1]
token:  $
j: 208
i: 0
r: [0, 1, 1, 0, 1, 1, 0, 0, 0, 0]
token: 30
j: 209
i: 0
r: [0, 0, 0, 0, 1, 1, 1, 0, 1, 1]
token:  million
j: 210
i: 0
r: [1, 0, 0, 0, 1, 1, 0, 1, 0, 0]
token:  last
j: 211
i: 0
r: [1, 1, 0, 0, 0, 1, 1, 0, 0, 1]
token:  month
j: 212
i: 0
r: [1, 0, 0, 0, 0, 0, 0, 0, 0, 0]
token:  from
j: 213
i: 0
r: [1, 0, 0, 0, 0, 0, 1, 1, 1, 1]
token:  its
j: 214
i: 0
r: [1, 0, 1, 0, 1, 0, 1, 1, 1, 0]
token:  customer
j: 215
i: 0
r: [1, 1, 1, 1, 1, 1, 1, 1, 1, 0]
token:  in
j: 216
i: 0
r: [0, 0, 1, 1, 0, 0, 0, 0, 0, 0]
token:  Shirley
j: 217
i: 0
r: [0, 1, 0, 1, 0, 1, 1, 0, 0, 0]
token:  Mitchell
j: 218
i: 0
r: [0, 1, 0, 0, 1, 1, 0, 0, 1, 1]
token: ,
j: 219
i: 0
r: [0, 1, 0, 1, 0, 0, 0, 1, 1, 0]
token:  respectively
j: 220
i: 0
r: [1, 1, 1, 0, 1, 0, 0, 0, 0, 1]
token: ,
j: 221
i: 0
r: [1, 1, 1, 0, 0, 0, 0, 1, 0, 1]
token:  Sab
j: 222
i: 0
r: [1, 1, 1, 1, 1, 1, 1, 0, 0, 0]
token: rina
j: 223
i: 0
r: [0, 1, 1, 0, 1, 0, 1, 0, 0, 1]
token:  Ch
j: 224
i: 0
r: [0, 0, 0, 0, 1, 1, 0, 1, 0, 0]
token: acon
j: 225
i: 0
r: [0, 1, 0, 1, 0, 0, 1, 1, 1, 0]
token:  and
j: 226
i: 0
r: [1, 0, 0, 0, 1, 1, 0, 1, 1, 1]
token:  Philip
j: 227
i: 0
r: [1, 1, 1, 0, 1, 1, 1, 1, 1, 1]
token:  Williams
j: 228
i: 0
r: [1, 1, 0, 0, 1, 0, 1, 0, 1, 0]
token: .
j: 229
i: 0
r: [0, 0, 1, 1, 0, 1, 0, 0, 1, 1]
token: 

j: 230
i: 0
r: [0, 0, 0, 0, 1, 1, 0, 0, 1, 0]
token: 

j: 231
i: 0
r: [0, 0, 1, 1, 1, 1, 0, 1, 1, 1]
token: 

j: 232
i: 0
r: [0, 0, 0, 0, 1, 1, 1, 1, 0, 1]
token: It
j: 233
i: 0
r: [1, 0, 1, 0, 1, 1, 0, 1, 1, 0]
token:  helped
j: 234
i: 0
r: [1, 0, 0, 1, 1, 0, 1, 0, 1, 0]
token:  Deb
j: 235
i: 0
r: [0, 0, 0, 1, 0, 1, 1, 0, 1, 0]
token: ra
j: 236
i: 0
r: [0, 0, 0, 1, 1, 0, 1, 0, 0, 0]
token:  McK
j: 237
i: 0
r: [0, 1, 0, 0, 1, 1, 1, 1, 1, 1]
token: iss
j: 238
i: 0
r: [1, 0, 1, 1, 0, 0, 0, 0, 0, 1]
token: ick
j: 239
i: 0
r: [0, 1, 1, 0, 0, 1, 0, 0, 1, 0]
token: ,
j: 240
i: 0
r: [0, 1, 0, 0, 0, 0, 1, 1, 1, 0]
token:  said
j: 241
i: 0
r: [1, 0, 0, 0, 0, 0, 0, 0, 1, 0]
token:  Christina
j: 242
i: 0
r: [1, 1, 0, 1, 0, 0, 1, 0, 1, 1]
token:  Le
j: 243
i: 0
r: [0, 0, 0, 0, 0, 1, 0, 1, 1, 0]
token: ber
j: 244
i: 0
r: [0, 0, 1, 1, 0, 1, 0, 0, 1, 0]
token: hu
j: 245
i: 0
r: [1, 0, 0, 1, 1, 1, 0, 1, 0, 1]
token: ber
j: 246
i: 0
r: [0, 0, 0, 0, 1, 0, 0, 1, 1, 1]
token: ,
j: 247
i: 0
r: [0, 0, 1, 1, 1, 0, 1, 0, 0, 0]
token:  retail
j: 248
i: 0
r: [1, 0, 1, 1, 1, 0, 0, 1, 1, 1]
token:  resource
j: 249
i: 0
r: [0, 1, 1, 0, 0, 1, 1, 0, 1, 0]
token:  manager
j: 250
i: 0
r: [1, 0, 0, 0, 0, 0, 1, 1, 1, 0]
token:  here
j: 251
i: 0
r: [0, 1, 0, 0, 0, 0, 0, 0, 1, 0]
token: .
j: 252
i: 0
r: [1, 0, 0, 1, 0, 1, 0, 1, 1, 0]
token:  "
j: 253
i: 0
r: [1, 1, 1, 0, 0, 0, 0, 0, 0, 1]
token: They
j: 254
i: 0
r: [1, 1, 1, 1, 0, 0, 1, 1, 0, 0]
token:  were
j: 255
i: 0
r: [1, 0, 0, 1, 1, 0, 1, 1, 1, 0]
token:  on
j: 256
i: 0
r: [1, 0, 0, 0, 1, 0, 0, 1, 1, 1]
token:  what
j: 257
i: 0
r: [1, 1, 1, 1, 1, 0, 0, 1, 0, 0]
token:  was
j: 258
i: 0
r: [1, 0, 0, 0, 0, 0, 1, 1, 1, 1]
token:  clearly
j: 259
i: 0
r: [1, 0, 0, 1, 0, 1, 1, 0, 0, 0]
token:  the
j: 260
i: 0
r: [0, 1, 0, 0, 1, 1, 0, 0, 1, 0]
token:  highest
j: 261
i: 0
r: [1, 0, 1, 1, 1, 0, 1, 0, 0, 1]
token:  medical
j: 262
i: 0
r: [1, 0, 1, 0, 0, 0, 1, 1, 1, 0]
token:  bill
j: 263
i: 0
r: [0, 0, 0, 0, 1, 0, 1, 1, 1, 1]
token: ,
j: 264
i: 0
r: [1, 1, 1, 0, 0, 1, 0, 1, 0, 0]
token:  having
j: 265
i: 0
r: [0, 0, 0, 1, 0, 1, 0, 1, 0, 1]
token:  three
j: 266
i: 0
r: [0, 1, 1, 0, 0, 1, 0, 1, 0, 0]
token:  children
j: 267
i: 0
r: [0, 1, 0, 1, 1, 1, 1, 1, 0, 0]
token:  but
j: 268
i: 0
r: [0, 1, 1, 1, 1, 0, 1, 1, 1, 1]
token:  retired
j: 269
i: 0
r: [0, 1, 1, 0, 1, 1, 0, 1, 0, 0]
token: ,
j: 270
i: 0
r: [0, 0, 0, 1, 0, 0, 0, 0, 0, 0]
token:  so
j: 271
i: 0
r: [1, 0, 0, 0, 1, 0, 1, 1, 0, 0]
token:  these
j: 272
i: 0
r: [1, 0, 1, 1, 1, 0, 0, 1, 0, 0]
token:  customer
j: 273
i: 0
r: [0, 1, 0, 0, 1, 0, 1, 0, 1, 1]
token:  retirees
j: 274
i: 0
r: [1, 0, 1, 0, 1, 0, 1, 1, 1, 0]
token:  probably
j: 275
i: 0
r: [1, 0, 1, 1, 0, 1, 1, 0, 0, 0]
token:  felt
j: 276
i: 0
r: [1, 0, 1, 0, 0, 1, 0, 0, 1, 1]
token:  that
j: 277
i: 0
r: [1, 0, 0, 1, 0, 0, 1, 1, 1, 1]
token:  there
j: 278
i: 0
r: [0, 1, 0, 1, 1, 0, 0, 1, 1, 1]
token:  was
j: 279
i: 0
r: [1, 0, 0, 1, 1, 0, 1, 0, 1, 0]
token:  no
j: 280
i: 0
r: [0, 1, 0, 0, 1, 1, 1, 0, 1, 0]
token:  choice
j: 281
i: 0
r: [1, 1, 0, 1, 0, 0, 1, 1, 0, 1]
token: ."
j: 282
i: 0
r: [1, 1, 1, 0, 1, 0, 0, 1, 0, 0]
token: 


j: 283
i: 0
r: [1, 1, 1, 1, 1, 0, 1, 0, 0, 0]
token: 

j: 284
i: 0
r: [0, 0, 1, 1, 0, 1, 1, 0, 1, 1]
token: She
j: 285
i: 0
r: [1, 0, 0, 0, 1, 1, 0, 1, 0, 1]
token:  was
j: 286
i: 0
r: [1, 0, 0, 0, 1, 0, 1, 1, 1, 0]
token:  able
j: 287
i: 0
r: [1, 1, 0, 0, 1, 1, 1, 0, 0, 0]
token:  to
j: 288
i: 0
r: [1, 1, 1, 0, 0, 1, 0, 1, 1, 1]
token:  set
j: 289
i: 0
r: [0, 1, 0, 0, 1, 0, 0, 1, 0, 1]
token:  up
j: 290
i: 0
r: [1, 0, 0, 1, 1, 1, 0, 0, 1, 0]
token:  an
j: 291
i: 0
r: [0, 1, 1, 0, 0, 0, 1, 1, 0, 1]
token:  online
j: 292
i: 0
r: [0, 0, 1, 1, 0, 0, 1, 0, 1, 1]
token:  meeting
j: 293
i: 0
r: [0, 0, 1, 0, 1, 0, 0, 1, 1, 1]
token:  with
j: 294
i: 0
r: [0, 0, 0, 1, 1, 1, 1, 1, 1, 0]
token:  the
j: 295
i: 0
r: [1, 1, 0, 0, 1, 1, 1, 0, 1, 0]
token:  builder
j: 296
i: 0
r: [1, 0, 0, 0, 0, 1, 1, 1, 0, 1]
token:  to
j: 297
i: 0
r: [0, 1, 0, 1, 1, 0, 1, 1, 0, 1]
token:  review
j: 298
i: 0
r: [1, 0, 1, 1, 0, 1, 0, 0, 0, 1]
token:  its
j: 299
i: 0
r: [0, 0, 1, 1, 1, 0, 0, 0, 0, 1]
token:  numbers
j: 300
i: 0
r: [1, 1, 1, 1, 1, 1, 0, 0, 1, 0]
token:  and
j: 301
i: 0
r: [1, 0, 0, 1, 1, 1, 1, 0, 1, 1]
token:  take
j: 302
i: 0
r: [0, 1, 1, 1, 1, 0, 0, 0, 0, 0]
token:  confidential
j: 303
i: 0
r: [0, 0, 1, 1, 0, 0, 1, 0, 0, 1]
token:  information
j: 304
i: 0
r: [0, 1, 0, 1, 0, 0, 1, 1, 0, 0]
token:  about
j: 305
i: 0
r: [1, 0, 1, 0, 1, 0, 1, 0, 0, 0]
token:  its
j: 306
i: 0
r: [0, 0, 1, 1, 1, 1, 1, 1, 0, 0]
token:  debt
j: 307
i: 0
r: [1, 1, 0, 1, 0, 0, 1, 0, 1, 1]
token:  recovery
j: 308
i: 0
r: [0, 0, 1, 1, 0, 0, 0, 0, 0, 0]
token:  process
j: 309
i: 0
r: [0, 0, 1, 1, 0, 1, 0, 0, 1, 1]
token:  into
j: 310
i: 0
r: [1, 0, 1, 1, 0, 0, 0, 1, 1, 1]
token:  account
j: 311
i: 0
r: [0, 1, 0, 1, 0, 1, 1, 1, 0, 0]
token:  to
j: 312
i: 0
r: [1, 1, 1, 1, 0, 1, 1, 1, 1, 0]
token:  ensure
j: 313
i: 0
r: [1, 1, 1, 1, 0, 0, 0, 1, 1, 1]
token:  "
j: 314
i: 0
r: [1, 1, 0, 1, 1, 1, 1, 0, 0, 0]
token: everyone
j: 315
i: 0
r: [1, 0, 1, 0, 0, 0, 0, 1, 1, 1]
token:  had
j: 316
i: 0
r: [1, 0, 0, 0, 1, 0, 0, 0, 1, 0]
token:  time
j: 317
i: 0
r: [0, 1, 1, 1, 0, 0, 1, 1, 1, 0]
token:  to
j: 318
i: 0
r: [0, 0, 1, 0, 0, 0, 1, 1, 1, 0]
token:  reach
j: 319
i: 0
r: [0, 0, 0, 0, 1, 1, 1, 1, 0, 0]
token: "
j: 320
i: 0
r: [1, 0, 0, 0, 1, 1, 0, 0, 1, 1]
token:  assistance
j: 321
i: 0
r: [1, 0, 0, 1, 0, 1, 1, 0, 0, 1]
token: .
j: 322
i: 0
r: [1, 0, 0, 0, 1, 1, 0, 1, 0, 1]
token: 


j: 323
i: 0
r: [0, 0, 1, 1, 0, 0, 0, 0, 1, 0]
token: 

j: 324
i: 0
r: [0, 0, 1, 1, 0, 1, 1, 1, 0, 0]
token: But
j: 325
i: 0
r: [1, 0, 1, 0, 0, 1, 0, 0, 1, 0]
token:  it
j: 326
i: 0
r: [0, 0, 1, 0, 1, 0, 0, 0, 1, 1]
token:  didn
j: 327
i: 0
r: [1, 1, 0, 0, 0, 1, 0, 1, 0, 1]
token: 't
j: 328
i: 0
r: [0, 0, 0, 0, 0, 0, 0, 1, 1, 0]
token:  take
j: 329
i: 0
r: [0, 0, 0, 1, 0, 0, 0, 1, 1, 1]
token:  long
j: 330
i: 0
r: [0, 0, 1, 0, 0, 0, 0, 1, 1, 1]
token:  for
j: 331
i: 0
r: [1, 0, 1, 0, 1, 1, 1, 1, 1, 1]
token:  worker
j: 332
i: 0
r: [1, 1, 0, 1, 1, 0, 0, 1, 1, 1]
token:  risk
j: 333
i: 0
r: [1, 0, 1, 1, 1, 1, 1, 0, 0, 1]
token:  management
j: 334
i: 0
r: [0, 0, 1, 0, 1, 1, 0, 1, 0, 1]
token:  and
j: 335
i: 0
r: [1, 0, 0, 0, 0, 0, 0, 1, 0, 0]
token:  its
j: 336
i: 0
r: [0, 1, 1, 0, 0, 0, 0, 1, 1, 0]
token:  procedures
j: 337
i: 0
r: [0, 0, 1, 1, 1, 1, 0, 1, 1, 0]
token:  to
j: 338
i: 0
r: [1, 0, 1, 0, 1, 1, 0, 1, 1, 0]
token:  clash
j: 339
i: 0
r: [0, 1, 1, 0, 0, 1, 1, 1, 0, 1]
token: :
j: 340
i: 0
r: [0, 0, 0, 0, 1, 0, 0, 0, 0, 1]
token:  According
j: 341
i: 0
r: [1, 1, 1, 1, 1, 0, 1, 0, 1, 1]
token:  to
j: 342
i: 0
r: [0, 1, 0, 0, 1, 1, 0, 0, 1, 1]
token:  McK
j: 343
i: 0
r: [0, 1, 0, 0, 1, 0, 0, 0, 1, 1]
token: iss
j: 344
i: 0
r: [0, 1, 0, 1, 1, 1, 1, 1, 0, 1]
token: ick
j: 345
i: 0
r: [0, 0, 1, 1, 1, 0, 0, 0, 0, 1]
token: ,
j: 346
i: 0
r: [1, 0, 1, 1, 1, 0, 1, 0, 0, 0]
token:  she
j: 347
i: 0
r: [0, 0, 1, 1, 1, 0, 1, 1, 0, 1]
token:  was
j: 348
i: 0
r: [0, 1, 0, 1, 1, 0, 0, 1, 0, 1]
token:  told
j: 349
i: 0
r: [0, 1, 0, 1, 0, 1, 0, 0, 0, 0]
token:  it
j: 350
i: 0
r: [1, 0, 0, 1, 1, 0, 1, 1, 1, 1]
token:  was
j: 351
i: 0
r: [1, 1, 1, 0, 1, 1, 1, 1, 1, 0]
token:  too
j: 352
i: 0
r: [0, 1, 1, 1, 0, 0, 1, 1, 1, 1]
token:  late
j: 353
i: 0
r: [0, 0, 0, 1, 0, 1, 0, 1, 0, 0]
token:  to
j: 354
i: 0
r: [0, 0, 0, 0, 1, 0, 1, 1, 0, 0]
token:  renew
j: 355
i: 0
r: [0, 0, 1, 1, 0, 0, 1, 0, 1, 1]
token:  Price
j: 356
i: 0
r: [1, 0, 0, 1, 1, 1, 0, 1, 0, 0]
token:  Water
j: 357
i: 0
r: [1, 1, 1, 1, 0, 1, 1, 0, 0, 0]
token: house
j: 358
i: 0
r: [1, 1, 1, 0, 1, 0, 1, 1, 0, 1]
token: ,
j: 359
i: 0
r: [0, 0, 0, 1, 0, 1, 0, 0, 1, 1]
token:  the
j: 360
i: 0
r: [0, 0, 1, 1, 0, 1, 0, 0, 1, 0]
token:  company
j: 361
i: 0
r: [0, 1, 1, 0, 1, 1, 1, 1, 0, 0]
token:  she
j: 362
i: 0
r: [0, 1, 0, 1, 0, 0, 1, 0, 1, 1]
token:  oversees
j: 363
i: 0
r: [0, 0, 0, 0, 0, 1, 0, 1, 1, 0]
token:  for
j: 364
i: 0
r: [1, 1, 0, 0, 0, 0, 0, 1, 0, 1]
token:  Bernard
j: 365
i: 0
r: [0, 0, 0, 1, 1, 1, 0, 1, 0, 0]
token:  Middle
j: 366
i: 0
r: [0, 1, 0, 0, 1, 0, 1, 0, 0, 0]
token:  School
j: 367
i: 0
r: [1, 0, 0, 1, 1, 1, 1, 0, 1, 1]
token:  building
j: 368
i: 0
r: [0, 1, 1, 1, 1, 1, 1, 1, 0, 1]
token:  maintenance
j: 369
i: 0
r: [1, 0, 1, 0, 1, 1, 0, 1, 1, 0]
token: .
j: 370
i: 0
r: [1, 0, 1, 0, 0, 1, 1, 0, 1, 1]
token:  "
j: 371
i: 0
r: [1, 0, 0, 0, 1, 0, 1, 0, 0, 1]
token: They
j: 372
i: 0
r: [0, 0, 1, 1, 1, 0, 1, 1, 0, 1]
token:  told
j: 373
i: 0
r: [0, 0, 1, 1, 1, 0, 1, 1, 0, 1]
token:  me
j: 374
i: 0
r: [0, 0, 0, 0, 1, 0, 1, 1, 1, 1]
token: :
j: 375
i: 0
r: [0, 0, 0, 1, 1, 0, 0, 1, 0, 0]
token:  '
j: 376
i: 0
r: [1, 1, 0, 0, 0, 1, 0, 0, 1, 1]
token: You
j: 377
i: 0
r: [1, 1, 1, 0, 1, 0, 1, 0, 0, 0]
token:  put
j: 378
i: 0
r: [1, 1, 0, 1, 1, 0, 1, 0, 0, 1]
token:  our
j: 379
i: 0
r: [0, 0, 1, 0, 0, 0, 0, 0, 1, 0]
token:  cats
j: 380
i: 0
r: [0, 1, 1, 0, 1, 1, 0, 1, 0, 0]
token: ,
j: 381
i: 0
r: [0, 0, 1, 0, 1, 1, 0, 0, 1, 0]
token:  dogs
j: 382
i: 0
r: [1, 1, 0, 1, 0, 1, 0, 1, 1, 1]
token:  and
j: 383
i: 0
r: [0, 0, 0, 1, 0, 0, 0, 1, 0, 0]
token:  teachers
j: 384
i: 0
r: [0, 1, 1, 1, 0, 0, 1, 1, 0, 1]
token:  back
j: 385
i: 0
r: [1, 0, 0, 0, 0, 0, 0, 1, 1, 0]
token:  into
j: 386
i: 0
r: [1, 0, 0, 1, 0, 0, 1, 1, 0, 1]
token:  our
j: 387
i: 0
r: [0, 1, 0, 1, 1, 0, 0, 1, 0, 0]
token:  program
j: 388
i: 0
r: [0, 0, 1, 1, 0, 0, 1, 0, 1, 0]
token: .
j: 389
i: 0
r: [1, 0, 1, 1, 0, 0, 0, 0, 1, 0]
token:  You
j: 390
i: 0
r: [0, 0, 0, 1, 1, 1, 1, 0, 0, 0]
token:  have
j: 391
i: 0
r: [1, 0, 0, 0, 1, 1, 1, 0, 1, 1]
token:  to
j: 392
i: 0
r: [1, 0, 0, 0, 1, 0, 0, 0, 1, 1]
token:  keep
j: 393
i: 0
r: [0, 0, 0, 1, 1, 0, 1, 0, 1, 0]
token:  them
j: 394
i: 0
r: [0, 1, 0, 0, 0, 1, 1, 0, 1, 1]
token:  in
j: 395
i: 0
r: [0, 1, 1, 1, 0, 0, 1, 1, 0, 0]
token:  it
j: 396
i: 0
r: [0, 1, 0, 0, 0, 1, 1, 1, 0, 1]
token: ,'"
j: 397
i: 0
r: [0, 1, 1, 0, 0, 1, 0, 0, 1, 0]
token:  she
j: 398
i: 0
r: [1, 0, 1, 1, 0, 1, 0, 1, 0, 0]
token:  recounted
j: 399
i: 0
r: [1, 0, 0, 1, 0, 0, 1, 0, 1, 0]
token: .
j: 400
i: 0
r: [0, 1, 0, 1, 1, 1, 0, 1, 1, 0]
token: 


j: 401
i: 0
r: [1, 0, 1, 1, 1, 1, 1, 1, 0, 1]
token: 

j: 402
i: 0
r: [1, 1, 0, 1, 0, 0, 1, 1, 0, 1]
token: It
j: 403
i: 0
r: [1, 0, 1, 0, 1, 1, 0, 0, 1, 1]
token:  hasn
j: 404
i: 0
r: [0, 0, 0, 1, 0, 0, 1, 0, 1, 0]
token: 't
j: 405
i: 0
r: [0, 1, 0, 1, 1, 1, 1, 1, 0, 1]
token:  gone
j: 406
i: 0
r: [1, 0, 0, 1, 1, 0, 1, 0, 0, 0]
token:  unnoticed
j: 407
i: 0
r: [0, 0, 1, 1, 1, 0, 1, 0, 1, 1]
token:  by
j: 408
i: 0
r: [1, 1, 1, 0, 1, 1, 1, 1, 0, 1]
token:  its
j: 409
i: 0
r: [1, 0, 0, 1, 1, 1, 0, 0, 0, 1]
token:  Mich
j: 410
i: 0
r: [0, 1, 1, 0, 1, 1, 0, 0, 1, 0]
token: na
j: 411
i: 0
r: [1, 0, 0, 1, 0, 1, 0, 0, 0, 1]
token:  Ree
j: 412
i: 0
r: [0, 0, 0, 0, 0, 1, 0, 1, 0, 1]
token: ce
j: 413
i: 0
r: [0, 1, 1, 0, 0, 1, 1, 1, 0, 0]
token: ,
j: 414
i: 0
r: [0, 0, 0, 0, 0, 1, 1, 1, 1, 0]
token:  the
j: 415
i: 0
r: [0, 1, 0, 1, 0, 0, 0, 1, 1, 0]
token:  Sparks
j: 416
i: 0
r: [0, 0, 0, 1, 1, 1, 0, 1, 1, 1]
token:  Regional
j: 417
i: 0
r: [1, 1, 0, 0, 0, 1, 0, 1, 0, 1]
token:  Chamber
j: 418
i: 0
r: [0, 0, 0, 0, 0, 1, 0, 1, 0, 0]
token:  of
j: 419
i: 0
r: [1, 1, 0, 1, 1, 1, 0, 1, 1, 1]
token:  Commerce
j: 420
i: 0
r: [1, 0, 1, 0, 1, 0, 1, 0, 1, 1]
token: .
j: 421
i: 0
r: [1, 1, 1, 1, 1, 0, 0, 0, 1, 1]
token:  In
j: 422
i: 0
r: [0, 0, 1, 0, 0, 1, 1, 0, 0, 0]
token:  a
j: 423
i: 0
r: [0, 0, 1, 0, 1, 1, 1, 1, 1, 0]
token:  letter
j: 424
i: 0
r: [1, 1, 0, 1, 0, 1, 1, 0, 1, 1]
token:  to
j: 425
i: 0
r: [0, 0, 1, 1, 0, 1, 0, 0, 1, 1]
token:  the
j: 426
i: 0
r: [1, 1, 0, 1, 1, 1, 0, 0, 1, 0]
token:  New
j: 427
i: 0
r: [0, 0, 0, 1, 0, 1, 0, 0, 1, 1]
token:  York
j: 428
i: 0
r: [0, 1, 1, 0, 1, 1, 1, 1, 0, 1]
token:  State
j: 429
i: 0
r: [0, 0, 0, 0, 1, 0, 1, 1, 0, 0]
token:  Housing
j: 430
i: 0
r: [0, 1, 1, 0, 1, 0, 1, 1, 0, 0]
token:  Dep
j: 431
i: 0
r: [1, 0, 0, 0, 1, 0, 0, 0, 0, 0]
token: artment
j: 432
i: 0
r: [1, 0, 1, 1, 1, 0, 1, 0, 0, 0]
token:  on
j: 433
i: 0
r: [1, 1, 0, 0, 1, 0, 1, 0, 1, 0]
token:  July
j: 434
i: 0
r: [1, 0, 0, 1, 1, 0, 0, 0, 1, 1]
token:  13
j: 435
i: 0
r: [1, 1, 1, 1, 1, 0, 1, 0, 0, 0]
token: ,
j: 436
i: 0
r: [1, 1, 1, 0, 1, 0, 0, 0, 1, 1]
token:  the
j: 437
i: 0
r: [1, 1, 0, 1, 0, 0, 1, 1, 0, 0]
token:  organization
j: 438
i: 0
r: [0, 1, 0, 0, 1, 1, 1, 1, 0, 0]
token:  said
j: 439
i: 0
r: [0, 1, 1, 0, 1, 1, 0, 1, 1, 0]
token:  it
j: 440
i: 0
r: [1, 0, 0, 1, 0, 0, 1, 1, 0, 0]
token:  learned
j: 441
i: 0
r: [0, 0, 0, 0, 1, 1, 0, 0, 1, 0]
token:  about
j: 442
i: 0
r: [0, 1, 0, 0, 1, 1, 0, 0, 0, 0]
token:  Hawkins
j: 443
i: 0
r: [0, 1, 1, 1, 0, 1, 0, 0, 0, 0]
token: '
j: 444
i: 0
r: [0, 0, 1, 1, 0, 0, 0, 1, 1, 0]
token:  loss
j: 445
i: 0
r: [1, 1, 0, 1, 1, 1, 1, 0, 0, 1]
token:  of
j: 446
i: 0
r: [1, 1, 1, 1, 0, 1, 1, 0, 0, 0]
token:  jobs
j: 447
i: 0
r: [0, 0, 0, 0, 1, 0, 1, 1, 1, 1]
token:  in
j: 448
i: 0
r: [1, 1, 0, 1, 0, 1, 1, 1, 1, 1]
token:  her
j: 449
i: 0
r: [1, 1, 1, 1, 1, 1, 0, 1, 1, 0]
token:  home
j: 450
i: 0
r: [0, 1, 1, 1, 0, 0, 1, 0, 0, 0]
token:  state
j: 451
i: 0
r: [1, 1, 0, 0, 0, 0, 1, 0, 0, 1]
token:  while
j: 452
i: 0
r: [1, 0, 1, 0, 1, 1, 1, 1, 1, 1]
token:  gathering
j: 453
i: 0
r: [1, 0, 1, 1, 1, 0, 0, 1, 1, 1]
token:  information
j: 454
i: 0
r: [0, 0, 1, 0, 0, 1, 1, 1, 1, 0]
token:  about
j: 455
i: 0
r: [1, 1, 1, 0, 1, 1, 1, 1, 1, 1]
token:  subcontract
j: 456
i: 0
r: [1, 1, 1, 0, 0, 1, 1, 1, 0, 1]
token: ors
j: 457
i: 0
r: [1, 1, 0, 0, 1, 1, 1, 1, 1, 1]
token: .
j: 458
i: 0
r: [1, 1, 1, 1, 1, 0, 0, 0, 1, 0]
token: 


j: 459
i: 0
r: [0, 0, 1, 1, 0, 0, 0, 1, 1, 0]
token: 

j: 460
i: 0
r: [1, 0, 1, 1, 1, 0, 0, 0, 0, 0]
token: "
j: 461
i: 0
r: [0, 1, 0, 0, 0, 1, 1, 1, 1, 0]
token: It
j: 462
i: 0
r: [0, 0, 0, 1, 0, 1, 0, 0, 0, 0]
token:  appears
j: 463
i: 0
r: [1, 1, 0, 1, 0, 0, 1, 1, 1, 1]
token:  that
j: 464
i: 0
r: [0, 0, 1, 1, 1, 1, 1, 1, 1, 1]
token:  debt
j: 465
i: 0
r: [1, 1, 0, 0, 1, 1, 0, 1, 1, 1]
token:  collectors
j: 466
i: 0
r: [1, 0, 0, 0, 0, 0, 1, 0, 1, 1]
token:  took
j: 467
i: 0
r: [0, 0, 1, 0, 0, 0, 0, 0, 0, 1]
token:  complaints
j: 468
i: 0
r: [1, 1, 0, 1, 0, 1, 0, 0, 1, 1]
token:  from
j: 469
i: 0
r: [1, 0, 1, 1, 0, 0, 1, 1, 1, 0]
token:  Portland
j: 470
i: 0
r: [1, 1, 1, 0, 1, 1, 0, 0, 1, 1]
token:  builders
j: 471
i: 0
r: [0, 0, 1, 1, 0, 0, 1, 1, 1, 0]
token:  scrambling
j: 472
i: 0
r: [1, 0, 1, 0, 0, 0, 0, 1, 0, 1]
token:  to
j: 473
i: 0
r: [1, 1, 1, 0, 0, 0, 1, 0, 0, 1]
token:  escape
j: 474
i: 0
r: [0, 1, 1, 0, 1, 0, 1, 0, 1, 1]
token:  from
j: 475
i: 0
r: [1, 1, 0, 0, 0, 0, 1, 0, 1, 0]
token:  fore
j: 476
i: 0
r: [1, 0, 1, 1, 0, 0, 1, 1, 1, 0]
token: cl
j: 477
i: 0
r: [0, 0, 1, 1, 0, 0, 1, 0, 0, 0]
token: osures
j: 478
i: 0
r: [0, 1, 0, 0, 0, 1, 0, 0, 1, 0]
token: ,
j: 479
i: 0
r: [1, 1, 0, 0, 1, 1, 1, 1, 1, 1]
token:  sometimes
j: 480
i: 0
r: [0, 0, 0, 0, 0, 0, 0, 0, 1, 0]
token:  based
j: 481
i: 0
r: [1, 1, 1, 1, 0, 0, 1, 0, 1, 0]
token:  on
j: 482
i: 0
r: [0, 1, 1, 0, 1, 1, 0, 1, 1, 1]
token:  inaccurate
j: 483
i: 0
r: [1, 1, 0, 1, 0, 0, 1, 1, 0, 0]
token:  reporting
j: 484
i: 0
r: [0, 0, 0, 1, 1, 1, 1, 1, 0, 0]
token:  of
j: 485
i: 0
r: [1, 1, 1, 0, 0, 0, 1, 1, 0, 1]
token:  elapsed
j: 486
i: 0
r: [1, 1, 0, 0, 1, 0, 1, 0, 0, 1]
token:  lawsuits
j: 487
i: 0
r: [0, 0, 1, 1, 0, 1, 1, 0, 0, 1]
token: ,
j: 488
i: 0
r: [0, 0, 1, 1, 0, 1, 1, 1, 1, 1]
token:  business
j: 489
i: 0
r: [1, 0, 0, 0, 1, 0, 0, 0, 0, 1]
token:  plans
j: 490
i: 0
r: [1, 0, 1, 1, 1, 1, 0, 1, 0, 0]
token: ,
j: 491
i: 0
r: [1, 1, 0, 1, 1, 0, 0, 0, 0, 1]
token:  and
j: 492
i: 0
r: [0, 0, 0, 0, 0, 1, 1, 1, 0, 0]
token:  statements
j: 493
i: 0
r: [0, 1, 0, 0, 0, 0, 0, 0, 1, 1]
token:  of
j: 494
i: 0
r: [0, 0, 1, 0, 1, 1, 1, 0, 1, 1]
token:  reversal
j: 495
i: 0
r: [0, 0, 1, 1, 1, 1, 0, 1, 0, 0]
token:  of
j: 496
i: 0
r: [1, 1, 1, 1, 1, 1, 1, 1, 1, 0]
token:  judgment
j: 497
i: 0
r: [1, 1, 1, 0, 0, 0, 0, 0, 0, 0]
token: .
j: 498
i: 0
r: [1, 0, 1, 0, 1, 1, 0, 0, 1, 1]
token:  Those
j: 499
i: 0
r: [0, 0, 1, 0, 0, 1, 1, 1, 1, 1]
token:  younger
j: 500
i: 0
r: [0, 0, 1, 0, 0, 0, 0, 0, 0, 0]
token: ,
j: 501
i: 0
r: [0, 1, 0, 0, 1, 0, 1, 1, 1, 1]
token:  more
j: 502
i: 0
r: [1, 0, 0, 1, 1, 1, 1, 1, 0, 1]
token:  educated
j: 503
i: 0
r: [1, 1, 0, 1, 0, 1, 1, 1, 0, 0]
token:  workers
j: 504
i: 0
r: [1, 0, 0, 1, 1, 0, 1, 1, 0, 1]
token:  then
j: 505
i: 0
r: [1, 1, 0, 1, 0, 0, 1, 0, 1, 1]
token:  used
j: 506
i: 0
r: [0, 1, 0, 1, 0, 1, 0, 0, 0, 0]
token:  their
j: 507
i: 0
r: [1, 1, 0, 1, 1, 1, 1, 0, 1, 1]
token:  clout
j: 508
i: 0
r: [1, 0, 1, 0, 1, 1, 1, 0, 0, 1]
token:  to
j: 509
i: 0
r: [0, 0, 1, 1, 1, 1, 0, 1, 1, 1]
token:  smart
j: 510
i: 0
r: [0, 0, 1, 0, 1, 1, 0, 1, 1, 1]
token: ly
j: 511
i: 0
r: [0, 1, 0, 0, 1, 0, 1, 0, 0, 0]
token:  negotiate
j: 512
i: 0
r: [1, 0, 0, 1, 1, 0, 1, 1, 0, 0]
token:  favorable
j: 513
i: 0
r: [1, 0, 0, 0, 0, 1, 0, 1, 0, 0]
token:  rates
j: 514
i: 0
r: [0, 0, 1, 1, 1, 0, 1, 0, 0, 0]
token:  with
j: 515
i: 0
r: [1, 0, 0, 0, 0, 1, 0, 0, 1, 1]
token:  lenders
j: 516
i: 0
r: [0, 0, 0, 1, 1, 0, 1, 1, 0, 1]
token:  pre
j: 517
i: 0
r: [0, 1, 1, 1, 1, 0, 1, 1, 0, 1]
token: -
j: 518
i: 0
r: [1, 0, 1, 1, 0, 1, 1, 0, 1, 1]
token: dating
j: 519
i: 0
r: [0, 1, 1, 1, 1, 0, 0, 0, 0, 0]
token:  America
j: 520
i: 0
r: [0, 0, 0, 1, 1, 0, 0, 0, 1, 0]
token: 's
j: 521
i: 0
r: [0, 0, 0, 1, 1, 1, 1, 0, 1, 1]
token:  Early
j: 522
i: 0
r: [1, 1, 1, 1, 1, 0, 1, 0, 1, 0]
token:  Warning
j: 523
i: 0
r: [0, 1, 1, 0, 1, 0, 0, 1, 0, 1]
token:  System
j: 524
i: 0
r: [1, 0, 0, 0, 0, 1, 1, 0, 0, 1]
token: 's
j: 525
i: 0
r: [0, 1, 0, 0, 1, 0, 0, 0, 1, 0]
token:  impact
j: 526
i: 0
r: [1, 0, 0, 0, 0, 0, 1, 0, 0, 0]
token:  on
j: 527
i: 0
r: [1, 1, 1, 0, 1, 0, 0, 0, 0, 0]
token:  estate
j: 528
i: 0
r: [0, 1, 0, 0, 0, 0, 1, 0, 1, 0]
token:  planning
j: 529
i: 0
r: [0, 1, 0, 0, 1, 1, 1, 1, 0, 1]
token:  costs
j: 530
i: 0
r: [1, 0, 1, 0, 0, 0, 0, 1, 0, 1]
token: ,"
j: 531
i: 0
r: [1, 1, 0, 1, 0, 0, 1, 1, 0, 0]
token:  it
j: 532
i: 0
r: [0, 0, 1, 0, 0, 1, 1, 1, 0, 1]
token:  alleged
j: 533
i: 0
r: [0, 0, 0, 0, 0, 0, 1, 1, 0, 1]
token: .
j: 534
i: 0
r: [1, 0, 0, 0, 1, 1, 0, 0, 1, 0]
token: <|endoftext|>
j: 535
i: 0
r: [1, 1, 1, 1, 1, 1, 0, 1, 0, 0]
token: WOR
j: 536
i: 0
r: [0, 0, 0, 1, 0, 0, 0, 0, 1, 1]
token: DS
j: 537
i: 0
r: [1, 0, 1, 0, 1, 0, 1, 1, 1, 0]
token: M
j: 538
i: 0
r: [0, 1, 0, 0, 0, 1, 1, 1, 0, 1]
token: OK
j: 539
i: 0
r: [0, 0, 0, 0, 0, 0, 1, 0, 1, 1]
token: ER
j: 540
i: 0
r: [0, 1, 0, 1, 1, 0, 0, 0, 0, 1]
token: LINE
j: 541
i: 0
r: [0, 1, 1, 0, 1, 1, 1, 1, 1, 1]
token: .
j: 542
i: 0
r: [1, 1, 0, 1, 0, 1, 1, 1, 0, 1]
token: IG
j: 543
i: 0
r: [0, 0, 1, 1, 1, 1, 0, 0, 1, 0]
token:  -
j: 544
i: 0
r: [0, 0, 1, 0, 1, 0, 0, 0, 0, 1]
token:  Jer
j: 545
i: 0
r: [1, 0, 0, 0, 0, 1, 1, 0, 1, 0]
token: ay
j: 546
i: 0
r: [1, 1, 1, 0, 0, 1, 1, 0, 0, 1]
token:  False
j: 547
i: 0
r: [0, 1, 0, 0, 0, 1, 0, 0, 1, 1]
token: ,
j: 548
i: 0
r: [1, 0, 0, 1, 1, 0, 0, 0, 1, 1]
token:  46
j: 549
i: 0
r: [0, 1, 1, 1, 0, 0, 1, 0, 0, 1]
token: ,
j: 550
i: 0
r: [1, 1, 1, 1, 0, 1, 1, 0, 1, 0]
token:  was
j: 551
i: 0
r: [1, 1, 0, 0, 0, 0, 1, 0, 0, 1]
token:  previously
j: 552
i: 0
r: [0, 1, 0, 1, 0, 1, 0, 1, 0, 0]
token:  caught
j: 553
i: 0
r: [0, 0, 1, 1, 1, 1, 1, 1, 0, 1]
token:  with
j: 554
i: 0
r: [1, 1, 0, 0, 0, 0, 0, 0, 0, 1]
token:  counterfeit
j: 555
i: 0
r: [0, 1, 1, 1, 1, 1, 0, 1, 1, 0]
token:  Swiss
j: 556
i: 0
r: [0, 1, 1, 0, 0, 0, 0, 0, 0, 1]
token:  visitors
j: 557
i: 0
r: [0, 1, 0, 0, 1, 0, 1, 0, 0, 0]
token: '
j: 558
i: 0
r: [0, 0, 0, 1, 0, 1, 1, 1, 1, 1]
token:  V
j: 559
i: 0
r: [1, 0, 1, 0, 0, 1, 0, 0, 1, 0]
token: IN
j: 560
i: 0
r: [1, 1, 0, 1, 0, 1, 0, 1, 1, 0]
token:  numbers
j: 561
i: 0
r: [0, 0, 1, 1, 0, 0, 1, 0, 0, 1]
token:  in
j: 562
i: 0
r: [0, 1, 0, 1, 0, 0, 1, 1, 1, 1]
token:  2013
j: 563
i: 0
r: [0, 1, 1, 1, 1, 0, 1, 1, 0, 1]
token: .
j: 564
i: 0
r: [0, 1, 0, 0, 1, 1, 0, 0, 1, 0]
token:  Neg
j: 565
i: 0
r: [1, 0, 1, 0, 1, 1, 1, 1, 0, 1]
token: used
j: 566
i: 0
r: [0, 0, 0, 1, 0, 0, 0, 1, 0, 1]
token:  to
j: 567
i: 0
r: [0, 1, 0, 1, 0, 0, 0, 0, 1, 0]
token:  receive
j: 568
i: 0
r: [1, 1, 0, 1, 0, 1, 1, 0, 0, 0]
token:  or
j: 569
i: 0
r: [1, 1, 1, 0, 0, 0, 1, 0, 0, 1]
token:  do
j: 570
i: 0
r: [0, 1, 0, 1, 0, 1, 0, 1, 0, 1]
token:  business
j: 571
i: 0
r: [0, 1, 0, 0, 0, 1, 0, 0, 1, 1]
token:  in
j: 572
i: 0
r: [0, 0, 1, 1, 1, 1, 1, 1, 0, 0]
token:  Vietnam
j: 573
i: 0
r: [0, 1, 1, 0, 0, 0, 1, 1, 0, 1]
token:  owns
j: 574
i: 0
r: [0, 1, 1, 1, 0, 0, 1, 1, 1, 0]
token:  but
j: 575
i: 0
r: [0, 0, 1, 1, 0, 0, 0, 0, 0, 1]
token:  operates
j: 576
i: 0
r: [1, 0, 0, 1, 1, 0, 1, 0, 1, 0]
token:  a
j: 577
i: 0
r: [1, 0, 1, 1, 0, 1, 1, 0, 0, 1]
token:  nightclub
j: 578
i: 0
r: [1, 0, 0, 1, 0, 0, 1, 0, 1, 0]
token:  in
j: 579
i: 0
r: [1, 1, 1, 1, 0, 0, 1, 1, 0, 1]
token:  M
j: 580
i: 0
r: [1, 0, 0, 1, 1, 1, 0, 0, 0, 0]
token: unch
j: 581
i: 0
r: [0, 0, 1, 0, 0, 1, 0, 1, 1, 0]
token: j
j: 582
i: 0
r: [0, 0, 0, 0, 0, 0, 0, 0, 0, 0]
token: æ
j: 583
i: 0
r: [0, 1, 0, 1, 0, 0, 1, 1, 1, 0]
token: r
j: 584
i: 0
r: [0, 1, 1, 1, 0, 1, 0, 0, 0, 1]
token: .
j: 585
i: 0
r: [1, 0, 1, 0, 1, 1, 0, 0, 1, 0]
token:  He
j: 586
i: 0
r: [1, 0, 0, 0, 0, 1, 0, 1, 0, 0]
token:  addresses
j: 587
i: 0
r: [1, 0, 1, 1, 1, 0, 1, 0, 1, 1]
token:  nightclub
j: 588
i: 0
r: [0, 0, 1, 1, 0, 0, 0, 0, 0, 1]
token:  broch
j: 589
i: 0
r: [1, 1, 1, 1, 0, 1, 0, 1, 1, 0]
token: ure
j: 590
i: 0
r: [0, 0, 1, 1, 0, 0, 0, 0, 0, 0]
token:  in
j: 591
i: 0
r: [0, 1, 1, 1, 0, 1, 0, 1, 0, 1]
token:  peace
j: 592
i: 0
r: [1, 1, 0, 0, 0, 1, 0, 1, 0, 0]
token:  Soc
j: 593
i: 0
r: [1, 0, 0, 1, 0, 1, 1, 1, 1, 1]
token: shine
j: 594
i: 0
r: [1, 0, 0, 0, 1, 1, 1, 1, 1, 1]
token:  nightclub
j: 595
i: 0
r: [0, 0, 0, 1, 1, 1, 0, 0, 0, 0]
token:  in
j: 596
i: 0
r: [1, 0, 1, 1, 0, 1, 1, 1, 0, 0]
token:  Bel
j: 597
i: 0
r: [1, 0, 0, 0, 0, 1, 1, 0, 1, 1]
token: af
j: 598
i: 0
r: [0, 1, 1, 0, 1, 0, 0, 0, 1, 0]
token: onte
j: 599
i: 0
r: [1, 0, 0, 1, 0, 1, 0, 1, 1, 0]
token: 

j: 600
i: 0
r: [1, 0, 0, 0, 1, 1, 1, 1, 1, 1]
token: C
j: 601
i: 0
r: [1, 1, 0, 0, 0, 1, 1, 1, 1, 0]
token:  0
j: 602
i: 0
r: [0, 0, 0, 0, 1, 0, 1, 0, 1, 1]
token:  Casting
j: 603
i: 0
r: [1, 1, 1, 1, 1, 1, 0, 0, 1, 0]
token:  Name
j: 604
i: 0
r: [0, 1, 0, 0, 0, 0, 0, 0, 0, 1]
token:  Ji
j: 605
i: 0
r: [1, 0, 1, 0, 0, 0, 1, 1, 1, 1]
token:  Chung
j: 606
i: 0
r: [0, 1, 0, 0, 1, 0, 1, 1, 0, 0]
token:  Hy
j: 607
i: 0
r: [0, 0, 1, 1, 1, 0, 0, 0, 1, 0]
token: ung
j: 608
i: 0
r: [0, 1, 1, 0, 1, 1, 0, 0, 0, 0]
token:  Girl
j: 609
i: 0
r: [0, 0, 1, 1, 0, 0, 0, 1, 1, 0]
token:  upon
j: 610
i: 0
r: [1, 1, 1, 1, 0, 0, 1, 1, 1, 1]
token:  Arri
j: 611
i: 0
r: [1, 1, 1, 0, 1, 0, 0, 1, 0, 1]
token: val
j: 612
i: 0
r: [0, 1, 1, 0, 0, 0, 0, 0, 0, 0]
token:  In
j: 613
i: 0
r: [1, 1, 0, 1, 0, 1, 1, 1, 0, 1]
token: am
j: 614
i: 0
r: [1, 0, 1, 0, 1, 0, 1, 1, 0, 1]
token: ha
j: 615
i: 0
r: [1, 0, 1, 1, 0, 1, 0, 1, 1, 0]
token:  Pa
j: 616
i: 0
r: [0, 0, 0, 1, 0, 1, 0, 0, 1, 1]
token: av
j: 617
i: 0
r: [1, 1, 1, 1, 1, 1, 1, 1, 1, 1]
token: ,
j: 618
i: 0
r: [0, 0, 1, 1, 0, 1, 1, 1, 1, 0]
token:  20
j: 619
i: 0
r: [1, 1, 0, 0, 1, 0, 0, 1, 1, 0]
token: ,
j: 620
i: 0
r: [1, 1, 0, 1, 0, 1, 0, 0, 1, 1]
token:  Jung
j: 621
i: 0
r: [0, 0, 0, 0, 1, 1, 1, 1, 0, 1]
token:  Woo
j: 622
i: 0
r: [1, 0, 1, 1, 0, 1, 1, 0, 0, 1]
token:  J
j: 623
i: 0
r: [1, 1, 1, 1, 1, 1, 0, 1, 1, 0]
token: ang
j: 624
i: 0
r: [0, 0, 1, 1, 1, 0, 1, 0, 1, 0]
token: ,
j: 625
i: 0
r: [0, 1, 1, 1, 0, 1, 0, 0, 0, 1]
token:  26
j: 626
i: 0
r: [0, 0, 1, 1, 1, 1, 0, 1, 0, 1]
token: ,
j: 627
i: 0
r: [0, 1, 0, 0, 0, 0, 0, 0, 0, 1]
token:  Angela
j: 628
i: 0
r: [1, 0, 1, 0, 1, 1, 0, 1, 0, 1]
token:  Rev
j: 629
i: 0
r: [1, 0, 1, 1, 1, 0, 0, 0, 0, 0]
token: illa
j: 630
i: 0
r: [0, 1, 1, 0, 1, 0, 1, 0, 1, 1]
token: ,
j: 631
i: 0
r: [0, 0, 1, 0, 0, 1, 1, 1, 1, 1]
token:  16
j: 632
i: 0
r: [0, 0, 0, 1, 0, 0, 0, 0, 0, 0]
token: ,
j: 633
i: 0
r: [0, 1, 0, 1, 1, 0, 1, 1, 0, 1]
token:  Father
j: 634
i: 0
r: [0, 0, 1, 1, 1, 0, 1, 1, 1, 0]
token:  Math
j: 635
i: 0
r: [0, 0, 1, 0, 1, 0, 0, 1, 1, 0]
token: oru
j: 636
i: 0
r: [0, 0, 0, 0, 0, 1, 1, 1, 1, 1]
token:  N
j: 637
i: 0
r: [0, 1, 1, 1, 1, 1, 0, 1, 0, 1]
token: ango
j: 638
i: 0
r: [1, 1, 0, 1, 0, 1, 1, 0, 1, 0]
token: an
j: 639
i: 0
r: [1, 0, 1, 0, 1, 1, 0, 0, 0, 1]
token:  brother
j: 640
i: 0
r: [0, 0, 0, 0, 0, 1, 1, 1, 1, 0]
token:  Kim
j: 641
i: 0
r: [0, 1, 0, 0, 0, 0, 0, 1, 1, 1]
token:  Tong
j: 642
i: 0
r: [0, 1, 0, 0, 0, 1, 0, 1, 1, 0]
token:  San
j: 643
i: 0
r: [0, 0, 1, 1, 1, 1, 1, 1, 1, 0]
token: ,
j: 644
i: 0
r: [0, 1, 1, 0, 0, 1, 1, 1, 0, 0]
token:  28
j: 645
i: 0
r: [0, 1, 1, 1, 1, 1, 1, 0, 1, 0]
token:  Brother
j: 646
i: 0
r: [1, 0, 0, 0, 0, 1, 0, 0, 0, 0]
token:  Ye
j: 647
i: 0
r: [1, 1, 0, 1, 0, 0, 0, 0, 1, 1]
token: ung
j: 648
i: 0
r: [0, 1, 1, 0, 1, 1, 0, 1, 1, 0]
token:  Kim
j: 649
i: 0
r: [1, 0, 0, 0, 1, 1, 1, 0, 0, 1]
token:  Tai
j: 650
i: 0
r: [1, 0, 1, 1, 0, 0, 0, 0, 1, 1]
token: ,
j: 651
i: 0
r: [0, 1, 1, 0, 1, 0, 0, 1, 1, 0]
token:  15
j: 652
i: 0
r: [1, 0, 0, 1, 1, 0, 1, 1, 0, 1]
token:  Sister
j: 653
i: 0
r: [0, 1, 1, 1, 0, 0, 0, 0, 0, 1]
token:  Kim
j: 654
i: 0
r: [0, 0, 0, 0, 0, 1, 1, 1, 0, 1]
token:  Woo
j: 655
i: 0
r: [0, 0, 0, 0, 0, 0, 1, 0, 1, 1]
token:  Choi
j: 656
i: 0
r: [1, 0, 1, 0, 0, 1, 1, 0, 0, 1]
token: ,
j: 657
i: 0
r: [1, 1, 1, 0, 0, 1, 0, 0, 0, 0]
token:  19
j: 658
i: 0
r: [0, 1, 1, 1, 1, 1, 1, 0, 1, 0]
token:  Rank
j: 659
i: 0
r: [0, 1, 1, 0, 1, 1, 1, 1, 0, 0]
token:  Friends
j: 660
i: 0
r: [1, 1, 0, 1, 1, 0, 0, 0, 0, 0]
token: 

j: 661
i: 0
r: [1, 0, 1, 0, 0, 1, 0, 0, 1, 1]
token: President
j: 662
i: 0
r: [0, 0, 1, 0, 0, 0, 1, 1, 0, 0]
token:  Park
j: 663
i: 0
r: [1, 1, 0, 1, 0, 0, 0, 1, 0, 1]
token:  Ge
j: 664
i: 0
r: [1, 0, 0, 0, 1, 1, 1, 1, 0, 0]
token: un
j: 665
i: 0
r: [1, 0, 0, 0, 1, 0, 1, 0, 0, 0]
token: -
j: 666
i: 0
r: [0, 1, 0, 0, 0, 0, 1, 0, 1, 1]
token: h
j: 667
i: 0
r: [0, 1, 0, 1, 0, 1, 0, 1, 0, 1]
token: ye
j: 668
i: 0
r: [0, 1, 1, 0, 1, 0, 1, 0, 0, 1]
token: ,
j: 669
i: 0
r: [1, 0, 1, 0, 0, 1, 0, 0, 1, 1]
token:  an
j: 670
i: 0
r: [1, 1, 0, 1, 0, 1, 1, 0, 1, 1]
token:  Industry
j: 671
i: 0
r: [1, 1, 0, 1, 1, 0, 0, 1, 1, 1]
token:  Ministry
j: 672
i: 0
r: [0, 1, 1, 1, 0, 1, 0, 0, 0, 0]
token:  member
j: 673
i: 0
r: [1, 1, 1, 0, 1, 0, 0, 1, 0, 0]
token:  became
j: 674
i: 0
r: [0, 1, 1, 1, 0, 0, 1, 1, 1, 0]
token:  aware
j: 675
i: 0
r: [0, 0, 1, 1, 1, 1, 1, 1, 0, 0]
token:  of
j: 676
i: 0
r: [1, 1, 0, 0, 0, 0, 1, 1, 0, 1]
token:  problems
j: 677
i: 0
r: [0, 1, 1, 0, 0, 0, 0, 0, 0, 1]
token:  reported
j: 678
i: 0
r: [1, 0, 0, 1, 0, 1, 0, 1, 1, 1]
token:  by
j: 679
i: 0
r: [0, 1, 0, 1, 0, 1, 0, 1, 1, 0]
token:  traffic
j: 680
i: 0
r: [1, 1, 1, 0, 1, 0, 1, 0, 1, 0]
token:  ticket
j: 681
i: 0
r: [1, 1, 0, 0, 1, 0, 0, 1, 0, 1]
token:  inspector
j: 682
i: 0
r: [1, 1, 0, 0, 1, 1, 0, 0, 0, 1]
token:  Je
j: 683
i: 0
r: [1, 0, 1, 1, 1, 1, 0, 1, 1, 1]
token: ong
j: 684
i: 0
r: [1, 0, 0, 1, 1, 0, 0, 1, 0, 0]
token:  Kon
j: 685
i: 0
r: [0, 1, 1, 1, 1, 1, 0, 0, 0, 1]
token:  Jun
j: 686
i: 0
r: [0, 0, 0, 0, 0, 0, 1, 1, 0, 0]
token:  Park
j: 687
i: 0
r: [0, 1, 0, 0, 0, 1, 0, 0, 1, 1]
token:  or
j: 688
i: 0
r: [0, 0, 0, 1, 0, 0, 0, 0, 1, 0]
token:  Mas
j: 689
i: 0
r: [1, 1, 0, 1, 1, 0, 0, 1, 0, 1]
token: ou
j: 690
i: 0
r: [1, 1, 0, 1, 0, 0, 1, 1, 1, 0]
token:  G
j: 691
i: 0
r: [1, 0, 0, 1, 1, 1, 1, 1, 0, 0]
token: ye
j: 692
i: 0
r: [1, 1, 0, 1, 1, 1, 1, 0, 1, 1]
token: ong
j: 693
i: 0
r: [0, 0, 1, 1, 0, 0, 1, 0, 0, 0]
token:  He
j: 694
i: 0
r: [0, 0, 0, 1, 0, 1, 1, 1, 1, 1]
token: es
j: 695
i: 0
r: [1, 1, 0, 1, 0, 0, 1, 0, 0, 1]
token:  Fen
j: 696
i: 0
r: [1, 1, 0, 1, 1, 1, 1, 1, 1, 0]
token: et
j: 697
i: 0
r: [0, 1, 0, 1, 1, 1, 1, 1, 1, 0]
token: ig
j: 698
i: 0
r: [0, 1, 0, 1, 1, 0, 0, 0, 1, 0]
token:  we
j: 699
i: 0
r: [1, 1, 0, 0, 0, 1, 0, 0, 1, 0]
token:  paid
j: 700
i: 0
r: [1, 1, 0, 0, 1, 0, 1, 1, 0, 0]
token:  Es
j: 701
i: 0
r: [0, 0, 1, 1, 1, 1, 1, 1, 0, 1]
token: port
j: 702
i: 0
r: [1, 1, 1, 1, 0, 0, 0, 1, 1, 0]
token:  Sahara
j: 703
i: 0
r: [1, 1, 0, 0, 1, 0, 0, 1, 0, 0]
token:  Wolves
j: 704
i: 0
r: [1, 0, 0, 1, 0, 0, 0, 0, 0, 0]
token:  which
j: 705
i: 0
r: [1, 0, 1, 1, 0, 1, 0, 1, 0, 0]
token:  got
j: 706
i: 0
r: [1, 1, 1, 0, 1, 0, 1, 0, 0, 1]
token:  behind
j: 707
i: 0
r: [0, 1, 1, 0, 0, 1, 0, 1, 0, 0]
token:  the
j: 708
i: 0
r: [0, 1, 0, 1, 1, 1, 0, 0, 1, 1]
token:  false
j: 709
i: 0
r: [0, 0, 0, 1, 1, 1, 0, 1, 1, 0]
token:  customers
j: 710
i: 0
r: [1, 1, 1, 1, 0, 0, 1, 1, 0, 1]
token:  fly
j: 711
i: 0
r: [1, 1, 0, 1, 0, 0, 1, 0, 1, 1]
token:  drug
j: 712
i: 0
r: [0, 0, 1, 1, 1, 0, 0, 1, 1, 1]
token:  in
j: 713
i: 0
r: [1, 1, 1, 0, 0, 1, 0, 1, 1, 0]
token:  the
j: 714
i: 0
r: [1, 0, 0, 1, 1, 1, 1, 0, 0, 1]
token:  state
j: 715
i: 0
r: [0, 1, 0, 0, 0, 1, 1, 0, 1, 0]
token:  trip
j: 716
i: 0
r: [0, 1, 0, 0, 1, 0, 1, 0, 0, 1]
token: k
j: 717
i: 0
r: [0, 1, 0, 0, 0, 1, 0, 1, 0, 1]
token: ite
j: 718
i: 0
r: [0, 0, 0, 1, 0, 0, 1, 0, 0, 0]
token:  [
j: 719
i: 0
r: [0, 1, 0, 1, 0, 0, 0, 0, 0, 1]
token: anti
j: 720
i: 0
r: [1, 1, 0, 1, 0, 1, 1, 1, 1, 1]
token: -
j: 721
i: 0
r: [1, 0, 1, 0, 0, 0, 0, 1, 0, 1]
token: terror
j: 722
i: 0
r: [1, 0, 1, 1, 0, 1, 0, 0, 1, 1]
token:  group
j: 723
i: 0
r: [1, 1, 0, 0, 0, 1, 0, 0, 1, 0]
token: ]
j: 724
i: 0
r: [1, 0, 1, 0, 0, 0, 0, 0, 0, 1]
token:  In
j: 725
i: 0
r: [0, 0, 1, 1, 0, 0, 0, 0, 1, 0]
token:  front
j: 726
i: 0
r: [0, 0, 1, 1, 1, 0, 0, 1, 1, 1]
token:  desk
j: 727
i: 0
r: [1, 1, 0, 0, 1, 1, 0, 1, 0, 0]
token:  with
j: 728
i: 0
r: [0, 1, 0, 1, 1, 1, 1, 1, 0, 0]
token:  health
j: 729
i: 0
r: [1, 0, 1, 1, 0, 1, 1, 0, 0, 0]
token:  notes
j: 730
i: 0
r: [0, 1, 1, 0, 1, 1, 0, 0, 1, 0]
token: 

j: 731
i: 0
r: [0, 1, 1, 0, 1, 0, 0, 1, 0, 1]
token: AH
j: 732
i: 0
r: [1, 0, 0, 0, 1, 1, 0, 1, 0, 0]
token: Cl
j: 733
i: 0
r: [1, 1, 0, 1, 1, 0, 0, 1, 1, 0]
token:  Ho
j: 734
i: 0
r: [0, 1, 0, 1, 1, 0, 1, 1, 1, 0]
token: are
j: 735
i: 0
r: [1, 0, 1, 1, 0, 0, 1, 0, 0, 1]
token: k
j: 736
i: 0
r: [0, 1, 0, 1, 0, 1, 1, 1, 0, 0]
token: 786
j: 737
i: 0
r: [1, 1, 1, 1, 1, 0, 1, 0, 0, 0]
token:  Bur
j: 738
i: 0
r: [1, 0, 0, 1, 1, 0, 0, 0, 0, 0]
token: ial
j: 739
i: 0
r: [1, 0, 1, 0, 0, 1, 0, 1, 1, 1]
token:  2
j: 740
i: 0
r: [0, 1, 1, 1, 1, 0, 1, 0, 1, 0]
token:  Guantanamo
j: 741
i: 0
r: [1, 0, 1, 0, 0, 1, 1, 1, 0, 0]
token:  Row
j: 742
i: 0
r: [1, 0, 0, 0, 0, 0, 1, 0, 1, 0]
token:  Rec
j: 743
i: 0
r: [1, 1, 0, 0, 1, 1, 1, 1, 1, 1]
token: onnaissance
j: 744
i: 0
r: [0, 0, 0, 0, 1, 0, 0, 0, 0, 0]
token:  and
j: 745
i: 0
r: [1, 0, 0, 0, 1, 0, 0, 1, 1, 1]
token:  Assistance
j: 746
i: 0
r: [1, 0, 1, 1, 0, 0, 0, 1, 1, 0]
token:  --------------------------------
j: 747
i: 0
r: [0, 0, 1, 1, 0, 0, 0, 0, 0, 0]
token: ------------------------
j: 748
i: 0
r: [1, 1, 1, 0, 1, 0, 1, 0, 0, 1]
token: -
j: 749
i: 0
r: [0, 0, 0, 1, 0, 0, 0, 1, 0, 1]
token:  June
j: 750
i: 0
r: [1, 0, 0, 1, 1, 1, 0, 1, 0, 1]
token:  28
j: 751
i: 0
r: [1, 0, 0, 0, 1, 1, 0, 1, 0, 0]
token:  New
j: 752
i: 0
r: [0, 1, 1, 1, 1, 1, 0, 1, 0, 1]
token:  casualty
j: 753
i: 0
r: [0, 1, 0, 0, 1, 1, 0, 0, 1, 0]
token:  list
j: 754
i: 0
r: [1, 0, 1, 0, 0, 0, 0, 1, 1, 0]
token:  MOV
j: 755
i: 0
r: [0, 1, 0, 0, 1, 1, 0, 0, 1, 0]
token: ED
j: 756
i: 0
r: [0, 0, 0, 0, 1, 0, 0, 1, 0, 1]
token:  FOR
j: 757
i: 0
r: [1, 1, 1, 0, 1, 0, 1, 0, 1, 0]
token:  1990
j: 758
i: 0
r: [0, 0, 0, 1, 0, 0, 1, 0, 1, 1]
token:  WAR
j: 759
i: 0
r: [0, 1, 1, 0, 0, 0, 1, 1, 0, 0]
token:  OFF
j: 760
i: 0
r: [1, 0, 0, 1, 1, 1, 1, 1, 0, 0]
token:  stress
j: 761
i: 0
r: [0, 1, 0, 1, 1, 0, 0, 1, 1, 1]
token: beat
j: 762
i: 0
r: [0, 0, 1, 1, 0, 0, 0, 0, 0, 0]
token:  blitz
j: 763
i: 0
r: [0, 1, 0, 0, 1, 0, 0, 0, 1, 1]
token:  conversation
j: 764
i: 0
r: [1, 1, 1, 0, 0, 1, 0, 0, 1, 1]
token:  featuring
j: 765
i: 0
r: [1, 1, 1, 0, 0, 1, 1, 0, 0, 1]
token:  The
j: 766
i: 0
r: [1, 1, 1, 0, 0, 0, 0, 1, 0, 1]
token:  52
j: 767
i: 0
r: [1, 0, 1, 0, 0, 0, 1, 0, 0, 1]
token:  Bre
j: 768
i: 0
r: [1, 0, 0, 1, 0, 0, 0, 1, 0, 0]
token: akers
j: 769
i: 0
r: [0, 0, 1, 1, 0, 1, 0, 1, 1, 0]
token: <|endoftext|>
j: 770
i: 0
r: [1, 0, 1, 1, 0, 0, 1, 0, 0, 1]
token: A
j: 771
i: 0
r: [0, 0, 1, 0, 0, 1, 1, 0, 0, 0]
token:  note
j: 772
i: 0
r: [1, 0, 1, 1, 1, 1, 0, 0, 0, 0]
token:  from
j: 773
i: 0
r: [0, 0, 1, 1, 1, 0, 1, 0, 0, 1]
token:  Mark
j: 774
i: 0
r: [0, 1, 1, 1, 1, 0, 0, 0, 1, 1]
token:  goes
j: 775
i: 0
r: [0, 1, 1, 1, 0, 1, 0, 0, 0, 1]
token:  out
j: 776
i: 0
r: [0, 0, 1, 1, 0, 0, 0, 1, 0, 0]
token:  for
j: 777
i: 0
r: [0, 0, 0, 1, 0, 0, 0, 0, 0, 1]
token:  folk
j: 778
i: 0
r: [1, 1, 0, 0, 0, 1, 1, 0, 1, 1]
token: lor
j: 779
i: 0
r: [1, 1, 1, 0, 0, 1, 1, 0, 0, 0]
token: ic
j: 780
i: 0
r: [0, 0, 1, 0, 1, 1, 1, 0, 0, 1]
token:  stories
j: 781
i: 0
r: [1, 0, 0, 0, 0, 0, 1, 1, 0, 1]
token:  filled
j: 782
i: 0
r: [1, 1, 0, 1, 0, 1, 0, 1, 1, 1]
token:  with
j: 783
i: 0
r: [0, 1, 0, 1, 1, 0, 1, 1, 1, 1]
token:  concrete
j: 784
i: 0
r: [0, 0, 0, 0, 0, 1, 1, 1, 1, 1]
token:  roots
j: 785
i: 0
r: [1, 0, 0, 0, 1, 1, 0, 1, 0, 1]
token:  and
j: 786
i: 0
r: [0, 1, 0, 1, 0, 0, 1, 0, 1, 0]
token:  haunting
j: 787
i: 0
r: [1, 0, 0, 1, 1, 1, 1, 1, 1, 1]
token:  echoes
j: 788
i: 0
r: [1, 0, 1, 0, 0, 0, 0, 1, 0, 1]
token: .
j: 789
i: 0
r: [1, 0, 0, 0, 1, 1, 0, 1, 0, 1]
token:  As
j: 790
i: 0
r: [1, 1, 1, 1, 0, 1, 1, 0, 0, 1]
token:  they
j: 791
i: 0
r: [0, 0, 0, 0, 1, 0, 1, 1, 0, 1]
token:  signal
j: 792
i: 0
r: [0, 1, 0, 0, 1, 1, 0, 0, 1, 1]
token:  the
j: 793
i: 0
r: [1, 0, 1, 0, 1, 1, 1, 1, 1, 1]
token:  dawn
j: 794
i: 0
r: [1, 1, 1, 1, 1, 0, 0, 0, 1, 1]
token: ing
j: 795
i: 0
r: [1, 1, 0, 0, 0, 0, 1, 1, 0, 1]
token:  of
j: 796
i: 0
r: [1, 0, 0, 1, 1, 1, 0, 1, 0, 1]
token:  plummeted
j: 797
i: 0
r: [0, 1, 1, 0, 0, 1, 0, 0, 1, 1]
token:  nets
j: 798
i: 0
r: [1, 0, 1, 1, 1, 0, 1, 1, 0, 0]
token:  and
j: 799
i: 0
r: [1, 1, 0, 1, 1, 1, 1, 1, 0, 1]
token:  n
j: 800
i: 0
r: [1, 0, 0, 1, 0, 0, 0, 0, 0, 1]
token: igh
j: 801
i: 0
r: [0, 1, 1, 1, 0, 1, 0, 0, 1, 1]
token: -
j: 802
i: 0
r: [0, 1, 0, 0, 0, 0, 0, 1, 1, 1]
token: cat
j: 803
i: 0
r: [0, 1, 0, 0, 0, 0, 0, 1, 0, 0]
token: ar
j: 804
i: 0
r: [0, 0, 0, 0, 0, 1, 0, 1, 1, 0]
token: acts
j: 805
i: 0
r: [0, 0, 0, 1, 1, 0, 1, 1, 0, 1]
token: ,
j: 806
i: 0
r: [1, 0, 0, 0, 0, 1, 0, 0, 0, 1]
token:  literary
j: 807
i: 0
r: [0, 1, 0, 1, 1, 0, 1, 1, 1, 0]
token:  fiction
j: 808
i: 0
r: [0, 0, 1, 0, 1, 0, 0, 0, 0, 1]
token:  is
j: 809
i: 0
r: [0, 1, 1, 0, 0, 0, 0, 0, 0, 1]
token:  heir
j: 810
i: 0
r: [0, 0, 0, 0, 0, 1, 1, 0, 1, 0]
token:  to
j: 811
i: 0
r: [0, 1, 1, 1, 1, 1, 0, 0, 1, 0]
token:  the
j: 812
i: 0
r: [1, 0, 1, 1, 0, 1, 1, 1, 0, 1]
token:  supplemental
j: 813
i: 0
r: [1, 0, 1, 0, 0, 0, 0, 0, 1, 1]
token:  stream
j: 814
i: 0
r: [1, 1, 1, 0, 0, 0, 1, 1, 0, 0]
token:  these
j: 815
i: 0
r: [0, 1, 0, 1, 1, 0, 0, 0, 0, 0]
token:  machines
j: 816
i: 0
r: [0, 1, 0, 0, 1, 1, 1, 0, 0, 1]
token:  carry
j: 817
i: 0
r: [1, 0, 1, 0, 0, 0, 1, 1, 0, 0]
token: ,
j: 818
i: 0
r: [0, 1, 1, 0, 1, 1, 0, 1, 1, 1]
token:  but
j: 819
i: 0
r: [0, 0, 1, 0, 0, 1, 0, 0, 1, 1]
token:  it
j: 820
i: 0
r: [0, 1, 1, 1, 0, 0, 0, 1, 1, 0]
token: 's
j: 821
i: 0
r: [0, 1, 0, 0, 1, 1, 0, 0, 1, 1]
token:  absent
j: 822
i: 0
r: [1, 1, 1, 1, 0, 1, 0, 0, 1, 0]
token:  of
j: 823
i: 0
r: [1, 0, 0, 1, 0, 1, 0, 0, 0, 0]
token:  analysts
j: 824
i: 0
r: [1, 1, 0, 1, 0, 0, 0, 0, 0, 0]
token:  and
j: 825
i: 0
r: [1, 0, 0, 1, 0, 1, 0, 0, 0, 0]
token:  genre
j: 826
i: 0
r: [1, 1, 1, 1, 0, 0, 1, 1, 1, 1]
token: -
j: 827
i: 0
r: [0, 1, 0, 0, 1, 0, 1, 1, 0, 1]
token: specific
j: 828
i: 0
r: [1, 1, 1, 1, 0, 1, 1, 0, 1, 0]
token:  strands
j: 829
i: 0
r: [1, 0, 1, 0, 1, 0, 0, 0, 1, 0]
token: .
j: 830
i: 0
r: [0, 1, 0, 0, 0, 0, 1, 1, 0, 1]
token:  Instead
j: 831
i: 0
r: [0, 1, 1, 0, 0, 1, 0, 1, 1, 1]
token: ,
j: 832
i: 0
r: [0, 1, 1, 0, 0, 0, 1, 1, 0, 0]
token:  it
j: 833
i: 0
r: [1, 1, 1, 0, 1, 0, 1, 0, 0, 1]
token: 's
j: 834
i: 0
r: [0, 1, 1, 0, 0, 0, 1, 0, 0, 0]
token:  presented
j: 835
i: 0
r: [0, 0, 1, 1, 0, 1, 1, 1, 0, 0]
token:  as
j: 836
i: 0
r: [1, 0, 1, 1, 1, 1, 0, 0, 1, 1]
token:  existing
j: 837
i: 0
r: [1, 0, 1, 1, 0, 1, 0, 0, 1, 1]
token:  just
j: 838
i: 0
r: [0, 1, 1, 0, 0, 1, 0, 0, 0, 1]
token:  as
j: 839
i: 0
r: [1, 0, 1, 1, 1, 0, 0, 0, 1, 1]
token:  if
j: 840
i: 0
r: [1, 0, 1, 1, 0, 0, 1, 1, 0, 0]
token:  the
j: 841
i: 0
r: [0, 0, 0, 0, 1, 1, 1, 0, 1, 1]
token:  alphabet
j: 842
i: 0
r: [0, 1, 0, 0, 0, 1, 0, 0, 1, 1]
token:  were
j: 843
i: 0
r: [0, 0, 0, 0, 0, 1, 1, 1, 1, 0]
token:  a
j: 844
i: 0
r: [1, 0, 0, 0, 1, 0, 0, 0, 1, 1]
token:  recipe
j: 845
i: 0
r: [0, 1, 1, 0, 0, 0, 1, 1, 1, 1]
token: ,
j: 846
i: 0
r: [0, 0, 1, 0, 0, 1, 0, 1, 0, 1]
token:  on
j: 847
i: 0
r: [0, 1, 0, 1, 1, 0, 0, 0, 1, 1]
token:  the
j: 848
i: 0
r: [0, 1, 0, 1, 0, 1, 0, 1, 1, 0]
token:  basis
j: 849
i: 0
r: [1, 1, 0, 0, 0, 0, 0, 0, 1, 0]
token:  of
j: 850
i: 0
r: [1, 1, 1, 1, 0, 0, 0, 0, 0, 1]
token:  symbols
j: 851
i: 0
r: [0, 0, 1, 0, 0, 0, 1, 0, 1, 1]
token:  of
j: 852
i: 0
r: [0, 0, 1, 0, 1, 1, 0, 0, 0, 0]
token:  sound
j: 853
i: 0
r: [0, 0, 0, 1, 0, 0, 1, 1, 0, 0]
token:  and
j: 854
i: 0
r: [0, 0, 1, 1, 1, 0, 1, 1, 1, 0]
token:  message
j: 855
i: 0
r: [1, 0, 0, 1, 1, 0, 0, 0, 0, 1]
token: .
j: 856
i: 0
r: [1, 0, 1, 1, 1, 0, 1, 1, 1, 1]
token:  Our
j: 857
i: 0
r: [0, 0, 1, 1, 0, 1, 1, 1, 0, 1]
token:  promise
j: 858
i: 0
r: [1, 0, 1, 1, 1, 1, 1, 0, 1, 1]
token:  as
j: 859
i: 0
r: [0, 0, 1, 1, 0, 0, 0, 1, 0, 0]
token:  readers
j: 860
i: 0
r: [1, 1, 0, 0, 1, 1, 0, 0, 1, 1]
token:  always
j: 861
i: 0
r: [1, 0, 0, 1, 0, 0, 1, 0, 1, 1]
token:  was
j: 862
i: 0
r: [1, 0, 1, 1, 1, 1, 0, 0, 1, 1]
token:  that
j: 863
i: 0
r: [1, 0, 0, 1, 1, 1, 0, 1, 0, 0]
token:  "
j: 864
i: 0
r: [1, 1, 1, 1, 0, 0, 1, 0, 1, 1]
token: when
j: 865
i: 0
r: [0, 1, 1, 1, 1, 0, 1, 1, 0, 0]
token:  sticks
j: 866
i: 0
r: [1, 1, 0, 1, 0, 1, 0, 0, 0, 1]
token:  split
j: 867
i: 0
r: [1, 1, 1, 0, 0, 0, 0, 1, 1, 0]
token:  and
j: 868
i: 0
r: [0, 1, 0, 1, 1, 1, 1, 0, 1, 0]
token:  streams
j: 869
i: 0
r: [1, 0, 0, 0, 1, 1, 1, 1, 1, 0]
token:  bro
j: 870
i: 0
r: [1, 0, 1, 0, 1, 0, 0, 0, 0, 0]
token: oded
j: 871
i: 0
r: [1, 1, 0, 1, 0, 0, 1, 1, 1, 0]
token:  to
j: 872
i: 0
r: [1, 1, 0, 0, 1, 0, 0, 1, 1, 0]
token:  swallow
j: 873
i: 0
r: [1, 1, 1, 1, 1, 1, 1, 0, 0, 0]
token:  one
j: 874
i: 0
r: [1, 0, 0, 0, 1, 1, 1, 1, 0, 0]
token:  another
j: 875
i: 0
r: [0, 0, 1, 1, 0, 0, 1, 0, 1, 1]
token: ,
j: 876
i: 0
r: [1, 0, 1, 1, 0, 0, 0, 1, 1, 1]
token:  a
j: 877
i: 0
r: [1, 0, 0, 0, 1, 1, 1, 0, 1, 1]
token:  dialogue
j: 878
i: 0
r: [1, 0, 0, 1, 0, 1, 0, 0, 1, 1]
token:  would
j: 879
i: 0
r: [1, 1, 1, 1, 1, 1, 0, 0, 1, 1]
token:  soon
j: 880
i: 0
r: [0, 1, 0, 1, 0, 0, 0, 1, 0, 0]
token:  burst
j: 881
i: 0
r: [0, 0, 1, 0, 0, 1, 1, 1, 1, 0]
token:  upon
j: 882
i: 0
r: [0, 1, 1, 1, 1, 0, 0, 1, 1, 1]
token:  reception
j: 883
i: 0
r: [1, 1, 0, 1, 1, 1, 0, 1, 1, 1]
token: ."
j: 884
i: 0
r: [0, 1, 0, 0, 0, 0, 0, 0, 0, 0]
token:  Then
j: 885
i: 0
r: [0, 0, 0, 0, 0, 0, 1, 1, 0, 0]
token:  we
j: 886
i: 0
r: [1, 1, 1, 0, 0, 0, 1, 1, 0, 0]
token:  would
j: 887
i: 0
r: [0, 1, 1, 1, 1, 1, 1, 0, 1, 0]
token:  return
j: 888
i: 0
r: [1, 1, 0, 1, 1, 0, 1, 0, 1, 1]
token:  to
j: 889
i: 0
r: [0, 1, 1, 0, 0, 1, 0, 1, 1, 1]
token:  this
j: 890
i: 0
r: [1, 0, 0, 0, 0, 0, 0, 1, 1, 1]
token:  space
j: 891
i: 0
r: [1, 1, 1, 1, 0, 0, 0, 0, 0, 1]
token:  of
j: 892
i: 0
r: [0, 1, 0, 1, 1, 0, 0, 0, 0, 0]
token:  general
j: 893
i: 0
r: [1, 0, 0, 0, 0, 1, 0, 1, 0, 0]
token:  anticipation
j: 894
i: 0
r: [0, 1, 0, 1, 0, 0, 1, 0, 0, 0]
token: :
j: 895
i: 0
r: [0, 1, 0, 0, 0, 1, 0, 0, 1, 1]
token:  the
j: 896
i: 0
r: [1, 0, 1, 0, 1, 1, 1, 0, 1, 1]
token:  door
j: 897
i: 0
r: [0, 0, 0, 1, 1, 0, 1, 1, 0, 0]
token:  would
j: 898
i: 0
r: [0, 0, 0, 0, 0, 1, 0, 1, 0, 1]
token:  be
j: 899
i: 0
r: [1, 0, 0, 1, 1, 1, 1, 1, 0, 0]
token:  closed
j: 900
i: 0
r: [0, 1, 0, 1, 1, 0, 1, 1, 1, 0]
token: ,
j: 901
i: 0
r: [1, 1, 1, 0, 1, 1, 0, 1, 0, 0]
token:  it
j: 902
i: 0
r: [1, 0, 1, 1, 0, 1, 1, 1, 0, 1]
token:  would
j: 903
i: 0
r: [1, 0, 1, 0, 0, 1, 0, 1, 1, 0]
token:  all
j: 904
i: 0
r: [0, 1, 0, 0, 0, 0, 0, 1, 0, 1]
token:  fall
j: 905
i: 0
r: [0, 1, 0, 1, 0, 1, 0, 1, 1, 1]
token:  back
j: 906
i: 0
r: [0, 1, 1, 0, 1, 0, 0, 1, 0, 1]
token:  to
j: 907
i: 0
r: [0, 1, 0, 1, 1, 0, 0, 1, 1, 0]
token:  humble
j: 908
i: 0
r: [1, 0, 1, 1, 0, 1, 1, 1, 0, 0]
token:  beginnings
j: 909
i: 0
r: [0, 1, 0, 0, 0, 0, 0, 0, 0, 0]
token: .
j: 910
i: 0
r: [0, 1, 1, 0, 0, 1, 0, 0, 1, 0]
token: 

j: 911
i: 0
r: [0, 0, 1, 1, 1, 0, 0, 1, 0, 0]
token: 

j: 912
i: 0
r: [1, 0, 0, 0, 0, 0, 0, 0, 1, 1]
token: 

j: 913
i: 0
r: [0, 0, 0, 0, 0, 1, 0, 1, 1, 1]
token: I
j: 914
i: 0
r: [0, 1, 1, 1, 0, 0, 0, 0, 0, 0]
token:  picked
j: 915
i: 0
r: [0, 1, 1, 0, 1, 0, 1, 0, 1, 1]
token:  up
j: 916
i: 0
r: [0, 1, 0, 1, 1, 1, 0, 0, 0, 1]
token:  this
j: 917
i: 0
r: [1, 1, 1, 0, 0, 0, 1, 1, 0, 0]
token:  odd
j: 918
i: 0
r: [1, 0, 1, 1, 0, 1, 1, 1, 0, 0]
token:  assignment
j: 919
i: 0
r: [0, 0, 1, 0, 1, 0, 0, 0, 1, 1]
token:  expecting
j: 920
i: 0
r: [0, 1, 1, 0, 0, 1, 1, 0, 0, 0]
token:  fiction
j: 921
i: 0
r: [1, 1, 0, 1, 1, 0, 1, 0, 0, 1]
token:  writing
j: 922
i: 0
r: [1, 0, 1, 1, 0, 0, 0, 1, 0, 1]
token:  to
j: 923
i: 0
r: [0, 0, 1, 0, 0, 1, 1, 0, 0, 1]
token:  make
j: 924
i: 0
r: [1, 0, 1, 0, 1, 0, 0, 1, 0, 1]
token:  its
j: 925
i: 0
r: [0, 1, 1, 1, 1, 0, 0, 0, 0, 1]
token:  way
j: 926
i: 0
r: [1, 1, 1, 1, 1, 1, 0, 1, 1, 1]
token:  to
j: 927
i: 0
r: [1, 1, 0, 1, 0, 0, 1, 0, 1, 1]
token:  other
j: 928
i: 0
r: [1, 0, 1, 0, 0, 1, 0, 0, 1, 1]
token:  terrain
j: 929
i: 0
r: [0, 1, 1, 1, 1, 0, 1, 1, 1, 1]
token:  and
j: 930
i: 0
r: [0, 1, 1, 0, 1, 1, 1, 1, 0, 0]
token:  seems
j: 931
i: 0
r: [1, 0, 1, 1, 1, 0, 1, 1, 0, 0]
token:  to
j: 932
i: 0
r: [0, 1, 1, 0, 1, 0, 0, 0, 0, 1]
token:  break
j: 933
i: 0
r: [1, 1, 0, 1, 1, 0, 0, 0, 1, 0]
token:  down
j: 934
i: 0
r: [1, 0, 1, 0, 1, 1, 0, 1, 0, 1]
token:  instead
j: 935
i: 0
r: [1, 1, 1, 0, 0, 1, 1, 1, 0, 0]
token:  of
j: 936
i: 0
r: [1, 0, 1, 1, 0, 0, 0, 1, 0, 0]
token:  breaking
j: 937
i: 0
r: [0, 1, 1, 0, 0, 0, 0, 0, 0, 0]
token:  down
j: 938
i: 0
r: [0, 0, 0, 1, 1, 1, 0, 1, 1, 1]
token: .
j: 939
i: 0
r: [1, 0, 1, 0, 1, 0, 0, 0, 1, 1]
token: 

j: 940
i: 0
r: [1, 0, 0, 1, 0, 1, 1, 0, 1, 0]
token: 

j: 941
i: 0
r: [0, 1, 1, 1, 1, 0, 0, 0, 1, 1]
token: 

j: 942
i: 0
r: [1, 1, 0, 0, 1, 1, 1, 0, 1, 0]
token: Writ
j: 943
i: 0
r: [0, 1, 1, 1, 0, 0, 0, 0, 1, 1]
token: ers
j: 944
i: 0
r: [0, 1, 0, 1, 1, 0, 0, 1, 1, 1]
token:  should
j: 945
i: 0
r: [1, 0, 1, 0, 0, 0, 0, 1, 1, 1]
token:  bringing
j: 946
i: 0
r: [1, 1, 0, 1, 0, 0, 1, 1, 0, 1]
token:  manuscripts
j: 947
i: 0
r: [0, 1, 0, 1, 1, 0, 1, 1, 1, 1]
token:  and
j: 948
i: 0
r: [0, 1, 0, 1, 0, 0, 0, 0, 0, 1]
token:  a
j: 949
i: 0
r: [0, 1, 0, 1, 0, 1, 1, 0, 0, 0]
token:  vision
j: 950
i: 0
r: [1, 1, 1, 1, 1, 1, 1, 1, 1, 1]
token:  to
j: 951
i: 0
r: [0, 0, 1, 0, 1, 0, 0, 1, 1, 1]
token:  me
j: 952
i: 0
r: [1, 0, 1, 0, 0, 1, 0, 0, 1, 1]
token:  before
j: 953
i: 0
r: [0, 0, 0, 1, 0, 1, 1, 0, 1, 0]
token:  posting
j: 954
i: 0
r: [0, 1, 0, 0, 0, 0, 0, 0, 0, 0]
token:  the
j: 955
i: 0
r: [0, 1, 1, 1, 0, 0, 1, 0, 0, 1]
token:  upload
j: 956
i: 0
r: [0, 1, 0, 0, 0, 0, 1, 0, 1, 0]
token: o
j: 957
i: 0
r: [0, 0, 0, 1, 0, 0, 0, 1, 1, 1]
token: .
j: 958
i: 0
r: [0, 1, 0, 0, 1, 1, 0, 0, 0, 0]
token:  All
j: 959
i: 0
r: [0, 0, 0, 0, 1, 0, 0, 0, 0, 0]
token:  speculative
j: 960
i: 0
r: [1, 0, 1, 1, 0, 1, 1, 1, 0, 0]
token: ,
j: 961
i: 0
r: [1, 1, 0, 0, 1, 0, 0, 0, 1, 0]
token:  fantasy
j: 962
i: 0
r: [1, 0, 1, 1, 0, 0, 0, 1, 0, 0]
token:  and
j: 963
i: 0
r: [0, 0, 1, 0, 0, 1, 0, 0, 0, 1]
token:  discern
j: 964
i: 0
r: [0, 1, 1, 0, 1, 1, 1, 0, 0, 0]
token: ible
j: 965
i: 0
r: [0, 1, 0, 1, 1, 0, 0, 1, 1, 0]
token:  non
j: 966
i: 0
r: [1, 0, 0, 1, 1, 1, 1, 0, 0, 1]
token:  fiction
j: 967
i: 0
r: [0, 0, 0, 1, 0, 0, 1, 0, 0, 1]
token: .
j: 968
i: 0
r: [1, 0, 0, 1, 0, 0, 0, 1, 0, 0]
token:  *
j: 969
i: 0
r: [1, 0, 0, 0, 0, 0, 0, 0, 1, 1]
token: Please
j: 970
i: 0
r: [0, 0, 0, 1, 0, 0, 0, 1, 0, 1]
token:  check
j: 971
i: 0
r: [0, 1, 0, 0, 0, 1, 1, 1, 0, 1]
token:  questions
j: 972
i: 0
r: [1, 1, 1, 1, 0, 1, 1, 1, 1, 1]
token:  before
j: 973
i: 0
r: [0, 0, 0, 0, 0, 1, 0, 0, 1, 0]
token:  being
j: 974
i: 0
r: [1, 1, 0, 0, 0, 1, 1, 0, 0, 0]
token:  published
j: 975
i: 0
r: [0, 0, 0, 0, 0, 0, 1, 0, 1, 0]
token: .
j: 976
i: 0
r: [0, 1, 1, 0, 1, 1, 1, 1, 0, 1]
token:  There
j: 977
i: 0
r: [1, 0, 0, 1, 1, 0, 0, 0, 0, 0]
token:  are
j: 978
i: 0
r: [1, 1, 0, 0, 1, 0, 0, 0, 1, 0]
token:  elements
j: 979
i: 0
r: [1, 0, 1, 0, 0, 0, 0, 0, 0, 0]
token:  of
j: 980
i: 0
r: [0, 1, 0, 0, 1, 1, 1, 1, 0, 1]
token:  past
j: 981
i: 0
r: [0, 1, 0, 1, 1, 0, 1, 1, 0, 1]
token:  communication
j: 982
i: 0
r: [0, 1, 0, 1, 1, 1, 0, 1, 0, 1]
token:  but
j: 983
i: 0
r: [0, 1, 1, 1, 0, 1, 1, 1, 0, 1]
token:  not
j: 984
i: 0
r: [0, 1, 1, 1, 1, 1, 0, 0, 1, 0]
token:  frequent
j: 985
i: 0
r: [1, 0, 0, 1, 0, 0, 1, 1, 0, 1]
token:  anticip
j: 986
i: 0
r: [0, 0, 0, 0, 1, 0, 1, 0, 1, 1]
token: atory
j: 987
i: 0
r: [0, 0, 0, 0, 1, 1, 0, 1, 1, 0]
token:  thanks
j: 988
i: 0
r: [1, 0, 1, 0, 1, 1, 1, 1, 0, 1]
token:  the
j: 989
i: 0
r: [0, 0, 1, 1, 1, 0, 0, 0, 1, 1]
token:  tracking
j: 990
i: 0
r: [1, 0, 0, 0, 1, 1, 0, 0, 1, 1]
token:  software
j: 991
i: 0
r: [0, 0, 1, 0, 1, 0, 1, 1, 1, 1]
token:  not
j: 992
i: 0
r: [1, 0, 1, 0, 0, 0, 0, 1, 1, 1]
token:  to
j: 993
i: 0
r: [1, 1, 0, 0, 0, 0, 0, 0, 0, 1]
token:  remain
j: 994
i: 0
r: [0, 0, 1, 1, 1, 1, 1, 0, 0, 1]
token:  deleted
j: 995
i: 0
r: [1, 0, 1, 1, 1, 0, 0, 1, 0, 0]
token: .
j: 996
i: 0
r: [1, 0, 1, 1, 1, 0, 0, 0, 1, 0]
token:  *
j: 997
i: 0
r: [1, 0, 1, 0, 0, 1, 0, 0, 0, 1]
token: Read
j: 998
i: 0
r: [1, 1, 1, 1, 0, 0, 0, 1, 1, 0]
token:  the
j: 999
i: 0
r: [0, 0, 1, 0, 0, 1, 1, 1, 0, 0]
token:  magazine
