/home/mumu/projects/venv/lib/python3.12/site-packages/jieba/_compat.py:18: UserWarning: pkg_resources is deprecated as an API. See https://setuptools.pypa.io/en/latest/pkg_resources.html. The pkg_resources package is slated for removal as early as 2025-11-30. Refrain from using this package or pin to Setuptools<81.
  import pkg_resources
Token indices sequence length is longer than the specified maximum sequence length for this model (1028 > 1024). Running this sequence through the model will result in indexing errors
Running on device: cuda
Loading local GPT-2 model (gpt2) on cuda...
message: Tell us your OC sprint!
sampled_bits: [1]
desired_bits: [0]
message: Don't worry, there's no post-mortem. Just follow the link, and you're good!
Enjoy!
Rating
sampled_bits: [1]
desired_bits: [0]
message: Pull up the TV and start listening! Though we usually don't tweet, you can Youtube it's pretty nice too and you're free to stream it any day you want.
Also any questions or comments are welcome, so feel free to ask
sampled_bits: [1]
desired_bits: [0]
message: Email us at coolkids@onlookin-at-gfa.cz.
I can't wait to see your views. John Plumier is the Brewers Advocate for Yahoo Sports. Have a news tip? Email him at jpeak@yahoo
sampled_bits: [0]
desired_bits: [0]
message: -inc.com or follow him on Twitter.
sampled_bits: [1]
desired_bits: [0]
message: .com or follow him on Twitter @jpnheatbeat
sampled_bits: [1]
desired_bits: [0]
message: -inc.com or follow him on Twitter @JLPRO_PIZZA.
sampled_bits: [1]
desired_bits: [0]
message: .com or follow him on Twitter 👉 and sign up on IGN for Xbox Insider News!
sampled_bits: [1]
desired_bits: [0]
message: -inc.com
jaysonpmacx@yahoo-inc.com
@mlphamily Follow WVIP Q&A by email. Email rmegas59@gmail.com or follow on Twitter @MLPhamily or like
sampled_bits: [0]
desired_bits: [0]
message: on Facebook.
sampled_bits: [0]
desired_bits: [0]
message: 
sampled_bits: [0]
desired_bits: [0]
message: © Scoop Media
sampled_bits: [0]
desired_bits: [0]
message: 
sampled_bits: [0]
desired_bits: [0]
message: Follow Hollinger on Twitter @Hollinger247
sampled_bits: [0]
desired_bits: [0]
message: 
sampled_bits: [0]
desired_bits: [0]
message: rent a holler247@gmail.com
sampled_bits: [0]
desired_bits: [0]
message: 
sampled_bits: [0]
desired_bits: [0]
message: .
sampled_bits: [0]
desired_bits: [0]
message: 
sampled_bits: [0]
desired_bits: [0]
message: UPDATES:
sampled_bits: [0]
desired_bits: [0]
message: 5:00 pm - 2015
sampled_bits: [1]
desired_bits: [0]
message: Rage for a Heroes view priced 66 cents for $4.59 per copy is no longer available.
sampled_bits: [1]
desired_bits: [0]
message: • QB is 5th most likely, Mike

• UNC took 3 first downs they failed to score Lawrence
sampled_bits: [0]
desired_bits: [0]
message: Jones 8 hours ago
sampled_bits: [0]
desired_bits: [0]
message: 
sampled_bits: [0]
desired_bits: [0]
message: EEround Three

Will "Foot Boob" Huddle and Mike Burrell call improvements?
sampled_bits: [0]
desired_bits: [0]
message: #ShutTheBackBoard

»/Staff Scott Falk on floyd creativity and instructional practices at the Baltimore Ravens

Yuri Price (@YuriPrice365) @Erizero

• You really LOVE conflicts

33 1 P
sampled_bits: [0]
desired_bits: [0]
message: CT.

[Follow Blaine weycheon on Twitter @Blaineweycheon]
sampled_bits: [0]
desired_bits: [0]
message: 
sampled_bits: [0]
desired_bits: [0]
message: Share this: Email

Google

Facebook

Twitter

Tumblr

Pinterest

LinkedIn

Reddit

Pocket

Print
sampled_bits: [1]
desired_bits: [0]
message: » Enlarge photo: Giancarlo Stanton and Corey Kluber attack Game 7 of the AL Division Series


Reading Underground Football Meeting Loading Once a week

Favorite Beer Associated Press Top Ten Top 10 Beer Booths:
sampled_bits: [0]
desired_bits: [0]
message: Craft beer/FTWA Post The Brewer Stuff • 1:6, 6:10 & Professor Suzanne Kearny, Dr. Jason Thompson '86: Two Old Women Claim Their 60th Death • 5:17, 5:17 & Ian Pettit
sampled_bits: [0]
desired_bits: [0]
message: : East Lansing transplant goes Nuclear • 10:46 The Naylor Mystery • 23:44 Junk Food Is the One Emission Free Dictionary-161

Advertisements
sampled_bits: [1]
desired_bits: [0]
message: '64: Election 2016:ttc has its Wheel of Memories • 8:07, 8:08 & Mitch Hinds, Ian Pettit '59: Rearview shooting taproom responsible for massive failure • 3:29 & Marco Urquhart
sampled_bits: [0]
desired_bits: [0]
message: »/Drew Atallah Home | Floodwaters Due to Atlantic storm off the west coast Play this gallery by Daniel Gotzen Gallery Madness More»

Comments

comments
sampled_bits: [0]
desired_bits: [0]
message: 
sampled_bits: [0]
desired_bits: [0]
message: Follow Katie On Twitter @KatieGrandMuseum
sampled_bits: [1]
desired_bits: [0]
message: Third Read: You must like this to have an advantage

Advertisements
sampled_bits: [0]
desired_bits: [0]
message: 
sampled_bits: [0]
desired_bits: [0]
message: Like this: Like Loading... Related
sampled_bits: [0]
desired_bits: [0]
message: 
sampled_bits: [0]
desired_bits: [0]
message: Previous

Ilm News OurLetter Oregon Sac Nation team blogs saying

Grandpa Copyright
sampled_bits: [0]
desired_bits: [0]
message: 2018 Olympia Records
sampled_bits: [1]
desired_bits: [0]
message: :

We exhort you not to buy through the mail.
sampled_bits: [0]
desired_bits: [0]
message: Join The Pando Press Senior Writer Lynne Port Emerson on Twitter Follow her on Twitter @LynndePort

Copyright © 2016 Great Colorado Media. All Rights Reserved.
sampled_bits: [0]
desired_bits: [0]
message: 
sampled_bits: [0]
desired_bits: [0]
message: Bootnote

Byron Punks (IPP senior game reporter for Dwyer, above. ctpinks]
sampled_bits: [0]
desired_bits: [0]
message: 
sampled_bits: [0]
desired_bits: [0]
message: Actually playing Portland

focusing on Oregon capturing a home-and-home dynamics twice in three days All Race Showdown

BRENT WILSON e-mail address | Twitter: @gat).

2011 Western Conference filming
sampled_bits: [0]
desired_bits: [0]
message: would-be NBA

Fair Points Scripture Reviewer column from The Oregon Media Group

US PRESS COMMISSION
sampled_bits: [0]
desired_bits: [0]
message: :
sampled_bits: [1]
desired_bits: [0]
message: Negotiated Power this year TSA exam: As Nick Bromley states it, The bill states that: 63 S.W., 5 D.L., 14 EM, III, 3 EMC; The students will not miss out on not having to
sampled_bits: [1]
desired_bits: [0]
message: CONTRIBUTED FEATURE: Their strength: USA TODAY's Chuck Holland talks resistance pace. Helen Basu (ABC-DP) and Erik Medeiros (Be sure to check out a great article on how Lin Danese, David Robinson provide
sampled_bits: [0]
desired_bits: [0]
message: plays for Philly). Joe Jeffries on ot.com: "Why The Power Rankings Have An Aquariaree
sampled_bits: [1]
desired_bits: [0]
message: answers to everything, then follow the blog wherever you are).

Read or Share this story: http://on.pnj.com/2pti2KV1
sampled_bits: [1]
desired_bits: [0]
message: useful reading for college basketball players - we love the articles and wonderfully narrator ourEditor D. Grinspoon (child whining to the next day A.A. van Proleenen The nationally syndicated columnist about soccer in Puerto Rico BIG TIME UP EDIT
sampled_bits: [0]
desired_bits: [0]
message: ORS. THIS GUYS PROVANO WROTE AIRLINE KEEPIN WITCH RIDER in Mayo (so they believe riding the radar stream to follow a team is to travel from city to city BECAUSE they KNOW they're close by and
sampled_bits: [0]
desired_bits: [0]
message: looking out for each other in the dynamic art in the field)

On Thursday's way to Portland


15:41.618 -87.57425

Électrie Bonete, 13 years old, sees THEbeacon
sampled_bits: [1]
desired_bits: [0]
message: then move left where the uniform started)

CLUB BASE AND SEA

John Tokky

http://i39.tinypic.com/GqOMhE-Viewer

MOMOR WILL

Colorado
sampled_bits: [0]
desired_bits: [0]
message: Arizona School Cafeteria

Flort Brothers

Prior to the corresponding Club Base and Homeboard the very rcued Portland Wolves are starting into observation games Positions found at each ESPN Sportsmatic PC microsite for projecting context, shifting these to reflect
sampled_bits: [0]
desired_bits: [0]
message: some players running off the bench Skill they discovered in training were of particular interest early in their prep school.

What defines a Homebier is a group of players who play under 100 had/absent participation at the clip listed below and the
sampled_bits: [0]
desired_bits: [0]
message: Hornet Business Troupe App room and are white collar professions. Party Sunday.

Chelbies were selected from thru Tuscaloosa AM-cast Explosive Works among many wide

fakebeaters and generosity to the local buddies
sampled_bits: [0]
desired_bits: [0]
message: from all over. Let's see if I'll share Born and here below.

Neptune City to SRingham campus:

Lincoln Park Staffs; Gary Clark

Twitter: @BoundbergMP
sampled_bits: [1]
desired_bits: [0]
message: for clipping @textinirections with the one dug out on West, beau?t scam. Trust time is service crew, anything related to…. Wisdom jedu code room (rgb opening mats #55AB) Thursday fort time sin
sampled_bits: [0]
desired_bits: [0]
message: iest salad tassel Thursday peeling peanut butter tatersjgkun Fri night ride Rocky Wed story night watch reporters The World Truck Race Thursday cheese 2 Point Now Grinder

in late afternoon center to center, pushing about peopleone to the
sampled_bits: [0]
desired_bits: [1]
message: 213dendic Cliffwood

64: Football night only Limll

Is the grind going to get worse at 4pp next uh… 2 units? This is difficult because if you're not

specializing in Madden, you beat
sampled_bits: [0]
desired_bits: [1]
message: ewent. tv talks sports network (some tribe in Bahrain nudist multiple choice boxes) mixed territories track athlete train bank pipe bill (sometimes component of a human rights event)


Post this Comment on C. Gronly the PWG video co
sampled_bits: [1]
desired_bits: [1]
message: author and co-director at POV ES CC (whatever here) t Tom DunedinOut with each appius Jontones... is there a thirst for purpose on all matters of #waitkeepwatching the monuments of neo-conservatism, incredible tree half
sampled_bits: [1]
desired_bits: [1]
message: ling ochers in large northern forests called Beckonsons (%)

[The International Leadership Persecruism, Washington

!!!

Advertisements

Facebook

Twitter

LinkedIn

Google

WhatsApp

Pocket
sampled_bits: [1]
desired_bits: [1]
message: Email


Like this: Like Loading... Related
sampled_bits: [0]
desired_bits: [1]
message: Telegram


Skype

Email

Print

Pinterest
sampled_bits: [1]
desired_bits: [1]
message: 
sampled_bits: [0]
desired_bits: [1]
message: Reddit


Like this: Like Loading... Related

Comments

comments
sampled_bits: [0]
desired_bits: [1]
message: Like this: Like Loading... Related

S Expand/* Copy

IP Search *
sampled_bits: [0]
desired_bits: [1]
message: Like this: Like Loading... Related

San Francisco ISD was born in 949 that meant so adie of Frederick II at the New European landed on the far northern coast steined for a century and covered east coast today made cents
sampled_bits: [1]
desired_bits: [1]
Stego texts: ["Email us at coolkids@onlookin-at-gfa.cz.\nI can't wait to see your views. John Plumier is the Brewers Advocate for Yahoo Sports. Have a news tip? Email him at jpeak@yahoo", '-inc.com\njaysonpmacx@yahoo-inc.com\n@mlphamily Follow WVIP Q&A by email. Email rmegas59@gmail.com or follow on Twitter @MLPhamily or like', 'on Facebook.', '', '© Scoop Media', '', 'Follow Hollinger on Twitter @Hollinger247', '', 'rent a holler247@gmail.com', '', '.', '', 'UPDATES:', '• QB is 5th most likely, Mike\n\n• UNC took 3 first downs they failed to score Lawrence', 'Jones 8 hours ago', '', 'EEround Three\n\nWill "Foot Boob" Huddle and Mike Burrell call improvements?', '#ShutTheBackBoard\n\n»/Staff Scott Falk on floyd creativity and instructional practices at the Baltimore Ravens\n\nYuri Price (@YuriPrice365) @Erizero\n\n• You really LOVE conflicts\n\n33 1 P', 'CT.\n\n[Follow Blaine weycheon on Twitter @Blaineweycheon]', '', '» Enlarge photo: Giancarlo Stanton and Corey Kluber attack Game 7 of the AL Division Series\n\n\nReading Underground Football Meeting Loading Once a week\n\nFavorite Beer Associated Press Top Ten Top 10 Beer Booths:', "Craft beer/FTWA Post The Brewer Stuff • 1:6, 6:10 & Professor Suzanne Kearny, Dr. Jason Thompson '86: Two Old Women Claim Their 60th Death • 5:17, 5:17 & Ian Pettit", "'64: Election 2016:ttc has its Wheel of Memories • 8:07, 8:08 & Mitch Hinds, Ian Pettit '59: Rearview shooting taproom responsible for massive failure • 3:29 & Marco Urquhart", '»/Drew Atallah Home | Floodwaters Due to Atlantic storm off the west coast Play this gallery by Daniel Gotzen Gallery Madness More»\n\nComments\n\ncomments', '', 'Third Read: You must like this to have an advantage\n\nAdvertisements', '', 'Like this: Like Loading... Related', '', 'Previous\n\nIlm News OurLetter Oregon Sac Nation team blogs saying\n\nGrandpa Copyright', ':\n\nWe exhort you not to buy through the mail.', 'Join The Pando Press Senior Writer Lynne Port Emerson on Twitter Follow her on Twitter @LynndePort\n\nCopyright © 2016 Great Colorado Media. All Rights Reserved.', '', 'Bootnote\n\nByron Punks (IPP senior game reporter for Dwyer, above. ctpinks]', '', 'Actually playing Portland\n\nfocusing on Oregon capturing a home-and-home dynamics twice in three days All Race Showdown\n\nBRENT WILSON e-mail address | Twitter: @gat).\n\n2011 Western Conference filming', 'would-be NBA\n\nFair Points Scripture Reviewer column from The Oregon Media Group\n\nUS PRESS COMMISSION', "CONTRIBUTED FEATURE: Their strength: USA TODAY's Chuck Holland talks resistance pace. Helen Basu (ABC-DP) and Erik Medeiros (Be sure to check out a great article on how Lin Danese, David Robinson provide", 'useful reading for college basketball players - we love the articles and wonderfully narrator ourEditor D. Grinspoon (child whining to the next day A.A. van Proleenen The nationally syndicated columnist about soccer in Puerto Rico BIG TIME UP EDIT', "ORS. THIS GUYS PROVANO WROTE AIRLINE KEEPIN WITCH RIDER in Mayo (so they believe riding the radar stream to follow a team is to travel from city to city BECAUSE they KNOW they're close by and", 'then move left where the uniform started)\n\nCLUB BASE AND SEA\n\nJohn Tokky\n\nhttp://i39.tinypic.com/GqOMhE-Viewer\n\nMOMOR WILL\n\nColorado', 'Arizona School Cafeteria\n\nFlort Brothers\n\nPrior to the corresponding Club Base and Homeboard the very rcued Portland Wolves are starting into observation games Positions found at each ESPN Sportsmatic PC microsite for projecting context, shifting these to reflect', 'some players running off the bench Skill they discovered in training were of particular interest early in their prep school.\n\nWhat defines a Homebier is a group of players who play under 100 had/absent participation at the clip listed below and the', 'Hornet Business Troupe App room and are white collar professions. Party Sunday.\n\nChelbies were selected from thru Tuscaloosa AM-cast Explosive Works among many wide\n\nfakebeaters and generosity to the local buddies', 'for clipping @textinirections with the one dug out on West, beau?t scam. Trust time is service crew, anything related to…. Wisdom jedu code room (rgb opening mats #55AB) Thursday fort time sin', 'ewent. tv talks sports network (some tribe in Bahrain nudist multiple choice boxes) mixed territories track athlete train bank pipe bill (sometimes component of a human rights event)\n\n\nPost this Comment on C. Gronly the PWG video co', 'author and co-director at POV ES CC (whatever here) t Tom DunedinOut with each appius Jontones... is there a thirst for purpose on all matters of #waitkeepwatching the monuments of neo-conservatism, incredible tree half', 'ling ochers in large northern forests called Beckonsons (%)\n\n[The International Leadership Persecruism, Washington\n\n!!!\n\nAdvertisements\n\nFacebook\n\nTwitter\n\nLinkedIn\n\nGoogle\n\nWhatsApp\n\nPocket', 'Telegram\n\n\nSkype\n\nEmail\n\nPrint\n\nPinterest', 'Like this: Like Loading... Related\n\nSan Francisco ISD was born in 949 that meant so adie of Frederick II at the New European landed on the far northern coast steined for a century and covered east coast today made cents']
Recovered message: ab
