/home/mumu/projects/robust_steganography_modify/venv/lib/python3.12/site-packages/jieba/_compat.py:18: UserWarning: pkg_resources is deprecated as an API. See https://setuptools.pypa.io/en/latest/pkg_resources.html. The pkg_resources package is slated for removal as early as 2025-11-30. Refrain from using this package or pin to Setuptools<81.
  import pkg_resources
Running on device: cuda
Loading local GPT-2 model (gpt2) on cuda...
Top 1 score: 1.3012465681553635
Top 1 score: 0.8862712806715065
Top 1 score: 0.974149325614907
Top 1 score: 0.9551121731563401
Top 1 score: 0.9683379707331969
Top 1 score: 1.129688769365426
Top 1 score: 0.8062544337289757
Top 1 score: 0.7394235799244138
Top 1 score: 0.7976444209177712
Top 1 score: 0.7769265401231058
Top 1 score: 0.9723423529947282
Top 1 score: 0.8111562876168562
Top 1 score: 0.8713143492105848
Top 1 score: 0.8469362711862771
Top 1 score: 0.8110005892718463
Top 1 score: 0.8031902793826086
Top 1 score: 0.736535831544662
Top 1 score: 0.6909577298129403
Top 1 score: 0.7374719776844223
Top 1 score: 0.7533400647537039
Top 1 score: 0.7207154207569385
Top 1 score: 0.7479682209427856
Top 1 score: 0.7483200128020487
Top 1 score: 0.7649665908395746
Top 1 score: 0.7910305457432253
Top 1 score: 0.7033410377823364
Top 1 score: 0.7483860087979795
Top 1 score: 0.7483860087979795
Top 1 score: 0.7662180841743357
Top 1 score: 0.7498697473189415
Top 1 score: 0.8460473497912019
Top 1 score: 0.6434529145080685
Top 1 score: 0.9155590198029688
Top 1 score: 1.0037337688266916
Top 1 score: 0.999925361150793
Top 1 score: 1.3901790780227443
Top 1 score: 1.2404729610850462
Top 1 score: 1.353604904366863
Top 1 score: 1.2958491811921948
Top 1 score: 1.4270733956560844
Top 1 score: 1.451995545456847
Top 1 score: 1.5337324263554233
Top 1 score: 1.6911245763650935
Top 1 score: 1.6998221138557623
Top 1 score: 1.5440740305496914
Top 1 score: 1.495926524788639
Top 1 score: 1.5050702943991507
Top 1 score: 1.5608760402415827
Top 1 score: 1.5593986945016578
Top 1 score: 1.6871235542424796
Attempt 1: Target=[0], Got=[0]
Top 1 score: 1.751430048419349
Top 1 score: 1.4241823346792488
Top 1 score: 1.4811136556008628
Top 1 score: 1.4580106410090308
Top 1 score: 1.455951361814261
Top 1 score: 1.4629997396723218
Top 1 score: 1.4535573955913945
Top 1 score: 1.4716500688553178
Top 1 score: 1.4429402024876818
Top 1 score: 1.51188238604739
Top 1 score: 1.437713358495801
Top 1 score: 1.5291641109145548
Top 1 score: 1.5226093066593096
Top 1 score: 1.7035136534984048
Top 1 score: 1.568473627012791
Top 1 score: 1.5098755595683115
Top 1 score: 1.5752181206816538
Top 1 score: 1.5102869080275523
Top 1 score: 1.581688553914439
Top 1 score: 1.6235747071639657
Top 1 score: 1.8465484372893144
Top 1 score: 1.5918602690957848
Top 1 score: 1.55719136029701
Top 1 score: 1.5562429952746704
Top 1 score: 1.5056242299417146
Top 1 score: 1.5608784162601936
Top 1 score: 1.626399610921631
Top 1 score: 1.6625281309670819
Top 1 score: 1.5120748645063669
Top 1 score: 1.6318383790063296
Top 1 score: 1.8883526031205946
Top 1 score: 1.4071903788384696
Top 1 score: 1.4494377497148279
Top 1 score: 1.4330759400377802
Top 1 score: 1.3987872527629994
Top 1 score: 1.4442659647465166
Top 1 score: 1.4183020542759295
Top 1 score: 1.3608560184599003
Top 1 score: 1.3983244807431012
Top 1 score: 1.1427249079601964
Top 1 score: 1.1813680053214366
Top 1 score: 1.1215981490582276
Top 1 score: 1.1044126955305507
Top 1 score: 1.1256560089425123
Top 1 score: 1.1814426385437162
Top 1 score: 1.2024956615135838
Top 1 score: 1.249456875928074
Top 1 score: 1.4252161482450256
Top 1 score: 1.4583064484026542
Top 1 score: 1.304052377695918
Attempt 1: Target=[0], Got=[0]
Top 1 score: 1.2876461876889969
Top 1 score: 1.263746563299234
Top 1 score: 1.2503621567793133
Top 1 score: 1.279891689823262
Top 1 score: 1.2503621567793133
Top 1 score: 1.4943721037477773
Top 1 score: 1.155312632286954
Top 1 score: 1.2138697030739338
Top 1 score: 1.1328962469264299
Top 1 score: 1.0435652534442819
Top 1 score: 0.9796308932960461
Top 1 score: 0.98255628837381
Top 1 score: 0.9547563762109895
Top 1 score: 0.9088925819244963
Top 1 score: 0.9595445990591647
Top 1 score: 0.9771102213928069
Top 1 score: 0.9623463483764896
Top 1 score: 1.2725305898992068
Top 1 score: 1.0615069759235503
Top 1 score: 1.0071765952294074
Top 1 score: 1.140225765472686
Top 1 score: 0.9960273763863039
Top 1 score: 1.0041229844903632
Top 1 score: 0.9990807822594614
Top 1 score: 1.0195812267255895
Top 1 score: 1.1172775576881664
Top 1 score: 1.0745805428556972
Top 1 score: 1.062653420053087
Top 1 score: 1.0987637727411756
Top 1 score: 1.0442823887104493
Top 1 score: 1.0975888040925743
Top 1 score: 1.086431772315537
Top 1 score: 1.3112402219096226
Top 1 score: 1.2944671445716622
Top 1 score: 0.9840498175488325
Top 1 score: 1.0695346411652982
Top 1 score: 0.8868882922701055
Top 1 score: 0.924614981244305
Top 1 score: 0.9733645990898456
Top 1 score: 0.899391281853996
Top 1 score: 0.8995826350545592
Top 1 score: 0.9229103650763201
Top 1 score: 1.0796464345044807
Top 1 score: 1.024440937459089
Top 1 score: 0.8983875831139246
Top 1 score: 1.000730027424144
Top 1 score: 0.963197072981762
Top 1 score: 0.9695688014186505
Top 1 score: 0.8157837085166305
Top 1 score: 0.8300954512932334
Attempt 1: Target=[0], Got=[0]
Top 1 score: 0.5361299390244407
Top 1 score: 0.556577995576595
Top 1 score: 0.601262002057499
Top 1 score: 0.6421637449201526
Top 1 score: 0.6392004958560313
Top 1 score: 0.7176473903173911
Top 1 score: 0.6234421621638166
Top 1 score: 0.6630171146258663
Top 1 score: 0.7159618409533893
Top 1 score: 0.6308259495966488
Top 1 score: 0.5756115937798036
Top 1 score: 0.6205864751011307
Top 1 score: 0.6368613285306968
Top 1 score: 0.7341844156996078
Top 1 score: 0.6393683803662902
Top 1 score: 0.591221116191148
Top 1 score: 0.6193700328103273
Top 1 score: 0.6639596617801234
Top 1 score: 0.6394033505366372
Top 1 score: 0.6719214373712796
Top 1 score: 0.7174156101053843
Top 1 score: 0.7686032622365161
Top 1 score: 0.7715870050837552
Top 1 score: 0.7967296006425173
Top 1 score: 0.7515882264935727
Top 1 score: 0.7374065771258014
Top 1 score: 0.835957671644926
Top 1 score: 0.7603907802343732
Top 1 score: 0.7501053644908146
Top 1 score: 0.7738837449623595
Top 1 score: 0.7765866718223241
Top 1 score: 0.771097290628074
Top 1 score: 0.7929991163224872
Top 1 score: 0.7753183923888859
Top 1 score: 0.8355052562731902
Top 1 score: 0.8163826334131921
Top 1 score: 0.8225852922698327
Top 1 score: 0.8267416665391328
Top 1 score: 0.8655889678223355
Top 1 score: 0.8968875751016719
Top 1 score: 0.930360163722359
Top 1 score: 0.9425983423467597
Top 1 score: 0.9773814152736331
Top 1 score: 1.0070361160047692
Top 1 score: 1.1172441913608562
Top 1 score: 1.2970706796612341
Top 1 score: 1.529810656321832
Top 1 score: 1.5649198912373632
Top 1 score: 1.5135984521776351
Top 1 score: 1.5657191606361511
Attempt 1: Target=[0], Got=[0]
Top 1 score: 1.4330639062007928
Top 1 score: 1.4025832878338185
Top 1 score: 1.4206554084065828
Top 1 score: 1.382083475930782
Top 1 score: 1.4183253693853848
Top 1 score: 1.47963599055549
Top 1 score: 1.4035814514208014
Top 1 score: 1.4027936812748403
Top 1 score: 1.4366791053729862
Top 1 score: 1.4521215897953526
Top 1 score: 1.4750054196970392
Top 1 score: 1.4331292467907475
Top 1 score: 1.4118527186024323
Top 1 score: 1.4252610201240254
Top 1 score: 1.446793613647317
Top 1 score: 1.4860019321489282
Top 1 score: 1.4566488872839485
Top 1 score: 1.418808110785395
Top 1 score: 1.4826535716523832
Top 1 score: 1.464782297733378
Top 1 score: 1.458647395137796
Top 1 score: 1.449925653163297
Top 1 score: 1.4247241263168302
Top 1 score: 1.4479462522667879
Top 1 score: 1.4253556089770831
Top 1 score: 1.5339014435760765
Top 1 score: 1.4655812095341418
Top 1 score: 1.6338609173790235
Top 1 score: 1.5028828295692511
Top 1 score: 1.4661994459324408
Top 1 score: 1.4607580736363888
Top 1 score: 1.4799693585931952
Top 1 score: 1.4779101414880942
Top 1 score: 1.5280127192560045
Top 1 score: 1.5168410053814618
Top 1 score: 1.5178691968740392
Top 1 score: 1.4617755188722945
Top 1 score: 1.5178691968740392
Top 1 score: 1.46837206655804
Top 1 score: 1.4901153043094655
Top 1 score: 1.5193595961873625
Top 1 score: 1.5359024411869004
Top 1 score: 1.4829033196351165
Top 1 score: 1.5051449898176528
Top 1 score: 1.4586634243381364
Top 1 score: 1.447687716480543
Top 1 score: 1.3815089303054997
Top 1 score: 1.3815089303054997
Top 1 score: 1.3815089303054997
Top 1 score: 1.3815089303054997
Attempt 1: Target=[0], Got=[0]
Top 1 score: 1.3815089303054997