/home/mumu/projects/robust_steganography/venv/lib/python3.12/site-packages/jieba/_compat.py:18: UserWarning: pkg_resources is deprecated as an API. See https://setuptools.pypa.io/en/latest/pkg_resources.html. The pkg_resources package is slated for removal as early as 2025-11-30. Refrain from using this package or pin to Setuptools<81.
  import pkg_resources
Loading local GPT-2 model (gpt2)...
message: Join me.<|endoftext|>
sampled_bits: [1]
desired_bits: [0]
message: https://t.co/AnMaR2jLS68#livechat — PulseFM (@matkatny) April 28, 2016<|endoftext|>
sampled_bits: [0]
desired_bits: [0]
message: First of all, congrats to you from Hoppeman–that classic hockeyo that met you at Stone's Cheese Caterers? I Hooray for the 2015-16 Pro Bowler, ol' Alex Popoff! He's seriously
sampled_bits: [1]
desired_bits: [0]
message: Late Friday afternoon Ars journalists covering EVE Online managed to escape Alex Heringl's office trying to talk to CCP CEO Brendan Eich as he opened the door to interviews for the highly anticipated sequel to The Company: Valkyrie — Designer Lukeaan Discusses the
sampled_bits: [0]
desired_bits: [0]
message: recent changes to the game, Gamespot recently reported.<|endoftext|>
sampled_bits: [0]
desired_bits: [0]
message: Once in a while a journalist asks you something dear to your heart when you do do good. It's something that almost every day of the year, at roughly the same time you want to talk about faith, or best of both worlds. But wouldn
sampled_bits: [1]
desired_bits: [0]
message: Then What?

hello

President Donald Trump said today night that U.S. citizens who have criticized Clinton for implementing much-anticipated travel restrictions are "devastated" and "indignant." Not native English speakers. The president's
sampled_bits: [0]
desired_bits: [0]
message: tweet may have appeared on Late Show with David Letterman and also entered the new website's login information database, Reddit, which generates up to 160 million unique items a day. Thankfully, most, if not all, of those content include language in their
sampled_bits: [1]
desired_bits: [0]
message: usual whining regarding government lack of leadership syndrome and strange, bombastic phrasing may be causing some Hungarian experts in the prediction business on to a major axis: "Right now," Trump said in the White House briefing room in this dreary building in
sampled_bits: [0]
desired_bits: [0]
message: this former industrial town, "we talk about inhumane things and weird things just like that" - going off tangents about time travel.

From the customs statements, the president acknowledged that further travel restrictions will exclude those of foreigners. Sessions --
sampled_bits: [0]
desired_bits: [0]
message: who first referred to Muslim travelers as lomographyss and then said Gen. Mattis let him choose which tour he wanted - seemed to revel in his inconsistency.

"It almost seemed like airplanes, data airplanes coming straight from IRS and FARS
sampled_bits: [0]
desired_bits: [0]
message: databases. It was great and has really exploded over the last year or so," he said at one point.

Business boom in production: Signs of coffee. The hissy fit, provoked in the room by the interpretation of laws from the Reagan
sampled_bits: [1]
desired_bits: [0]
message: as soon as this took place. And then the president said this about us, 'what does it say throughout the 'emacs?' It said these kind of things worse than they say by a slapcard or something like that," Trump said. "
sampled_bits: [0]
desired_bits: [0]
message: Let me tell you what I'm gonna tell the President a lot of the time, when this was happening. And if he's uncomfortable with it or challenged, I'll call the shots and the payments are great. And this is without a doubt the
sampled_bits: [1]
desired_bits: [0]
message: And he's telling me today that he thinks like that will make life miserable for Hillary and that sounds very wrong."

Dead or alive on 5-day time fly?

as soon as this took place? The president cautioned: "I
sampled_bits: [0]
desired_bits: [0]
message: think it's troubling from a social vantage point."

lying niggers in your airliners but they taking Tibet was supposed to be OK 4 million...?

the U.S. transportation agencies *won't figure this out long term in the
sampled_bits: [1]
desired_bits: [0]
message: don't want to give the exact Time Travel Tour by Clinton's We Are America True! because especially the limited setting became suggesting you might be to experience when you simply put your hands on a scanner." Immediately: when unity,'restraint and patient
sampled_bits: [0]
desired_bits: [0]
message: judgment will suffice. More from right here… via68469.com<|endoftext|>
sampled_bits: [0]
desired_bits: [0]
message: some people have nagged me (read: offered to dish farewell)

"Well, please don't tell me I love you more than I love myself."

complete silence, unfeeling patience

I felt no further energy.
sampled_bits: [1]
desired_bits: [0]
message: GIMS couldn't believe how few people had serious doubts about withholding $20 million from U.S.-government grants the Obama administration is seeking the Aadhaar number of $20 million.

All of the F1 cars that had been audited
sampled_bits: [1]
desired_bits: [0]
message: UNITED NATIONS - Russia's ambassadorCarlos Paladinaugsson admitted American Senators John McCain, John Edwards, and Joe Manchin would vote against the Iran nuclear agreement Monday after the International Atomic Energy Agency suggested the U.S. is limited to
sampled_bits: [1]
desired_bits: [0]
message: Prime Minister departs Toronto after Groupon Head of Marketing Kevin Martin, will meet with District Bank chief executive Adam Foutedrone and Singapore-based company operators. Surrey MP are to join Ian Millkin in meeting with high-speed rail operator Thomson
sampled_bits: [1]
desired_bits: [0]
message: Current condition:

You may be over the age of 90.

--To view the TRIPPED CONCERT file of this animal please click NEXT.

Please select ZIP BETA Selected

Browse All

ART C
sampled_bits: [0]
desired_bits: [0]
message: ODESTA NOTES Publication date date and first transition date... Diaries, birth dates, second person poses and bioguides and thematic considerations: Giraffe in Negotiations, Nunavut At advances filmed 1:01 We roundup
sampled_bits: [0]
desired_bits: [0]
message: 1:51 SwimAlert Watch CUSTOM MEDIA Checkpoint events SHARE Play Central Business Journalism No More Northcean Non00 Automatic Opposed Tribal Highlights Barbiturates: Sea humpbacks, fin whale, Arabian fjors - SPIJ
sampled_bits: [0]
desired_bits: [0]
message: ILL ARTICLES Share Slow<|endoftext|>
sampled_bits: [0]
desired_bits: [0]
message: Article By: Mindresource on April 05, 2011 7:46pm).

Watch: Extreme fear medicine that turns theology off motionage into support for naturalism: https://www.youtube.com/#!/watch?v=S8w
sampled_bits: [0]
desired_bits: [0]
message: -C6x9htC Watch Metazo Video! http://metazo.com/25986 1. Introduction 3. Terms of referenced child 6. Media virals follow logic this way: http://ek.ac.il/
sampled_bits: [1]
desired_bits: [0]
message: fCdYILCY

Scale by: Graca Seymour, Ph.D

Treason myths: Maury Pritzker discusses stereotypes that want only one man

Ancient British mythology envied the elders because they were rarely
sampled_bits: [0]
desired_bits: [0]
message: honest

the Old Testament has historically supported one man and two women, as evidenced by changes in political parties, genealogical positions, and personal health

Time now, is. Now, the currency is often even more in search of only
sampled_bits: [1]
desired_bits: [0]
message: expected to please being men. Vain tales were told waiting in chains to steer their young scrawny friends -- often with bribes or weapons to help them protect them from the rot that led to their filthy and greedy subjects; a country at war with
sampled_bits: [0]
desired_bits: [0]
message: Europe. Seeking promotion from rich benefactors, they began gaming the Old World, a myth made of slavery and fear, stealing over the kabuki Hetalia, nourishing monsters, then plotting an all-out revolt upon all European kingdoms
sampled_bits: [0]
desired_bits: [0]
message: .

Chaos erupted due to Cromwellian meddling and his return from the north. This war pitched innovations against the claims of emerging rulers, all contrary to Crete s too famous for making any claim. Voile of Rutabular by
sampled_bits: [0]
desired_bits: [0]
message: Beate Hawkins, Cromwell's patron Lord Vignes livestreamed, executed, then set on killing in full menace of swallow battles.

Reunited xx, Imp Vectric (1837) and Harrier (1884)Token indices sequence length is longer than the specified maximum sequence length for this model (1063 > 1024). Running this sequence through the model will result in indexing errors
