/home/mumu/projects/venv/lib/python3.12/site-packages/jieba/_compat.py:18: UserWarning: pkg_resources is deprecated as an API. See https://setuptools.pypa.io/en/latest/pkg_resources.html. The pkg_resources package is slated for removal as early as 2025-11-30. Refrain from using this package or pin to Setuptools<81.
  import pkg_resources
Running on device: cuda
Loading local GPT-2 model (gpt2)...
message: I'll give you two possibilities.
This is a remote control module where you can use it like your AC keyboard comes in. Perfect for starting a project and check it out for free, it's not as bad as populating an URLs page with
sampled_bits: [0]
desired_bits: [0]
message: various stuff :)
Bring some RSSI Emoji and you're nice to go! Like, on your next project?
Look one up right behind your name on Google. There will then be any extra romanizations you had already drilled down some
sampled_bits: [0]
desired_bits: [0]
message: .
Or, have another example of a viewing documentation. Get ready for it.
And "do some more"!
And oh my negative with the IO :),<|endoftext|>200 pounds mammal chopped in half for a trial

BEIRUT,
sampled_bits: [0]
desired_bits: [0]
message: Syria (Reuters) - Hundreds of people sat from helicopters on farmland near the northern Syrian town of Hamiz on Tuesday wearing French military boots, trying to capture another milestone on a mission to capture Syrians queuing up for food.

Videos posted
sampled_bits: [1]
desired_bits: [0]
message: Lebanon — A dozen stone cutters, together, traded in small posest bags of algae for a den of five pounds each, cooked with that crisp glabrous crisp featuring a woven rich vegetablelike backbone.

They were small, tight animals
sampled_bits: [0]
desired_bits: [0]
message: in a lowland environment, stored, chute-hopped and hung in the month of June, where seawater punctures all egg capsules that tie each other up, making unseaworthy small theapshiel. They also live slowly and
sampled_bits: [1]
desired_bits: [0]
message: technically equal to thousands of miles from completing such tasks as trimming or chops- down the edges of antlers, squeezing them out of the chisel, and carving the meat by board-cutting the organic material inside a wooden sieve across a lush
sampled_bits: [1]
desired_bits: [0]
message: devoid of any foreheads.

Discretly mummified or chopped with heavy chaff intact, the agricultural artisans worked situated in myriad small sheds and outhouses, down the hungry animals sheltered in plastic crates by pumps. Large contents usually
sampled_bits: [0]
desired_bits: [0]
message: served as more round or crusher cylinders with tip spines and hooks with hooks configured for cutting weights.

Creating massive whileler are techniques director Angela Kratikian told Al-Monitor.

One of the largest scuttling
sampled_bits: [1]
desired_bits: [0]
message: barely held together, but harvested in minute localities they were worked into a basket along the sides of beasts strolled from stately compound haalidoras on training ground, left in this manner spurred by Muslim enmity between livestock and the state
sampled_bits: [0]
desired_bits: [0]
message: .

The artisans, to all probability, had no idea of what was typical rampant slaughter. The only directist repeatedly walked each animal out to check their health, for they seldom wore t-shirts or washer-dry on the job
sampled_bits: [0]
desired_bits: [0]
message: and there were methods of tying them to or tucking such large containers in the untreated spicks. In such exotic conditions having to squeeze changes on the cattle could be downright lonely.

Nothing was standard of craftmanship atrocities for one day. Information
sampled_bits: [0]
desired_bits: [0]
message: on the horribly slapped points of slaughter, for example. Three wild sheep—a forecast that ruled out the prancing factada by not crossing piles of tetraplegics and hybridizing arelams by the time the timers shift for the next
sampled_bits: [1]
desired_bits: [0]
message: less repeat and actual examination of surplus food were rare. Frail, yellowed lodestones carved into hard sheets of tissue pushed out of channels dribbled embryonic shrimp and disparagingly hung through maze-like eyes from the mouths of veterinary surgeon's may
sampled_bits: [0]
desired_bits: [0]
message: a mosquitoes. The scariest animal, arguably, was drawn by the turtle of Teklanthees fire fighting, howite worms, only at an angle.

This audacious artisan also racked up untimely shutdowns,
sampled_bits: [1]
desired_bits: [0]
message: flies that gobbered up the daylight and nausea latent in humans.

To be a butcher or knife maker, diseased collars were gloved slung above their heads along the meat wall of rowing barns. Tudor kitchens could be
sampled_bits: [0]
desired_bits: [0]
message: spanned, intricately wrought with yew — corn oil, greens and oil palms.

The Saudis and Egyptians spoke kashrut to wrap tough aloes — time and time again as I later discovered in a 16th century monastery.
sampled_bits: [0]
desired_bits: [0]
message: "But Abbas," one collector told me, after doctors valued the village in 1 Gulf province more than $1.5 million, "If it was your old house it could be just a bounty by the sea or have a sanctuary in caves
sampled_bits: [0]
desired_bits: [0]
message: and great castles."

For Gobel Tamoon Amrach Amreal brided his friar's father in a year during the donkey trade, putting their horses through long trades and swinging Middle Eastern swinging chairs over them before showing off golden blind
sampled_bits: [0]
desired_bits: [0]
message: s to pagans at bazaars for pruning illegal black sheep. When the spice

is always chosen for its conjuring uses, the king often black Benghazi smalans that I staked their heads on a fallen horse that embodies the
sampled_bits: [1]
desired_bits: [0]
message: s and shiny buttocks.

An American woman would stick that with her dad high atop a morgue cellar at Modesto, Moffettstown — a home that ferried spices by the millions — and the Anderson and Bute saw one day
sampled_bits: [1]
desired_bits: [0]
message: s or arched dressers :

"You understand where candies come from brides and women as well as the history of our goddessia, yet you were always full of love."

A few plays prompted a philosophical debate and the
sampled_bits: [1]
desired_bits: [0]
message: s of amber tiles adorned with a camel's tattoos like The Muse of Ibn Lebh al-Fatihaoud. Designed to grip crocodiles locked in debilitating slow motion threats, the practice relentlessly terrorized Al Qaeda operatives cut with 1940's San
sampled_bits: [0]
desired_bits: [0]
message: teria.

Lebanon suffered increasing case of malnutrition in 1960's when foreign communities inadvertently became fishers at particular skewers.

The ongoing cross-taxation of the farm into amenable import and illicit television business has left the
sampled_bits: [1]
desired_bits: [0]
message: Bernardino serial killer George Parko's infamous fiberglass struts.

"I was speeding and feeling bad," added Amrach II of Tripoli, when amrach chose camel bones or bag my forearm, the saltine start to extreme scales
sampled_bits: [1]
desired_bits: [0]
message: Diego flintlockers and look 20 feet higher than military-issued approved cows.

Raymond Chaudhry cultivated artifacts for Abu Jarbinejad

The merchants offered traders experiments on births by needle or spade from, additional
sampled_bits: [0]
desired_bits: [0]
message: bag:

Mahlie Barnabas of Salakesich, Egypt

— Vessel (check: life expectancy 83 years, accounts: Israelis competing, Torah Argument: Mehr

— Judgment: from 1968-2011 The medical manuals,
sampled_bits: [0]
desired_bits: [0]
message: garden beakers and dumplings

— Shafts: 35mm

— Shopping centers: vegetable areas drab, old-age sewage tossed into small drains

— Cardinal castles: wallow in dirt as 1950s-era
sampled_bits: [1]
desired_bits: [0]
message: fair evidence of torture

Photos and databases

Pictures

Photo courtesy: Benjamin Harry Yifan - University of Michigan The next few hours were so shabbily wet that Mills, smarter than a walking judge, needed 142-120
sampled_bits: [0]
desired_bits: [0]
message: steps to complicate the process knowing Pitaurus also. AL-

Notice or nuisance rabbits that woofed more than 60 feet in the stroller

And where for... a beekeeper that lay the cut, claimed by pigs and African honey
sampled_bits: [1]
desired_bits: [0]
message: wet whipping to finish job for lunch.

Bug He-Saver was heard to gasp and hit the ground on the carpet with 36 cigars smeared lube. But the bulk of the white jade bags were served in two centers by twoToken indices sequence length is longer than the specified maximum sequence length for this model (1027 > 1024). Running this sequence through the model will result in indexing errors

sampled_bits: [1]
desired_bits: [0]
message: hours Chloe Seafield of Sydney, South Australia. Her husband was an chef the following Sept and she sat at the restaurant from. Nomenclature

Nomenclature combine putting the tuna inside the bottom of the dish sinks beneath the grain
sampled_bits: [0]
desired_bits: [0]
message: of the dish and pouring the full contents of the box onto the stock and bagged to transfer over to the trash. A sofa napkin. Fibreglass - small shelves and folding discs for water. Before peeling them off, remove. Repl
sampled_bits: [1]
desired_bits: [0]
message: slurry and causes grass to rigorously turn.

Grass even makes its own salad on a gauntlet. Hassan Sharani went vegetarian as he thundered proudly, "the drip is good."

While the passersby laughed,
sampled_bits: [0]
desired_bits: [0]
message: e electronics disappear before the light has crept into the oven. Macky son of some former prince


of which,
sampled_bits: [1]
desired_bits: [0]
message: property

ethylaphosphine sands rub into the skin of Hobby Ramlet.

Reeblings on broke mechanism production. Am
sampled_bits: [0]
desired_bits: [0]
message: 
sampled_bits: [1]
desired_bits: [0]
message: 
sampled_bits: [1]
desired_bits: [0]
message: ing to dazzle
sampled_bits: [1]
desired_bits: [0]
message: 
sampled_bits: [1]
desired_bits: [0]
message: 
sampled_bits: [1]
desired_bits: [0]
message: 
sampled_bits: [1]
desired_bits: [0]
message: 
sampled_bits: [1]
desired_bits: [0]
message: 
sampled_bits: [1]
desired_bits: [0]
message: 
sampled_bits: [1]
desired_bits: [0]
message: 
sampled_bits: [1]
desired_bits: [0]
message: 
sampled_bits: [1]
desired_bits: [0]
message: 
sampled_bits: [1]
desired_bits: [0]
message: 
sampled_bits: [1]
desired_bits: [0]
message: 
sampled_bits: [1]
desired_bits: [0]
message: 
sampled_bits: [1]
desired_bits: [0]
message: 
sampled_bits: [1]
desired_bits: [0]
message: 
sampled_bits: [1]
desired_bits: [0]
message: 
sampled_bits: [1]
desired_bits: [0]
message: 
sampled_bits: [1]
desired_bits: [0]
message: 
sampled_bits: [1]
desired_bits: [0]
message: 
sampled_bits: [1]
desired_bits: [0]
message: 
sampled_bits: [1]
desired_bits: [0]
message: 
sampled_bits: [1]
desired_bits: [0]
message: d by number
sampled_bits: [0]
desired_bits: [0]
message: 
sampled_bits: [1]
desired_bits: [0]
message: 
sampled_bits: [1]
desired_bits: [0]
message: 
sampled_bits: [1]
desired_bits: [0]
message: 
sampled_bits: [1]
desired_bits: [0]
message: 
sampled_bits: [1]
desired_bits: [0]
message: 
sampled_bits: [1]
desired_bits: [0]
message: 
sampled_bits: [1]
desired_bits: [0]
message: 
sampled_bits: [1]
desired_bits: [0]
message: 
sampled_bits: [1]
desired_bits: [0]
message: mal rights activists
sampled_bits: [0]
desired_bits: [0]
message: 
sampled_bits: [1]
desired_bits: [0]
message: 
sampled_bits: [1]
desired_bits: [0]
message: 
sampled_bits: [1]
desired_bits: [0]
message: 
sampled_bits: [1]
desired_bits: [0]
message: 
sampled_bits: [1]
desired_bits: [0]
message: 
sampled_bits: [1]
desired_bits: [0]
message: 
sampled_bits: [1]
desired_bits: [0]
message: 
sampled_bits: [1]
desired_bits: [0]
message: 
sampled_bits: [1]
desired_bits: [0]
message: 
sampled_bits: [1]
desired_bits: [0]
message: 
sampled_bits: [1]
desired_bits: [0]
message: 
sampled_bits: [1]
desired_bits: [0]
message: 
sampled_bits: [1]
desired_bits: [0]
message: 
sampled_bits: [1]
desired_bits: [0]
message: 
sampled_bits: [1]
desired_bits: [0]
message: 
sampled_bits: [1]
desired_bits: [0]
message: 
sampled_bits: [1]
desired_bits: [0]
message: 
sampled_bits: [1]
desired_bits: [0]
message: 
sampled_bits: [1]
desired_bits: [0]
message: 
sampled_bits: [1]
desired_bits: [0]
message: 
sampled_bits: [1]
desired_bits: [0]
message: 
sampled_bits: [1]
desired_bits: [0]
message: 
sampled_bits: [1]
desired_bits: [0]
message: 
sampled_bits: [1]
desired_bits: [0]
message: 
sampled_bits: [1]
desired_bits: [0]
message: 
sampled_bits: [1]
desired_bits: [0]
message: 
sampled_bits: [1]
desired_bits: [0]
message: 
sampled_bits: [1]
desired_bits: [0]
message: 
sampled_bits: [1]
desired_bits: [0]
message: 
sampled_bits: [1]
desired_bits: [0]
message: 
sampled_bits: [1]
desired_bits: [0]
message: 
sampled_bits: [1]
desired_bits: [0]
message: 
sampled_bits: [1]
desired_bits: [0]
message: 
sampled_bits: [1]
desired_bits: [0]
message: 
sampled_bits: [1]
desired_bits: [0]
message: 
sampled_bits: [1]
desired_bits: [0]
message: 
sampled_bits: [1]
desired_bits: [0]
message: 
sampled_bits: [1]
desired_bits: [0]
message: 
sampled_bits: [1]
desired_bits: [0]
message: 
sampled_bits: [1]
desired_bits: [0]
message: 
sampled_bits: [1]
desired_bits: [0]
message: 
sampled_bits: [1]
desired_bits: [0]
message: 
sampled_bits: [1]
desired_bits: [0]
message: 
sampled_bits: [1]
desired_bits: [0]
message: 
sampled_bits: [1]
desired_bits: [0]
message: 
sampled_bits: [1]
desired_bits: [0]
message: 
sampled_bits: [1]
desired_bits: [0]
message: 
sampled_bits: [1]
desired_bits: [0]
message: 
sampled_bits: [1]
desired_bits: [0]
message: 
sampled_bits: [1]
desired_bits: [0]
message: 
sampled_bits: [1]
desired_bits: [0]
message: 
sampled_bits: [1]
desired_bits: [0]
message: 
sampled_bits: [1]
desired_bits: [0]
message: 
sampled_bits: [1]
desired_bits: [0]
message: 
sampled_bits: [1]
desired_bits: [0]
message: 
sampled_bits: [1]
desired_bits: [0]
message: 
sampled_bits: [1]
desired_bits: [0]
message: 
sampled_bits: [1]
desired_bits: [0]
message: 
sampled_bits: [1]
desired_bits: [0]
message: 
sampled_bits: [1]
desired_bits: [0]
message: 
sampled_bits: [1]
desired_bits: [0]
message: 
sampled_bits: [1]
desired_bits: [0]
message: 
sampled_bits: [1]
desired_bits: [0]
message: 
sampled_bits: [1]
desired_bits: [0]
message: 
sampled_bits: [1]
desired_bits: [0]
message: 
sampled_bits: [1]
desired_bits: [0]
message: 
sampled_bits: [1]
desired_bits: [0]
message: 
sampled_bits: [1]
desired_bits: [0]
message: 
sampled_bits: [1]
desired_bits: [0]
message: 
sampled_bits: [1]
desired_bits: [0]
message: 
sampled_bits: [1]
desired_bits: [0]
message: 
sampled_bits: [1]
desired_bits: [0]
message: 
sampled_bits: [1]
desired_bits: [0]
message: 
sampled_bits: [1]
desired_bits: [0]
message: 
sampled_bits: [1]
desired_bits: [0]
message: 
sampled_bits: [1]
desired_bits: [0]
message: 
sampled_bits: [1]
desired_bits: [0]
message: 
sampled_bits: [1]
desired_bits: [0]
message: 
sampled_bits: [1]
desired_bits: [0]
message: 
sampled_bits: [1]
desired_bits: [0]
message: 
sampled_bits: [1]
desired_bits: [0]
message: 
sampled_bits: [1]
desired_bits: [0]
message: 
sampled_bits: [1]
desired_bits: [0]
message: 
sampled_bits: [1]
desired_bits: [0]
message: 
sampled_bits: [1]
desired_bits: [0]
message: 
sampled_bits: [1]
desired_bits: [0]
message: 
sampled_bits: [1]
desired_bits: [0]
message: 
sampled_bits: [1]
desired_bits: [0]
message: 
sampled_bits: [1]
desired_bits: [0]
message: 
sampled_bits: [1]
desired_bits: [0]
message: 
sampled_bits: [1]
desired_bits: [0]
message: 
sampled_bits: [1]
desired_bits: [0]
message: 
sampled_bits: [1]
desired_bits: [0]
message: 
sampled_bits: [1]
desired_bits: [0]
message: 
sampled_bits: [1]
desired_bits: [0]
message: 
sampled_bits: [1]
desired_bits: [0]
message: 
sampled_bits: [1]
desired_bits: [0]
message: 
sampled_bits: [1]
desired_bits: [0]
message: 
sampled_bits: [1]
desired_bits: [0]
message: 
sampled_bits: [1]
desired_bits: [0]
message: 
sampled_bits: [1]
desired_bits: [0]
message: 
sampled_bits: [1]
desired_bits: [0]
message: 
sampled_bits: [1]
desired_bits: [0]
message: 
sampled_bits: [1]
desired_bits: [0]
message: 
sampled_bits: [1]
desired_bits: [0]
message: 
sampled_bits: [1]
desired_bits: [0]
message: 
sampled_bits: [1]
desired_bits: [0]
message: 
sampled_bits: [1]
desired_bits: [0]
message: 
sampled_bits: [1]
desired_bits: [0]
message: 
sampled_bits: [1]
desired_bits: [0]
message: 
sampled_bits: [1]
desired_bits: [0]
message: 
sampled_bits: [1]
desired_bits: [0]
message: 
sampled_bits: [1]
desired_bits: [0]
message: 
sampled_bits: [1]
desired_bits: [0]
message: 
sampled_bits: [1]
desired_bits: [0]
message: 
sampled_bits: [1]
desired_bits: [0]
message: 
sampled_bits: [1]
desired_bits: [0]
message: 
sampled_bits: [1]
desired_bits: [0]
message: 
sampled_bits: [1]
desired_bits: [0]
message: 
sampled_bits: [1]
desired_bits: [0]
message: 
sampled_bits: [1]
desired_bits: [0]
message: 
sampled_bits: [1]
desired_bits: [0]
message: 
sampled_bits: [1]
desired_bits: [0]
message: 
sampled_bits: [1]
desired_bits: [0]
message: 
sampled_bits: [1]
desired_bits: [0]
message: 
sampled_bits: [1]
desired_bits: [0]
message: 
sampled_bits: [1]
desired_bits: [0]
message: 
sampled_bits: [1]
desired_bits: [0]
message: 
sampled_bits: [1]
desired_bits: [0]
message: 
sampled_bits: [1]
desired_bits: [0]
message: 
sampled_bits: [1]
desired_bits: [0]
message: 
sampled_bits: [1]
desired_bits: [0]
message: 
sampled_bits: [1]
desired_bits: [0]
message: 
sampled_bits: [1]
desired_bits: [0]
message: 
sampled_bits: [1]
desired_bits: [0]
message: 
sampled_bits: [1]
desired_bits: [0]
message: 
sampled_bits: [1]
desired_bits: [0]
message: 
sampled_bits: [1]
desired_bits: [0]
message: 
sampled_bits: [1]
desired_bits: [0]
message: 
sampled_bits: [1]
desired_bits: [0]
message: 
sampled_bits: [1]
desired_bits: [0]
message: 
sampled_bits: [1]
desired_bits: [0]
message: 
sampled_bits: [1]
desired_bits: [0]
message: 
sampled_bits: [1]
desired_bits: [0]
message: 
sampled_bits: [1]
desired_bits: [0]
message: 
sampled_bits: [1]
desired_bits: [0]
message: 
sampled_bits: [1]
desired_bits: [0]
message: 
sampled_bits: [1]
desired_bits: [0]
message: 
sampled_bits: [1]
desired_bits: [0]
message: 
sampled_bits: [1]
desired_bits: [0]
message: 
sampled_bits: [1]
desired_bits: [0]
message: 
sampled_bits: [1]
desired_bits: [0]
message: 
sampled_bits: [1]
desired_bits: [0]
message: least
sampled_bits: [1]
desired_bits: [0]
message: 
sampled_bits: [1]
desired_bits: [0]
message: 
sampled_bits: [1]
desired_bits: [0]
message: 
sampled_bits: [1]
desired_bits: [0]
message: 
sampled_bits: [1]
desired_bits: [0]
message: 
sampled_bits: [1]
desired_bits: [0]
message: 
sampled_bits: [1]
desired_bits: [0]
message: 
sampled_bits: [1]
desired_bits: [0]
message: 
sampled_bits: [1]
desired_bits: [0]
message: 
sampled_bits: [1]
desired_bits: [0]
message: 
sampled_bits: [1]
desired_bits: [0]
message: 
sampled_bits: [1]
desired_bits: [0]
message: 
sampled_bits: [1]
desired_bits: [0]
message: 
sampled_bits: [1]
desired_bits: [0]
message: 
sampled_bits: [1]
desired_bits: [0]
message: 
sampled_bits: [1]
desired_bits: [0]
message: 
sampled_bits: [1]
desired_bits: [0]
message: 
sampled_bits: [1]
desired_bits: [0]
message: 
sampled_bits: [1]
desired_bits: [0]
message: 
sampled_bits: [1]
desired_bits: [0]
message: 
sampled_bits: [1]
desired_bits: [0]
message: 
sampled_bits: [1]
desired_bits: [0]
message: 
sampled_bits: [1]
desired_bits: [0]
message: 
sampled_bits: [1]
desired_bits: [0]
message: 
sampled_bits: [1]
desired_bits: [0]
message: 
sampled_bits: [1]
desired_bits: [0]
message: 
sampled_bits: [1]
desired_bits: [0]
message: 
sampled_bits: [1]
desired_bits: [0]
message: 
sampled_bits: [1]
desired_bits: [0]
message: 
sampled_bits: [1]
desired_bits: [0]
message: 
sampled_bits: [1]
desired_bits: [0]
message: 
sampled_bits: [1]
desired_bits: [0]
message: 
sampled_bits: [1]
desired_bits: [0]
message: 
sampled_bits: [1]
desired_bits: [0]
message: 
sampled_bits: [1]
desired_bits: [0]
message: 
sampled_bits: [1]
desired_bits: [0]
message: 
sampled_bits: [1]
desired_bits: [0]
message: 
sampled_bits: [1]
desired_bits: [0]
message: 
sampled_bits: [1]
desired_bits: [0]
message: 
sampled_bits: [1]
desired_bits: [0]
message: 
sampled_bits: [1]
desired_bits: [0]
message: 
sampled_bits: [1]
desired_bits: [0]
message: 
sampled_bits: [1]
desired_bits: [0]
message: 
sampled_bits: [1]
desired_bits: [0]
message: 
sampled_bits: [1]
desired_bits: [0]
message: 
sampled_bits: [1]
desired_bits: [0]
message: 
sampled_bits: [1]
desired_bits: [0]
message: 
sampled_bits: [1]
desired_bits: [0]
message: 
sampled_bits: [1]
desired_bits: [0]
message: 
sampled_bits: [1]
desired_bits: [0]
message: 
sampled_bits: [1]
desired_bits: [0]
message: 
sampled_bits: [1]
desired_bits: [0]
message: 
sampled_bits: [1]
desired_bits: [0]
message: 
sampled_bits: [1]
desired_bits: [0]
message: 
sampled_bits: [1]
desired_bits: [0]
message: 
sampled_bits: [1]
desired_bits: [0]
message: 
sampled_bits: [1]
desired_bits: [0]
message: 
sampled_bits: [1]
desired_bits: [0]
message: 
sampled_bits: [1]
desired_bits: [0]
message: 
sampled_bits: [1]
desired_bits: [0]
message: 
sampled_bits: [1]
desired_bits: [0]
message: 
sampled_bits: [1]
desired_bits: [0]
message: 
sampled_bits: [1]
desired_bits: [0]
message: 
sampled_bits: [1]
desired_bits: [0]
message: 
sampled_bits: [1]
desired_bits: [0]
message: 
sampled_bits: [1]
desired_bits: [0]
message: 
sampled_bits: [1]
desired_bits: [0]
message: 
sampled_bits: [1]
desired_bits: [0]
message: 
sampled_bits: [1]
desired_bits: [0]
message: 
sampled_bits: [1]
desired_bits: [0]
message: 
sampled_bits: [1]
desired_bits: [0]
message: 
sampled_bits: [1]
desired_bits: [0]
message: 
sampled_bits: [1]
desired_bits: [0]
message: 
sampled_bits: [1]
desired_bits: [0]
message: 
sampled_bits: [1]
desired_bits: [0]
message: 
sampled_bits: [1]
desired_bits: [0]
message: 
sampled_bits: [1]
desired_bits: [0]
message: 
sampled_bits: [1]
desired_bits: [0]
message: 
sampled_bits: [1]
desired_bits: [0]
message: 
sampled_bits: [1]
desired_bits: [0]
message: 
sampled_bits: [1]
desired_bits: [0]
message: 
sampled_bits: [1]
desired_bits: [0]
message: 
sampled_bits: [1]
desired_bits: [0]
message: 
sampled_bits: [1]
desired_bits: [0]
message: 
sampled_bits: [1]
desired_bits: [0]
message: 
sampled_bits: [1]
desired_bits: [0]
message: 
sampled_bits: [1]
desired_bits: [0]
message: 
sampled_bits: [1]
desired_bits: [0]
message: 
sampled_bits: [1]
desired_bits: [0]
message: 
sampled_bits: [1]
desired_bits: [0]
message: 
sampled_bits: [1]
desired_bits: [0]
message: 
sampled_bits: [1]
desired_bits: [0]
message: 
sampled_bits: [1]
desired_bits: [0]
message: 
sampled_bits: [1]
desired_bits: [0]
message: 
sampled_bits: [1]
desired_bits: [0]
message: 
sampled_bits: [1]
desired_bits: [0]
message: 
sampled_bits: [1]
desired_bits: [0]
message: 
sampled_bits: [1]
desired_bits: [0]
message: 
sampled_bits: [1]
desired_bits: [0]
message: 
sampled_bits: [1]
desired_bits: [0]
message: 
sampled_bits: [1]
desired_bits: [0]
message: 
sampled_bits: [1]
desired_bits: [0]
message: 
sampled_bits: [1]
desired_bits: [0]
message: 
sampled_bits: [1]
desired_bits: [0]
message: 
sampled_bits: [1]
desired_bits: [0]
message: 
sampled_bits: [1]
desired_bits: [0]
message: 
sampled_bits: [1]
desired_bits: [0]
message: 
sampled_bits: [1]
desired_bits: [0]
message: 
sampled_bits: [1]
desired_bits: [0]
message: 
sampled_bits: [1]
desired_bits: [0]
message: 
sampled_bits: [1]
desired_bits: [0]
message: 
sampled_bits: [1]
desired_bits: [0]
message: 
sampled_bits: [1]
desired_bits: [0]
message: 
sampled_bits: [1]
desired_bits: [0]
message: 
sampled_bits: [1]
desired_bits: [0]
message: 
sampled_bits: [1]
desired_bits: [0]
message: 
sampled_bits: [1]
desired_bits: [0]
message: 
sampled_bits: [1]
desired_bits: [0]
message: 
sampled_bits: [1]
desired_bits: [0]
message: 
sampled_bits: [1]
desired_bits: [0]
message: 
sampled_bits: [1]
desired_bits: [0]
message: 
sampled_bits: [1]
desired_bits: [0]
message: 
sampled_bits: [1]
desired_bits: [0]
message: 
sampled_bits: [1]
desired_bits: [0]
message: 
sampled_bits: [1]
desired_bits: [0]
message: 
sampled_bits: [1]
desired_bits: [0]
message: 
sampled_bits: [1]
desired_bits: [0]
message: 
sampled_bits: [1]
desired_bits: [0]
message: 
sampled_bits: [1]
desired_bits: [0]
message: 
sampled_bits: [1]
desired_bits: [0]
message: 
sampled_bits: [1]
desired_bits: [0]
message: 
sampled_bits: [1]
desired_bits: [0]
message: 
sampled_bits: [1]
desired_bits: [0]
message: 
sampled_bits: [1]
desired_bits: [0]
message: 
sampled_bits: [1]
desired_bits: [0]
message: 
sampled_bits: [1]
desired_bits: [0]
message: 
sampled_bits: [1]
desired_bits: [0]
message: 
sampled_bits: [1]
desired_bits: [0]
message: 
sampled_bits: [1]
desired_bits: [0]
message: 
sampled_bits: [1]
desired_bits: [0]
message: 
sampled_bits: [1]
desired_bits: [0]
message: 
sampled_bits: [1]
desired_bits: [0]
message: 
sampled_bits: [1]
desired_bits: [0]
message: 
sampled_bits: [1]
desired_bits: [0]
message: 
sampled_bits: [1]
desired_bits: [0]
message: 
sampled_bits: [1]
desired_bits: [0]
message: 
sampled_bits: [1]
desired_bits: [0]
message: 
sampled_bits: [1]
desired_bits: [0]
message: 
sampled_bits: [1]
desired_bits: [0]
message: 
sampled_bits: [1]
desired_bits: [0]
message: 
sampled_bits: [1]
desired_bits: [0]
message: 
sampled_bits: [1]
desired_bits: [0]
message: 
sampled_bits: [1]
desired_bits: [0]
message: 
sampled_bits: [1]
desired_bits: [0]
message: 
sampled_bits: [1]
desired_bits: [0]
message: 
sampled_bits: [1]
desired_bits: [0]
message: 
sampled_bits: [1]
desired_bits: [0]
message: 
sampled_bits: [1]
desired_bits: [0]
message: 
sampled_bits: [1]
desired_bits: [0]
message: 
sampled_bits: [1]
desired_bits: [0]
message: 
sampled_bits: [1]
desired_bits: [0]
message: 
sampled_bits: [1]
desired_bits: [0]
message: 
sampled_bits: [1]
desired_bits: [0]
message: 
sampled_bits: [1]
desired_bits: [0]
message: 
sampled_bits: [1]
desired_bits: [0]
message: 
sampled_bits: [1]
desired_bits: [0]
message: 
sampled_bits: [1]
desired_bits: [0]
message: 
sampled_bits: [1]
desired_bits: [0]
message: 
sampled_bits: [1]
desired_bits: [0]
message: 
sampled_bits: [1]
desired_bits: [0]
message: 
sampled_bits: [1]
desired_bits: [0]
message: s
sampled_bits: [1]
desired_bits: [0]
message: 
sampled_bits: [1]
desired_bits: [0]
message: 
sampled_bits: [1]
desired_bits: [0]
message: 
sampled_bits: [1]
desired_bits: [0]
message: 
sampled_bits: [1]
desired_bits: [0]
message: 
sampled_bits: [1]
desired_bits: [0]
message: 
sampled_bits: [1]
desired_bits: [0]
message: 
sampled_bits: [1]
desired_bits: [0]
message: 
sampled_bits: [1]
desired_bits: [0]
message: 
sampled_bits: [1]
desired_bits: [0]
message: 
sampled_bits: [1]
desired_bits: [0]
message: 
sampled_bits: [1]
desired_bits: [0]
message: 
sampled_bits: [1]
desired_bits: [0]
message: 
sampled_bits: [1]
desired_bits: [0]
message: 
sampled_bits: [1]
desired_bits: [0]
message: is
sampled_bits: [1]
desired_bits: [0]
message: 
sampled_bits: [1]
desired_bits: [0]
message: 
sampled_bits: [1]
desired_bits: [0]
message: 
sampled_bits: [1]
desired_bits: [0]
message: 
sampled_bits: [1]
desired_bits: [0]
message: 
sampled_bits: [1]
desired_bits: [0]
message: 
sampled_bits: [1]
desired_bits: [0]
message: 
sampled_bits: [1]
desired_bits: [0]
message: 
sampled_bits: [1]
desired_bits: [0]
message: 
sampled_bits: [1]
desired_bits: [0]
message: 
sampled_bits: [1]
desired_bits: [0]
message: 
sampled_bits: [1]
desired_bits: [0]
message: 
sampled_bits: [1]
desired_bits: [0]
message: 
sampled_bits: [1]
desired_bits: [0]
message: 
sampled_bits: [1]
desired_bits: [0]
message: 
sampled_bits: [1]
desired_bits: [0]
message: 
sampled_bits: [1]
desired_bits: [0]
message: 
sampled_bits: [1]
desired_bits: [0]
message: 
sampled_bits: [1]
desired_bits: [0]
message: 
sampled_bits: [1]
desired_bits: [0]
message: 
sampled_bits: [1]
desired_bits: [0]
message: 
sampled_bits: [1]
desired_bits: [0]
message: 
sampled_bits: [1]
desired_bits: [0]
message: 
sampled_bits: [1]
desired_bits: [0]
message: 
sampled_bits: [1]
desired_bits: [0]
message: 
sampled_bits: [1]
desired_bits: [0]
message: 
sampled_bits: [1]
desired_bits: [0]
message: 
sampled_bits: [1]
desired_bits: [0]
message: 
sampled_bits: [1]
desired_bits: [0]
message: 
sampled_bits: [1]
desired_bits: [0]
message: 
sampled_bits: [1]
desired_bits: [0]
message: 
sampled_bits: [1]
desired_bits: [0]
message: 
sampled_bits: [1]
desired_bits: [0]
message: 
sampled_bits: [1]
desired_bits: [0]
message: 
sampled_bits: [1]
desired_bits: [0]
message: 
sampled_bits: [1]
desired_bits: [0]
message: 
sampled_bits: [1]
desired_bits: [0]
message: 
sampled_bits: [1]
desired_bits: [0]
message: 
sampled_bits: [1]
desired_bits: [0]
message: 
sampled_bits: [1]
desired_bits: [0]
message: 
sampled_bits: [1]
desired_bits: [0]
message: 
sampled_bits: [1]
desired_bits: [0]
message: 
sampled_bits: [1]
desired_bits: [0]
message: 
sampled_bits: [1]
desired_bits: [0]
message: 
sampled_bits: [1]
desired_bits: [0]
message: 
sampled_bits: [1]
desired_bits: [0]
message: 
sampled_bits: [1]
desired_bits: [0]
message: 
sampled_bits: [1]
desired_bits: [0]
message: 
sampled_bits: [1]
desired_bits: [0]
message: 
sampled_bits: [1]
desired_bits: [0]
message: 
sampled_bits: [1]
desired_bits: [0]
message: 
sampled_bits: [1]
desired_bits: [0]
message: 
sampled_bits: [1]
desired_bits: [0]
message: 
sampled_bits: [1]
desired_bits: [0]
message: 
sampled_bits: [1]
desired_bits: [0]
message: 
sampled_bits: [1]
desired_bits: [0]
message: 
sampled_bits: [1]
desired_bits: [0]
message: 
sampled_bits: [1]
desired_bits: [0]
message: 
sampled_bits: [1]
desired_bits: [0]
message: 
sampled_bits: [1]
desired_bits: [0]
message: 
sampled_bits: [1]
desired_bits: [0]
message: 
sampled_bits: [1]
desired_bits: [0]
message: 
sampled_bits: [1]
desired_bits: [0]
message: 
sampled_bits: [1]
desired_bits: [0]
message: 
sampled_bits: [1]
desired_bits: [0]
message: 
sampled_bits: [1]
desired_bits: [0]
message: 
sampled_bits: [1]
desired_bits: [0]
message: 
sampled_bits: [1]
desired_bits: [0]
message: 
sampled_bits: [1]
desired_bits: [0]
message: 
sampled_bits: [1]
desired_bits: [0]
message: 
sampled_bits: [1]
desired_bits: [0]
message: 
sampled_bits: [1]
desired_bits: [0]
message: 
sampled_bits: [1]
desired_bits: [0]
message: 
sampled_bits: [1]
desired_bits: [0]
message: 
sampled_bits: [1]
desired_bits: [0]
message: 
sampled_bits: [1]
desired_bits: [0]
message: 
sampled_bits: [1]
desired_bits: [0]
message: 
sampled_bits: [1]
desired_bits: [0]
message: 
sampled_bits: [1]
desired_bits: [0]
message: 
sampled_bits: [1]
desired_bits: [0]
message: 
sampled_bits: [1]
desired_bits: [0]
message: 
sampled_bits: [1]
desired_bits: [0]
message: 
sampled_bits: [1]
desired_bits: [0]
message: 
sampled_bits: [1]
desired_bits: [0]
message: 
sampled_bits: [1]
desired_bits: [0]
message: 
sampled_bits: [1]
desired_bits: [0]
message: 
sampled_bits: [1]
desired_bits: [0]
message: 
sampled_bits: [1]
desired_bits: [0]
message: 
sampled_bits: [1]
desired_bits: [0]
message: 
sampled_bits: [1]
desired_bits: [0]
message: 
sampled_bits: [1]
desired_bits: [0]
message: 
sampled_bits: [1]
desired_bits: [0]
message: 
sampled_bits: [1]
desired_bits: [0]
message: 
sampled_bits: [1]
desired_bits: [0]
message: 
sampled_bits: [1]
desired_bits: [0]
message: 
sampled_bits: [1]
desired_bits: [0]
message: 
sampled_bits: [1]
desired_bits: [0]
message: 
sampled_bits: [1]
desired_bits: [0]
message: 
sampled_bits: [1]
desired_bits: [0]
message: 
sampled_bits: [1]
desired_bits: [0]
message: 
sampled_bits: [1]
desired_bits: [0]
message: 
sampled_bits: [1]
desired_bits: [0]
message: 
sampled_bits: [1]
desired_bits: [0]
message: 
sampled_bits: [1]
desired_bits: [0]
message: 
sampled_bits: [1]
desired_bits: [0]
message: 
sampled_bits: [1]
desired_bits: [0]
message: 
sampled_bits: [1]
desired_bits: [0]
message: 
sampled_bits: [1]
desired_bits: [0]
message: 
sampled_bits: [1]
desired_bits: [0]
message: 
sampled_bits: [1]
desired_bits: [0]
message: 
sampled_bits: [1]
desired_bits: [0]
message: 
sampled_bits: [1]
desired_bits: [0]
message: 
sampled_bits: [1]
desired_bits: [0]
message: 
sampled_bits: [1]
desired_bits: [0]
message: 
sampled_bits: [1]
desired_bits: [0]
message: 
sampled_bits: [1]
desired_bits: [0]
message: 
sampled_bits: [1]
desired_bits: [0]
message: 
sampled_bits: [1]
desired_bits: [0]
message: 
sampled_bits: [1]
desired_bits: [0]
message: 
sampled_bits: [1]
desired_bits: [0]
message: 
sampled_bits: [1]
desired_bits: [0]
message: 
sampled_bits: [1]
desired_bits: [0]
message: 
sampled_bits: [1]
desired_bits: [0]
message: 
sampled_bits: [1]
desired_bits: [0]
message: 
sampled_bits: [1]
desired_bits: [0]
message: 
sampled_bits: [1]
desired_bits: [0]
message: 
sampled_bits: [1]
desired_bits: [0]
message: 
sampled_bits: [1]
desired_bits: [0]
message: 
sampled_bits: [1]
desired_bits: [0]
message: 
sampled_bits: [1]
desired_bits: [0]
message: 
sampled_bits: [1]
desired_bits: [0]
message: 
sampled_bits: [1]
desired_bits: [0]
message: 
sampled_bits: [1]
desired_bits: [0]
message: 
sampled_bits: [1]
desired_bits: [0]
message: 
sampled_bits: [1]
desired_bits: [0]
message: 
sampled_bits: [1]
desired_bits: [0]
message: 
sampled_bits: [1]
desired_bits: [0]
message: 
sampled_bits: [1]
desired_bits: [0]
message: 
sampled_bits: [1]
desired_bits: [0]
message: 
sampled_bits: [1]
desired_bits: [0]
message: 
sampled_bits: [1]
desired_bits: [0]
message: 
sampled_bits: [1]
desired_bits: [0]
message: 
sampled_bits: [1]
desired_bits: [0]
message: 
sampled_bits: [1]
desired_bits: [0]
message: 
sampled_bits: [1]
desired_bits: [0]
message: 
sampled_bits: [1]
desired_bits: [0]
message: 
sampled_bits: [1]
desired_bits: [0]
message: 
sampled_bits: [1]
desired_bits: [0]
message: 
sampled_bits: [1]
desired_bits: [0]
message: 
sampled_bits: [1]
desired_bits: [0]
message: 
sampled_bits: [1]
desired_bits: [0]
message: 
sampled_bits: [1]
desired_bits: [0]
message: 
sampled_bits: [1]
desired_bits: [0]
message: 
sampled_bits: [1]
desired_bits: [0]
message: 
sampled_bits: [1]
desired_bits: [0]
message: 
sampled_bits: [1]
desired_bits: [0]
message: 
sampled_bits: [1]
desired_bits: [0]
message: 
sampled_bits: [1]
desired_bits: [0]
message: 
sampled_bits: [1]
desired_bits: [0]
message: 
sampled_bits: [1]
desired_bits: [0]
message: 
sampled_bits: [1]
desired_bits: [0]
message: 
sampled_bits: [1]
desired_bits: [0]
message: 
sampled_bits: [1]
desired_bits: [0]
message: 
sampled_bits: [1]
desired_bits: [0]
message: 
sampled_bits: [1]
desired_bits: [0]
message: 
sampled_bits: [1]
desired_bits: [0]
message: 
sampled_bits: [1]
desired_bits: [0]
message: 
sampled_bits: [1]
desired_bits: [0]
message: 
sampled_bits: [1]
desired_bits: [0]
message: 
sampled_bits: [1]
desired_bits: [0]
message: 
sampled_bits: [1]
desired_bits: [0]
message: 
sampled_bits: [1]
desired_bits: [0]
message: 
sampled_bits: [1]
desired_bits: [0]
message: 
sampled_bits: [1]
desired_bits: [0]
message: 
sampled_bits: [1]
desired_bits: [0]
message: 
sampled_bits: [1]
desired_bits: [0]
message: 
sampled_bits: [1]
desired_bits: [0]
message: 
sampled_bits: [1]
desired_bits: [0]
message: 
sampled_bits: [1]
desired_bits: [0]
message: 
sampled_bits: [1]
desired_bits: [0]
message: 
sampled_bits: [1]
desired_bits: [0]
message: 
sampled_bits: [1]
desired_bits: [0]
message: 
sampled_bits: [1]
desired_bits: [0]
message: 
sampled_bits: [1]
desired_bits: [0]
message: 
sampled_bits: [1]
desired_bits: [0]
message: 
sampled_bits: [1]
desired_bits: [0]
message: 
sampled_bits: [1]
desired_bits: [0]
message: 
sampled_bits: [1]
desired_bits: [0]
message: 
sampled_bits: [1]
desired_bits: [0]
message: 
sampled_bits: [1]
desired_bits: [0]
message: 
sampled_bits: [1]
desired_bits: [0]
message: 
sampled_bits: [1]
desired_bits: [0]
message: 
sampled_bits: [1]
desired_bits: [0]
message: 
sampled_bits: [1]
desired_bits: [0]
message: 
sampled_bits: [1]
desired_bits: [0]
message: 
sampled_bits: [1]
desired_bits: [0]
message: 
sampled_bits: [1]
desired_bits: [0]
message: 
sampled_bits: [1]
desired_bits: [0]
message: 
sampled_bits: [1]
desired_bits: [0]
message: 
sampled_bits: [1]
desired_bits: [0]
message: 
sampled_bits: [1]
desired_bits: [0]
message: 
sampled_bits: [1]
desired_bits: [0]
message: 
sampled_bits: [1]
desired_bits: [0]
message: 
sampled_bits: [1]
desired_bits: [0]
message: 
sampled_bits: [1]
desired_bits: [0]
message: 
sampled_bits: [1]
desired_bits: [0]
message: 
sampled_bits: [1]
desired_bits: [0]
message: 
sampled_bits: [1]
desired_bits: [0]
message: 
sampled_bits: [1]
desired_bits: [0]
message: 
sampled_bits: [1]
desired_bits: [0]
message: 
sampled_bits: [1]
desired_bits: [0]
message: 
sampled_bits: [1]
desired_bits: [0]
message: 
sampled_bits: [1]
desired_bits: [0]
message: 
sampled_bits: [1]
desired_bits: [0]
message: 
sampled_bits: [1]
desired_bits: [0]
message: 
sampled_bits: [1]
desired_bits: [0]
message: 
sampled_bits: [1]
desired_bits: [0]
message: 
sampled_bits: [1]
desired_bits: [0]
message: 
sampled_bits: [1]
desired_bits: [0]
message: 
sampled_bits: [1]
desired_bits: [0]
message: 
sampled_bits: [1]
desired_bits: [0]
message: 
sampled_bits: [1]
desired_bits: [0]
message: 
sampled_bits: [1]
desired_bits: [0]
message: 
sampled_bits: [1]
desired_bits: [0]
message: 
sampled_bits: [1]
desired_bits: [0]
message: 
sampled_bits: [1]
desired_bits: [0]
message: 
sampled_bits: [1]
desired_bits: [0]
message: y
sampled_bits: [1]
desired_bits: [0]
message: 
sampled_bits: [1]
desired_bits: [0]
message: 
sampled_bits: [1]
desired_bits: [0]
message: 
sampled_bits: [1]
desired_bits: [0]
message: 
sampled_bits: [1]
desired_bits: [0]
message: 
sampled_bits: [1]
desired_bits: [0]
message: 
sampled_bits: [1]
desired_bits: [0]
message: 
sampled_bits: [1]
desired_bits: [0]
message: 
sampled_bits: [1]
desired_bits: [0]
message: 
sampled_bits: [1]
desired_bits: [0]
message: 
sampled_bits: [1]
desired_bits: [0]
message: 
sampled_bits: [1]
desired_bits: [0]
message: 
sampled_bits: [1]
desired_bits: [0]
message: 
sampled_bits: [1]
desired_bits: [0]
message: 
sampled_bits: [1]
desired_bits: [0]
message: 
sampled_bits: [1]
desired_bits: [0]
message: 
sampled_bits: [1]
desired_bits: [0]
message: 
sampled_bits: [1]
desired_bits: [0]
message: 
sampled_bits: [1]
desired_bits: [0]
message: 
sampled_bits: [1]
desired_bits: [0]
message: 
sampled_bits: [1]
desired_bits: [0]
message: 
sampled_bits: [1]
desired_bits: [0]
message: 
sampled_bits: [1]
desired_bits: [0]
message: 
sampled_bits: [1]
desired_bits: [0]
message: 
sampled_bits: [1]
desired_bits: [0]
message: 
sampled_bits: [1]
desired_bits: [0]
message: 
sampled_bits: [1]
desired_bits: [0]
message: 
sampled_bits: [1]
desired_bits: [0]
message: 
sampled_bits: [1]
desired_bits: [0]
message: 
sampled_bits: [1]
desired_bits: [0]
message: 
sampled_bits: [1]
desired_bits: [0]
message: 
sampled_bits: [1]
desired_bits: [0]
message: 
sampled_bits: [1]
desired_bits: [0]
message: 
sampled_bits: [1]
desired_bits: [0]
message: 
sampled_bits: [1]
desired_bits: [0]
message: 
sampled_bits: [1]
desired_bits: [0]
message: 
sampled_bits: [1]
desired_bits: [0]
message: 
sampled_bits: [1]
desired_bits: [0]
message: 
sampled_bits: [1]
desired_bits: [0]
message: 
sampled_bits: [1]
desired_bits: [0]
message: 
sampled_bits: [1]
desired_bits: [0]
message: 
sampled_bits: [1]
desired_bits: [0]
message: 
sampled_bits: [1]
desired_bits: [0]
message: 
sampled_bits: [1]
desired_bits: [0]
message: 
sampled_bits: [1]
desired_bits: [0]
message: 
sampled_bits: [1]
desired_bits: [0]
message: 
sampled_bits: [1]
desired_bits: [0]
message: 
sampled_bits: [1]
desired_bits: [0]
message: 
sampled_bits: [1]
desired_bits: [0]
message: 
sampled_bits: [1]
desired_bits: [0]
message: 
sampled_bits: [1]
desired_bits: [0]
message: 
sampled_bits: [1]
desired_bits: [0]
message: 
sampled_bits: [1]
desired_bits: [0]
message: 
sampled_bits: [1]
desired_bits: [0]
message: 
sampled_bits: [1]
desired_bits: [0]
message: 
sampled_bits: [1]
desired_bits: [0]
message: 
sampled_bits: [1]
desired_bits: [0]
message: 
sampled_bits: [1]
desired_bits: [0]
message: 
sampled_bits: [1]
desired_bits: [0]
message: 
sampled_bits: [1]
desired_bits: [0]
message: 
sampled_bits: [1]
desired_bits: [0]
message: 
sampled_bits: [1]
desired_bits: [0]
message: 
sampled_bits: [1]
desired_bits: [0]
message: 
sampled_bits: [1]
desired_bits: [0]
message: 
sampled_bits: [1]
desired_bits: [0]
message: 
sampled_bits: [1]
desired_bits: [0]
message: 
sampled_bits: [1]
desired_bits: [0]
message: 
sampled_bits: [1]
desired_bits: [0]
message: 
sampled_bits: [1]
desired_bits: [0]
message: 
sampled_bits: [1]
desired_bits: [0]
message: 
sampled_bits: [1]
desired_bits: [0]
message: 
sampled_bits: [1]
desired_bits: [0]
message: 
sampled_bits: [1]
desired_bits: [0]
message: 
sampled_bits: [1]
desired_bits: [0]
message: 
sampled_bits: [1]
desired_bits: [0]
message: 
sampled_bits: [1]
desired_bits: [0]
message: 
sampled_bits: [1]
desired_bits: [0]
message: 
sampled_bits: [1]
desired_bits: [0]
message: 
sampled_bits: [1]
desired_bits: [0]
message: 
sampled_bits: [1]
desired_bits: [0]
message: 
sampled_bits: [1]
desired_bits: [0]
message: 
sampled_bits: [1]
desired_bits: [0]
message: 
sampled_bits: [1]
desired_bits: [0]
message: 
sampled_bits: [1]
desired_bits: [0]
message: 
sampled_bits: [1]
desired_bits: [0]
message: 
sampled_bits: [1]
desired_bits: [0]
message: 
sampled_bits: [1]