Traceback (most recent call last):
  File "/home/mumu/projects/robust_steganography_modify/embeddings/examples/example.py", line 9, in <module>
    from robust_steganography.core.steg_system import StegSystem
  File "/home/mumu/projects/robust_steganography/embeddings/src/robust_steganography/__init__.py", line 6, in <module>
    from .core.steg_system import StegSystem
  File "/home/mumu/projects/robust_steganography/embeddings/src/robust_steganography/core/__init__.py", line 8, in <module>
    from .steg_system import StegSystem
  File "/home/mumu/projects/robust_steganography/embeddings/src/robust_steganography/core/steg_system.py", line 6, in <module>
    from ..utils.steg import encode
  File "/home/mumu/projects/robust_steganography/embeddings/src/robust_steganography/utils/__init__.py", line 5, in <module>
    from .steg import encode
  File "/home/mumu/projects/robust_steganography/embeddings/src/robust_steganography/utils/steg.py", line 4, in <module>
    from .new_text import generate_response
  File "/home/mumu/projects/robust_steganography/embeddings/src/robust_steganography/utils/new_text.py", line 6, in <module>
    from watermark.models.gpt2 import GPT2Model
  File "/home/mumu/projects/robust_steganography/watermarks/src/watermark/__init__.py", line 15, in <module>
    from .attacks import SynonymAttack, NGramShuffleAttack, ParaphraseAttack
  File "/home/mumu/projects/robust_steganography/watermarks/src/watermark/attacks/__init__.py", line 1, in <module>
    from .synonym import SynonymAttack
  File "/home/mumu/projects/robust_steganography/watermarks/src/watermark/attacks/synonym.py", line 3, in <module>
    from textattack.augmentation import Augmenter
ModuleNotFoundError: No module named 'textattack'
