textattack: Updating TextAttack package dependencies.
textattack: Downloading NLTK required packages.
[nltk_data] Downloading package averaged_perceptron_tagger to
[nltk_data]     /home/mumu/nltk_data...
[nltk_data]   Package averaged_perceptron_tagger is already up-to-
[nltk_data]       date!
[nltk_data] Downloading package stopwords to /home/mumu/nltk_data...
[nltk_data]   Package stopwords is already up-to-date!
[nltk_data] Downloading package omw to /home/mumu/nltk_data...
[nltk_data] Downloading package universal_tagset to
[nltk_data]     /home/mumu/nltk_data...
[nltk_data]   Unzipping taggers/universal_tagset.zip.
[nltk_data] Downloading package wordnet to /home/mumu/nltk_data...
[nltk_data] Downloading package punkt to /home/mumu/nltk_data...
[nltk_data]   Unzipping tokenizers/punkt.zip.
/home/mumu/projects/venv/lib/python3.12/site-packages/jieba/_compat.py:18: UserWarning: pkg_resources is deprecated as an API. See https://setuptools.pypa.io/en/latest/pkg_resources.html. The pkg_resources package is slated for removal as early as 2025-11-30. Refrain from using this package or pin to Setuptools<81.
  import pkg_resources
Token indices sequence length is longer than the specified maximum sequence length for this model (1026 > 1024). Running this sequence through the model will result in indexing errors
Loading local GPT-2 model (gpt2)...
message: Email me.
___________
Now that's pretty neat, isn't it?<|endoftext|>Reaching 93% platinum takes much more effort than reaching 83-94%. The Meteorally Security Interface (MOUNT) levels will be updated weekly, with 80
sampled_bits: [0]
desired_bits: [0]
message: th progress miniscule when compared to when using remaining demands to access the forum. Exceptio has released requirements (individually, for example) that require a dexterity saving throw (rounded down) from 300 to $2.00 and a future requirement
sampled_bits: [1]
desired_bits: [0]
message: -90 days of doopage as a feature. Tier 95F guns can be purchased from misleaders.Those gear should be ready to go and be wearable item within a few days. 0.2.0 Louden Up Canstill ★ K
sampled_bits: [0]
desired_bits: [0]
message: uxros chittering storm ✓ 65x reach to 70-70%, or 50-50, reach at setup creeper 10x reach to 70-70% NSRank‡ Luckykins|Angel railed off HP face down
sampled_bits: [0]
desired_bits: [0]
message: while buying 14dam super coolai 9x both is up against goal effect at any level

The LEX strikes down with lightning strikes, acidic nanoattacks, 2h buffs for back condition, and simple 24 targets suffering ~30% rage
sampled_bits: [0]
desired_bits: [0]
message: -resistance.: AI score is dropped by 40, kills game by 9, kills D1 3-18 per limit: 9 comp., kills D2 18 per/if: die. 42h after 0.1.3% successful base
sampled_bits: [1]
desired_bits: [0]
message: for 35mins. The W-->W interval increases to 10h from 12h minimum.[Image by  Gust]. The back condition buffs a dodge

elemental reaction 50x reliability

Detonate attack 2585x critical strikes
sampled_bits: [0]
desired_bits: [0]
message: community 84 twists "Simply crafted is better than confusion or enchantment manipulation but must be crafted in drawn to find a sky "

with open skymode mode farming toxic graveyards, skeletons or

golems. Custom effects can all be put
sampled_bits: [1]
desired_bits: [0]
message: Aura AoE weapon effect

Malicious Head Lasers makes the initial AE impossible to spot

Puncture Make greedy

should take a full 55sec


Item recharge. --> ---------------- FROMODOREhttp://agoc.
sampled_bits: [0]
desired_bits: [0]
message: raconus.net/zionualdory6/,781

w/ Fixes/bans for Afghan 0.2.3Messy○

but also nice rewards will follow.

+1 push charges (V
sampled_bits: [0]
desired_bits: [0]
message: oltage),+10 count of-weapon charges (Universal lance refreshes,+ basic regen),+inflict minor light and heat damage for one minute,+dam no more on recharged tanks(Gear),+exhaustion change
sampled_bits: [0]
desired_bits: [0]
message: to max 50%,streak damage increased,4-(carried to Fair Isle as platinum upgrade), extremely high-enchant rank.

It's rewards fixed for "C" tier builds. (and four different builds with this given list).
sampled_bits: [1]
desired_bits: [0]
message: when gets charged (ecr retake),+resistance sour for onesec,base abilities reset at one:10:00(4)Calcitron Gale + Hail + Flail hit 1 6 * 13 SUPREME + 3000 souls
sampled_bits: [1]
desired_bits: [0]
message: with +vrbug:(+) on-+resumption of tank rotation If noticing the in inshing location????

+1 fire passive added attire boost

and equip it BEFORE everyone is.

 *appears in upgrade screens
sampled_bits: [0]
desired_bits: [0]
message: *shows wall

left to right battery percentage (i.e. normal ring Diamondnodes) on-,

ing,+2 stats modifier onRing with+1 in- and+1 out-heat run, (quickness with
sampled_bits: [1]
desired_bits: [0]
message: createdpace, on later games[Formula](Binata, Liboule, and Tamaris prefix) unlocked throughgame ladder as mastermode, Extra directory in 99.92% radius instant level Once viewed dash or mudstug wipe super
sampled_bits: [1]
desired_bits: [0]
message: .

---------


Picked 850 tradesx 10dris each'll attract AOE

140x,781 STANDARD LIANA 30204

chaos damage go up almost asfall to a lot more envrynt sor
sampled_bits: [0]
desired_bits: [0]
message: pée before flashing Stardust at defend re fire drops to forever o level

revive high seeds

walk directly all down to occur then heal the only defenders alive.

Adaptary Consibility buffres all for next lvl
sampled_bits: [1]
desired_bits: [0]
message: arous ladies like Kergy

Frosted Scout kills Nazis with good bite. https://www.telegraph.co.uk/conspirouch/facts-in-mobile-crash-on-th0941075
sampled_bits: [1]
desired_bits: [0]
message: rakexplocals is longer duration

90visibility onate green mages

Oil Royalit prize fight surrender 100 lump of dustLifestealKangoiseXWatchoutCommandozoQuichazaArnoldKarlJasonAlia
sampled_bits: [0]
desired_bits: [0]
message: Vik SVGPikeekJoshLeBronFord 2pboo interpolateBannedReflect\"Sri McDohertyyChemahoulLownd | Sor Smoke a str9x from enemyline''. __________________<|endoftext|>"Quick Paint
sampled_bits: [0]
desired_bits: [0]
message: Spray Tip" Introduction This easy and versatile new-use scrub tip, sold separately, has a perfect consistency, but it is not recommended for use when masturbation. It seems meant to help blood vessels replenish as needed and absorb excess urine. Modifying
sampled_bits: [0]
desired_bits: [0]
message: the formula and changing the color, you can change the color of almost any nail polish and prevent the clots that broke through into the gushing tops of your scissors. It's brilliant on yourself or you usually suffocate, but in a few hours
sampled_bits: [1]
desired_bits: [0]
message: your userbook through the brush alone might relieve some of your water loss in an A.R.E.Zone. This fly thing doesn't need to be the only thing...what comes next, is handwriting! If u can see a peach in
sampled_bits: [1]
desired_bits: [0]
message: an ordinary product will make these naturally penetrate, stimulate and help replenish your bodies fillingothalamus when lubricated. Purify patient urine with the recommended amount of cleansing hydrochloric acid and deodorant items, and allow your urethral contents
sampled_bits: [0]
desired_bits: [0]
message: to cool while you rinse the shaven out. If so, remove the own potassium channel and pH of the occasional count done by a puddle layer put on a large glass lid again! The ascorbic acid, chlorpyrifos
sampled_bits: [1]
desired_bits: [0]
message: to hydrate and you to gently glaze your thumbs, testicles and vagina in this essential ground tea pan filled with warm world's most fragrant and gentle water. Potent suck has been to popular trend in the erotic culture for decades and
sampled_bits: [0]
desired_bits: [0]
message: this product about this luscious man from Soho our amazing study abroad Celebration Lab The Witch Ark sees purification, starved gut have been declared scarce entries of the image field in the theme Both those wishing to converse in bras, or women god
sampled_bits: [0]
desired_bits: [0]
message: led within courgate and the company's Amateur Physist Shell Excellence feature the Latest New-Years Forms Bathshots and Pound Compounds Popular Beauty Scrub Tips Waterback Setting Pump Bath Pump Contact Krysten Fine Size 2* Hot Skin Towel Mary Kay
sampled_bits: [0]
desired_bits: [0]
message: fresh to the bone is the Jackson's, Wet & Cold Cleansing Cleansing Cleanser*. False teeth? No problem, the Chase tells you straight up what's wrong n don't tell the wrong girls! Retired high
sampled_bits: [0]
desired_bits: [0]
message: quality makeup creams face, but this won't look respond to lifeless pans water dipping in the air dripping wet then rubbed lightly on the desired area apply a few dry powder mixes and join your "credulous" 6 pH compositions to the hair
sampled_bits: [1]
desired_bits: [0]
message: school modelling wiley Triphane voliion Bluefill Coma's illustrious look not that long ago in Arms viciousAma EMill Blocker Blazer Nausea For Exhibition the Premier coupling Coldsmoke three new standalone
new ball
sampled_bits: [0]
desired_bits: [0]
message: lebrating in full diameter puddle Skewered faith, honesty
Q&A Resources Tail Set Reaches Well Known Applicants Oil Jinders Available,
refined from MVP Sals Exmail Instructions Music Pantages
sampled_bits: [0]
desired_bits: [0]
message: 
sampled_bits: [0]
desired_bits: [0]
message: testation Romance Pu-writing