The following was run with these parameters:
m = [1]
l = len(m)
keys = [b'\0' * 32]
h = ['Hey! Want to get coffee? ', 'Would Friday work for you?']
c = 5
delta = 0.01

It's a long text (300 tokens) and there is no successful watermark.

So there may be another bug in the code.

~~~~~~~~~~~~~~~~~~~~~~~~~~~~~~

Tokens match:  True
-------------------
Hey! Want to get coffee? Would Friday work for you?


New File Format: COLOR BRIGHT Tigers and Bees!New File Format: If this issue is not working as expected journal entries are shown in the longest format FileName: referring to an output file ['index.txt'], unsubscribe to the 'donate' communications emailed to you today.<|endoftext|>NSW MPs embroiled in scandal from IRS raid reviewing suspicious income may now get an-other tax cut

Updated

A number of senior members of the House of Representatives have received financial benefits via the federal tax agency, expanding the renewables tax to include uses like buying petrol, knickknacks, heating and cleaning:

Newly appointed foreign affairs and trade spokesman Malcolm Roberts of Queensland got $700 loaned to his Mt Gambier electorate townhouse by the Australian Taxation Office before Australia's Senate was dissolved across a fiscal storm. Others beneficiaries have included Ms Gillard's spokesman, Rob Torres of West Australians, and Francis Pegasus, of St Lucia.

Blues MP Ian Keats alludes to a project that feels oddly contemporary. The ALP vice-president and finance minister got dollars from overseas to rent a room outside his parliamentary office and back to the state in order to cover the cost of an entry hunting within his electorate. Rip Squirrel, the yarn industry adviser contracted to Mr Keats Real Estate Guys, got much of his income through motor rights holdings he oversaw, mostly in Tasmania, South Australia and Manly. Mr Keats conducted lively City Week with former
[153]
300 153
0.3464101615137754
False
Token match:  1